<?xml version="1.0" encoding="utf-8"?>
<!DOCTYPE coverage SYSTEM "http://cobertura.sourceforge.net/xml/coverage-04.dtd">
<coverage line-rate="0.761792452830189" branch-rate="0.433333333333333" lines-covered="323" lines-valid="424" branches-covered="13" branches-valid="30" complexity="69" version="0" timestamp="1671124386">
  <sources>
    <source>C:\</source>
  </sources>
  <packages>
    <package name="HcmMemberSearch" line-rate="0.609958506224066" branch-rate="0.433333333333333" complexity="55">
      <classes>
        <class name="HcmMemberSearch.Controllers.MemberSearch" filename="C:\HCM\HcmMemberSearch\HcmMemberSearch\Controllers\MemberSearch.cs" line-rate="0.808695652173913" branch-rate="0.8125" complexity="15">
          <methods>
            <method name=".ctor" signature="(...)" line-rate="1" branch-rate="1" complexity="1">
              <lines>
                <line number="20" hits="16" branch="false" />
                <line number="21" hits="16" branch="false" />
                <line number="22" hits="16" branch="false" />
                <line number="23" hits="16" branch="false" />
                <line number="24" hits="16" branch="false" />
                <line number="25" hits="16" branch="false" />
                <line number="26" hits="16" branch="false" />
              </lines>
            </method>
            <method name="GetMemberByClaimId" signature="()" line-rate="1" branch-rate="1" complexity="2">
              <lines>
                <line number="121" hits="4" branch="false" />
                <line number="122" hits="4" branch="false" />
                <line number="124" hits="4" branch="false" />
                <line number="126" hits="4" branch="false" />
                <line number="128" hits="12" branch="false" />
                <line number="129" hits="4" branch="true" condition-coverage="100% (2/2)" />
                <line number="130" hits="2" branch="false" />
                <line number="131" hits="2" branch="false" />
                <line number="132" hits="2" branch="false" />
                <line number="133" hits="2" branch="false" />
                <line number="134" hits="2" branch="false" />
                <line number="135" hits="2" branch="false" />
                <line number="137" hits="2" branch="false" />
                <line number="139" hits="2" branch="false" />
                <line number="141" hits="2" branch="false" />
                <line number="143" hits="6" branch="false" />
                <line number="145" hits="2" branch="false" />
                <line number="146" hits="2" branch="false" />
                <line number="147" hits="2" branch="false" />
                <line number="148" hits="2" branch="false" />
                <line number="149" hits="18" branch="false" />
                <line number="150" hits="2" branch="false" />
                <line number="151" hits="2" branch="false" />
                <line number="152" hits="2" branch="false" />
              </lines>
            </method>
            <method name="GetMemberByMemberId" signature="()" line-rate="1" branch-rate="1" complexity="2">
              <lines>
                <line number="31" hits="4" branch="false" />
                <line number="33" hits="4" branch="false" />
                <line number="35" hits="4" branch="false" />
                <line number="37" hits="4" branch="false" />
                <line number="39" hits="12" branch="false" />
                <line number="40" hits="4" branch="true" condition-coverage="100% (2/2)" />
                <line number="41" hits="2" branch="false" />
                <line number="42" hits="2" branch="false" />
                <line number="43" hits="2" branch="false" />
                <line number="44" hits="2" branch="false" />
                <line number="45" hits="2" branch="false" />
                <line number="46" hits="2" branch="false" />
                <line number="48" hits="2" branch="false" />
                <line number="49" hits="2" branch="false" />
                <line number="50" hits="2" branch="false" />
                <line number="51" hits="2" branch="false" />
                <line number="52" hits="12" branch="false" />
                <line number="53" hits="2" branch="false" />
                <line number="54" hits="2" branch="false" />
                <line number="55" hits="2" branch="false" />
              </lines>
            </method>
            <method name="GetMemberByUserName" signature="()" line-rate="0" branch-rate="0" complexity="2">
              <lines>
                <line number="92" hits="0" branch="false" />
                <line number="94" hits="0" branch="false" />
                <line number="96" hits="0" branch="false" />
                <line number="98" hits="0" branch="false" />
                <line number="100" hits="0" branch="false" />
                <line number="101" hits="0" branch="true" condition-coverage="0% (0/2)" />
                <line number="102" hits="0" branch="false" />
                <line number="103" hits="0" branch="false" />
                <line number="104" hits="0" branch="false" />
                <line number="105" hits="0" branch="false" />
                <line number="106" hits="0" branch="false" />
                <line number="107" hits="0" branch="false" />
                <line number="109" hits="0" branch="false" />
                <line number="110" hits="0" branch="false" />
                <line number="111" hits="0" branch="false" />
                <line number="112" hits="0" branch="false" />
                <line number="113" hits="0" branch="false" />
                <line number="114" hits="0" branch="false" />
                <line number="115" hits="0" branch="false" />
                <line number="116" hits="0" branch="false" />
              </lines>
            </method>
            <method name="GetMembersByPhysicianName" signature="()" line-rate="0.9" branch-rate="0.75" complexity="4">
              <lines>
                <line number="158" hits="4" branch="false" />
                <line number="159" hits="4" branch="false" />
                <line number="161" hits="4" branch="false" />
                <line number="162" hits="4" branch="false" />
                <line number="164" hits="4" branch="false" />
                <line number="166" hits="4" branch="false" />
                <line number="167" hits="4" branch="false" />
                <line number="169" hits="4" branch="false" />
                <line number="171" hits="36" branch="false" />
                <line number="173" hits="2" branch="false" />
                <line number="175" hits="6" branch="false" />
                <line number="176" hits="2" branch="true" condition-coverage="50% (1/2)" />
                <line number="177" hits="0" branch="false" />
                <line number="178" hits="0" branch="false" />
                <line number="180" hits="10" branch="true" condition-coverage="100% (2/2)" />
                <line number="181" hits="2" branch="false" />
                <line number="182" hits="2" branch="false" />
                <line number="183" hits="2" branch="false" />
                <line number="184" hits="2" branch="false" />
                <line number="185" hits="2" branch="false" />
              </lines>
            </method>
            <method name="GetMembersFirstNameAndLastName" signature="()" line-rate="1" branch-rate="1" complexity="4">
              <lines>
                <line number="60" hits="4" branch="false" />
                <line number="61" hits="4" branch="false" />
                <line number="63" hits="4" branch="false" />
                <line number="65" hits="4" branch="false" />
                <line number="67" hits="12" branch="true" condition-coverage="100% (2/2)" />
                <line number="68" hits="4" branch="true" condition-coverage="100% (2/2)" />
                <line number="69" hits="2" branch="false" />
                <line number="70" hits="2" branch="false" />
                <line number="71" hits="2" branch="false" />
                <line number="72" hits="2" branch="false" />
                <line number="73" hits="2" branch="false" />
                <line number="74" hits="2" branch="false" />
                <line number="75" hits="2" branch="false" />
                <line number="77" hits="2" branch="false" />
                <line number="78" hits="2" branch="false" />
                <line number="79" hits="2" branch="false" />
                <line number="80" hits="2" branch="false" />
                <line number="81" hits="10" branch="true" condition-coverage="100% (2/2)" />
                <line number="82" hits="2" branch="false" />
                <line number="83" hits="12" branch="false" />
                <line number="84" hits="2" branch="false" />
                <line number="85" hits="2" branch="false" />
                <line number="86" hits="2" branch="false" />
                <line number="87" hits="2" branch="false" />
              </lines>
            </method>
          </methods>
          <lines>
            <line number="20" hits="16" branch="false" />
            <line number="21" hits="16" branch="false" />
            <line number="22" hits="16" branch="false" />
            <line number="23" hits="16" branch="false" />
            <line number="24" hits="16" branch="false" />
            <line number="25" hits="16" branch="false" />
            <line number="26" hits="16" branch="false" />
            <line number="31" hits="4" branch="false" />
            <line number="33" hits="4" branch="false" />
            <line number="35" hits="4" branch="false" />
            <line number="37" hits="4" branch="false" />
            <line number="39" hits="12" branch="false" />
            <line number="40" hits="4" branch="true" condition-coverage="100% (2/2)" />
            <line number="41" hits="2" branch="false" />
            <line number="42" hits="2" branch="false" />
            <line number="43" hits="2" branch="false" />
            <line number="44" hits="2" branch="false" />
            <line number="45" hits="2" branch="false" />
            <line number="46" hits="2" branch="false" />
            <line number="48" hits="2" branch="false" />
            <line number="49" hits="2" branch="false" />
            <line number="50" hits="2" branch="false" />
            <line number="51" hits="2" branch="false" />
            <line number="52" hits="12" branch="false" />
            <line number="53" hits="2" branch="false" />
            <line number="54" hits="2" branch="false" />
            <line number="55" hits="2" branch="false" />
            <line number="60" hits="4" branch="false" />
            <line number="61" hits="4" branch="false" />
            <line number="63" hits="4" branch="false" />
            <line number="65" hits="4" branch="false" />
            <line number="67" hits="12" branch="true" condition-coverage="100% (2/2)" />
            <line number="68" hits="4" branch="true" condition-coverage="100% (2/2)" />
            <line number="69" hits="2" branch="false" />
            <line number="70" hits="2" branch="false" />
            <line number="71" hits="2" branch="false" />
            <line number="72" hits="2" branch="false" />
            <line number="73" hits="2" branch="false" />
            <line number="74" hits="2" branch="false" />
            <line number="75" hits="2" branch="false" />
            <line number="77" hits="2" branch="false" />
            <line number="78" hits="2" branch="false" />
            <line number="79" hits="2" branch="false" />
            <line number="80" hits="2" branch="false" />
            <line number="81" hits="10" branch="true" condition-coverage="100% (2/2)" />
            <line number="82" hits="2" branch="false" />
            <line number="83" hits="12" branch="false" />
            <line number="84" hits="2" branch="false" />
            <line number="85" hits="2" branch="false" />
            <line number="86" hits="2" branch="false" />
            <line number="87" hits="2" branch="false" />
            <line number="92" hits="0" branch="false" />
            <line number="94" hits="0" branch="false" />
            <line number="96" hits="0" branch="false" />
            <line number="98" hits="0" branch="false" />
            <line number="100" hits="0" branch="false" />
            <line number="101" hits="0" branch="true" condition-coverage="0% (0/2)" />
            <line number="102" hits="0" branch="false" />
            <line number="103" hits="0" branch="false" />
            <line number="104" hits="0" branch="false" />
            <line number="105" hits="0" branch="false" />
            <line number="106" hits="0" branch="false" />
            <line number="107" hits="0" branch="false" />
            <line number="109" hits="0" branch="false" />
            <line number="110" hits="0" branch="false" />
            <line number="111" hits="0" branch="false" />
            <line number="112" hits="0" branch="false" />
            <line number="113" hits="0" branch="false" />
            <line number="114" hits="0" branch="false" />
            <line number="115" hits="0" branch="false" />
            <line number="116" hits="0" branch="false" />
            <line number="121" hits="4" branch="false" />
            <line number="122" hits="4" branch="false" />
            <line number="124" hits="4" branch="false" />
            <line number="126" hits="4" branch="false" />
            <line number="128" hits="12" branch="false" />
            <line number="129" hits="4" branch="true" condition-coverage="100% (2/2)" />
            <line number="130" hits="2" branch="false" />
            <line number="131" hits="2" branch="false" />
            <line number="132" hits="2" branch="false" />
            <line number="133" hits="2" branch="false" />
            <line number="134" hits="2" branch="false" />
            <line number="135" hits="2" branch="false" />
            <line number="137" hits="2" branch="false" />
            <line number="139" hits="2" branch="false" />
            <line number="141" hits="2" branch="false" />
            <line number="143" hits="6" branch="false" />
            <line number="145" hits="2" branch="false" />
            <line number="146" hits="2" branch="false" />
            <line number="147" hits="2" branch="false" />
            <line number="148" hits="2" branch="false" />
            <line number="149" hits="18" branch="false" />
            <line number="150" hits="2" branch="false" />
            <line number="151" hits="2" branch="false" />
            <line number="152" hits="2" branch="false" />
            <line number="158" hits="4" branch="false" />
            <line number="159" hits="4" branch="false" />
            <line number="161" hits="4" branch="false" />
            <line number="162" hits="4" branch="false" />
            <line number="164" hits="4" branch="false" />
            <line number="166" hits="4" branch="false" />
            <line number="167" hits="4" branch="false" />
            <line number="169" hits="4" branch="false" />
            <line number="171" hits="36" branch="false" />
            <line number="173" hits="2" branch="false" />
            <line number="175" hits="6" branch="false" />
            <line number="176" hits="2" branch="true" condition-coverage="50% (1/2)" />
            <line number="177" hits="0" branch="false" />
            <line number="178" hits="0" branch="false" />
            <line number="180" hits="10" branch="true" condition-coverage="100% (2/2)" />
            <line number="181" hits="2" branch="false" />
            <line number="182" hits="2" branch="false" />
            <line number="183" hits="2" branch="false" />
            <line number="184" hits="2" branch="false" />
            <line number="185" hits="2" branch="false" />
          </lines>
        </class>
        <class name="HcmMemberSearch.Helper.ClaimHelper" filename="C:\HCM\HcmMemberSearch\HcmMemberSearch\Helper\ClaimHelper.cs" line-rate="1" branch-rate="1" complexity="1">
          <methods>
            <method name="Initial" signature="()" line-rate="1" branch-rate="1" complexity="1">
              <lines>
                <line number="10" hits="1" branch="false" />
                <line number="11" hits="1" branch="false" />
                <line number="12" hits="1" branch="false" />
                <line number="13" hits="1" branch="false" />
                <line number="14" hits="1" branch="false" />
              </lines>
            </method>
          </methods>
          <lines>
            <line number="10" hits="1" branch="false" />
            <line number="11" hits="1" branch="false" />
            <line number="12" hits="1" branch="false" />
            <line number="13" hits="1" branch="false" />
            <line number="14" hits="1" branch="false" />
          </lines>
        </class>
        <class name="HcmMemberSearch.Helper.MemberHelper" filename="C:\HCM\HcmMemberSearch\HcmMemberSearch\Helper\MemberHelper.cs" line-rate="1" branch-rate="1" complexity="1">
          <methods>
            <method name="Initial" signature="()" line-rate="1" branch-rate="1" complexity="1">
              <lines>
                <line number="10" hits="2" branch="false" />
                <line number="11" hits="2" branch="false" />
                <line number="12" hits="2" branch="false" />
                <line number="13" hits="2" branch="false" />
                <line number="14" hits="2" branch="false" />
              </lines>
            </method>
          </methods>
          <lines>
            <line number="10" hits="2" branch="false" />
            <line number="11" hits="2" branch="false" />
            <line number="12" hits="2" branch="false" />
            <line number="13" hits="2" branch="false" />
            <line number="14" hits="2" branch="false" />
          </lines>
        </class>
        <class name="HcmMemberSearch.Modals.Claim" filename="C:\HCM\HcmMemberSearch\HcmMemberSearch\Modals\Claim.cs" line-rate="1" branch-rate="1" complexity="6">
          <methods>
            <method name="get_ClaimId" signature="()" line-rate="1" branch-rate="1" complexity="1">
              <lines>
                <line number="9" hits="40" branch="false" />
              </lines>
            </method>
            <method name="get_ClaimType" signature="()" line-rate="1" branch-rate="1" complexity="1">
              <lines>
                <line number="11" hits="32" branch="false" />
              </lines>
            </method>
            <method name="get_ClaimAmount" signature="()" line-rate="1" branch-rate="1" complexity="1">
              <lines>
                <line number="13" hits="32" branch="false" />
              </lines>
            </method>
            <method name="get_Remarks" signature="()" line-rate="1" branch-rate="1" complexity="1">
              <lines>
                <line number="16" hits="32" branch="false" />
              </lines>
            </method>
            <method name="get_ClaimDate" signature="()" line-rate="1" branch-rate="1" complexity="1">
              <lines>
                <line number="18" hits="32" branch="false" />
              </lines>
            </method>
            <method name="get_MemberId" signature="()" line-rate="1" branch-rate="1" complexity="1">
              <lines>
                <line number="20" hits="36" branch="false" />
              </lines>
            </method>
          </methods>
          <lines>
            <line number="9" hits="40" branch="false" />
            <line number="11" hits="32" branch="false" />
            <line number="13" hits="32" branch="false" />
            <line number="16" hits="32" branch="false" />
            <line number="18" hits="32" branch="false" />
            <line number="20" hits="36" branch="false" />
          </lines>
        </class>
        <class name="HcmMemberSearch.Modals.Member" filename="C:\HCM\HcmMemberSearch\HcmMemberSearch\Modals\Member.cs" line-rate="1" branch-rate="1" complexity="11">
          <methods>
            <method name="get_MemberId" signature="()" line-rate="1" branch-rate="1" complexity="1">
              <lines>
                <line number="10" hits="44" branch="false" />
              </lines>
            </method>
            <method name="get_FirstName" signature="()" line-rate="1" branch-rate="1" complexity="1">
              <lines>
                <line number="14" hits="40" branch="false" />
              </lines>
            </method>
            <method name="get_LastName" signature="()" line-rate="1" branch-rate="1" complexity="1">
              <lines>
                <line number="18" hits="34" branch="false" />
              </lines>
            </method>
            <method name="get_UserName" signature="()" line-rate="1" branch-rate="1" complexity="1">
              <lines>
                <line number="20" hits="32" branch="false" />
              </lines>
            </method>
            <method name="get_Address" signature="()" line-rate="1" branch-rate="1" complexity="1">
              <lines>
                <line number="23" hits="32" branch="false" />
              </lines>
            </method>
            <method name="get_State" signature="()" line-rate="1" branch-rate="1" complexity="1">
              <lines>
                <line number="25" hits="32" branch="false" />
              </lines>
            </method>
            <method name="get_City" signature="()" line-rate="1" branch-rate="1" complexity="1">
              <lines>
                <line number="27" hits="32" branch="false" />
              </lines>
            </method>
            <method name="get_Email" signature="()" line-rate="1" branch-rate="1" complexity="1">
              <lines>
                <line number="30" hits="32" branch="false" />
              </lines>
            </method>
            <method name="get_DateOfBirth" signature="()" line-rate="1" branch-rate="1" complexity="1">
              <lines>
                <line number="32" hits="32" branch="false" />
              </lines>
            </method>
            <method name="get_PhysicianId" signature="()" line-rate="1" branch-rate="1" complexity="1">
              <lines>
                <line number="34" hits="72" branch="false" />
              </lines>
            </method>
            <method name="get_PhysicianName" signature="()" line-rate="1" branch-rate="1" complexity="1">
              <lines>
                <line number="36" hits="8" branch="false" />
              </lines>
            </method>
          </methods>
          <lines>
            <line number="10" hits="44" branch="false" />
            <line number="14" hits="40" branch="false" />
            <line number="18" hits="34" branch="false" />
            <line number="20" hits="32" branch="false" />
            <line number="23" hits="32" branch="false" />
            <line number="25" hits="32" branch="false" />
            <line number="27" hits="32" branch="false" />
            <line number="30" hits="32" branch="false" />
            <line number="32" hits="32" branch="false" />
            <line number="34" hits="72" branch="false" />
            <line number="36" hits="8" branch="false" />
          </lines>
        </class>
        <class name="HcmMemberSearch.Modals.Physician" filename="C:\HCM\HcmMemberSearch\HcmMemberSearch\Modals\Physician.cs" line-rate="0.25" branch-rate="0" complexity="10">
          <methods>
            <method name="get_PhysicianId" signature="()" line-rate="1" branch-rate="1" complexity="1">
              <lines>
                <line number="5" hits="192" branch="false" />
              </lines>
            </method>
            <method name="get_PhysicianName" signature="()" line-rate="1" branch-rate="1" complexity="1">
              <lines>
                <line number="6" hits="192" branch="false" />
              </lines>
            </method>
            <method name="get_PhysicianState" signature="()" line-rate="1" branch-rate="1" complexity="1">
              <lines>
                <line number="7" hits="152" branch="false" />
              </lines>
            </method>
            <method name="Equals" signature="(...)" line-rate="0" branch-rate="0" complexity="6">
              <lines>
                <line number="9" hits="0" branch="false" />
                <line number="10" hits="0" branch="false" />
                <line number="11" hits="0" branch="true" condition-coverage="0% (0/2)" />
                <line number="12" hits="0" branch="false" />
                <line number="13" hits="0" branch="true" condition-coverage="0% (0/4)" />
                <line number="14" hits="0" branch="false" />
                <line number="15" hits="0" branch="false" />
              </lines>
            </method>
            <method name="GetHashCode" signature="()" line-rate="0" branch-rate="1" complexity="1">
              <lines>
                <line number="18" hits="0" branch="false" />
                <line number="19" hits="0" branch="false" />
              </lines>
            </method>
          </methods>
          <lines>
            <line number="5" hits="192" branch="false" />
            <line number="6" hits="192" branch="false" />
            <line number="7" hits="152" branch="false" />
            <line number="9" hits="0" branch="false" />
            <line number="10" hits="0" branch="false" />
            <line number="11" hits="0" branch="true" condition-coverage="0% (0/2)" />
            <line number="12" hits="0" branch="false" />
            <line number="13" hits="0" branch="true" condition-coverage="0% (0/4)" />
            <line number="14" hits="0" branch="false" />
            <line number="15" hits="0" branch="false" />
            <line number="18" hits="0" branch="false" />
            <line number="19" hits="0" branch="false" />
          </lines>
        </class>
        <class name="HcmMemberSearch.Provider.Claims" filename="C:\HCM\HcmMemberSearch\HcmMemberSearch\Provider\Claims.cs" line-rate="0.421052631578947" branch-rate="0" complexity="3">
          <methods>
            <method name=".ctor" signature="(...)" line-rate="1" branch-rate="1" complexity="1">
              <lines>
                <line number="14" hits="1" branch="false" />
                <line number="15" hits="1" branch="false" />
                <line number="16" hits="1" branch="false" />
                <line number="17" hits="1" branch="false" />
              </lines>
            </method>
            <method name="GetClaims" signature="()" line-rate="0.266666666666667" branch-rate="0" complexity="2">
              <lines>
                <line number="20" hits="1" branch="false" />
                <line number="21" hits="1" branch="false" />
                <line number="22" hits="1" branch="false" />
                <line number="23" hits="1" branch="false" />
                <line number="25" hits="0" branch="true" condition-coverage="0% (0/2)" />
                <line number="26" hits="0" branch="false" />
                <line number="27" hits="0" branch="false" />
                <line number="28" hits="0" branch="false" />
                <line number="29" hits="0" branch="false" />
                <line number="31" hits="0" branch="false" />
                <line number="32" hits="0" branch="false" />
                <line number="33" hits="0" branch="false" />
                <line number="34" hits="0" branch="false" />
                <line number="35" hits="0" branch="false" />
                <line number="36" hits="0" branch="false" />
              </lines>
            </method>
          </methods>
          <lines>
            <line number="14" hits="1" branch="false" />
            <line number="15" hits="1" branch="false" />
            <line number="16" hits="1" branch="false" />
            <line number="17" hits="1" branch="false" />
            <line number="20" hits="1" branch="false" />
            <line number="21" hits="1" branch="false" />
            <line number="22" hits="1" branch="false" />
            <line number="23" hits="1" branch="false" />
            <line number="25" hits="0" branch="true" condition-coverage="0% (0/2)" />
            <line number="26" hits="0" branch="false" />
            <line number="27" hits="0" branch="false" />
            <line number="28" hits="0" branch="false" />
            <line number="29" hits="0" branch="false" />
            <line number="31" hits="0" branch="false" />
            <line number="32" hits="0" branch="false" />
            <line number="33" hits="0" branch="false" />
            <line number="34" hits="0" branch="false" />
            <line number="35" hits="0" branch="false" />
            <line number="36" hits="0" branch="false" />
          </lines>
        </class>
        <class name="HcmMemberSearch.Provider.Members" filename="C:\HCM\HcmMemberSearch\HcmMemberSearch\Provider\Members.cs" line-rate="0.421052631578947" branch-rate="0" complexity="3">
          <methods>
            <method name=".ctor" signature="(...)" line-rate="1" branch-rate="1" complexity="1">
              <lines>
                <line number="13" hits="1" branch="false" />
                <line number="14" hits="1" branch="false" />
                <line number="15" hits="1" branch="false" />
                <line number="16" hits="1" branch="false" />
              </lines>
            </method>
            <method name="GetMembersAsync" signature="()" line-rate="0.266666666666667" branch-rate="0" complexity="2">
              <lines>
                <line number="19" hits="1" branch="false" />
                <line number="20" hits="1" branch="false" />
                <line number="21" hits="1" branch="false" />
                <line number="22" hits="1" branch="false" />
                <line number="24" hits="0" branch="true" condition-coverage="0% (0/2)" />
                <line number="25" hits="0" branch="false" />
                <line number="26" hits="0" branch="false" />
                <line number="27" hits="0" branch="false" />
                <line number="28" hits="0" branch="false" />
                <line number="30" hits="0" branch="false" />
                <line number="31" hits="0" branch="false" />
                <line number="32" hits="0" branch="false" />
                <line number="33" hits="0" branch="false" />
                <line number="34" hits="0" branch="false" />
                <line number="35" hits="0" branch="false" />
              </lines>
            </method>
          </methods>
          <lines>
            <line number="13" hits="1" branch="false" />
            <line number="14" hits="1" branch="false" />
            <line number="15" hits="1" branch="false" />
            <line number="16" hits="1" branch="false" />
            <line number="19" hits="1" branch="false" />
            <line number="20" hits="1" branch="false" />
            <line number="21" hits="1" branch="false" />
            <line number="22" hits="1" branch="false" />
            <line number="24" hits="0" branch="true" condition-coverage="0% (0/2)" />
            <line number="25" hits="0" branch="false" />
            <line number="26" hits="0" branch="false" />
            <line number="27" hits="0" branch="false" />
            <line number="28" hits="0" branch="false" />
            <line number="30" hits="0" branch="false" />
            <line number="31" hits="0" branch="false" />
            <line number="32" hits="0" branch="false" />
            <line number="33" hits="0" branch="false" />
            <line number="34" hits="0" branch="false" />
            <line number="35" hits="0" branch="false" />
          </lines>
        </class>
        <class name="HcmMemberSearch.Provider.Physicians" filename="C:\HCM\HcmMemberSearch\HcmMemberSearch\Provider\Physicians.cs" line-rate="0.421052631578947" branch-rate="0" complexity="3">
          <methods>
            <method name=".ctor" signature="(...)" line-rate="1" branch-rate="1" complexity="1">
              <lines>
                <line number="14" hits="3" branch="false" />
                <line number="15" hits="3" branch="false" />
                <line number="16" hits="3" branch="false" />
                <line number="17" hits="3" branch="false" />
              </lines>
            </method>
            <method name="GetPhysicians" signature="()" line-rate="0.266666666666667" branch-rate="0" complexity="2">
              <lines>
                <line number="20" hits="1" branch="false" />
                <line number="21" hits="1" branch="false" />
                <line number="22" hits="1" branch="false" />
                <line number="23" hits="1" branch="false" />
                <line number="25" hits="0" branch="true" condition-coverage="0% (0/2)" />
                <line number="26" hits="0" branch="false" />
                <line number="27" hits="0" branch="false" />
                <line number="28" hits="0" branch="false" />
                <line number="29" hits="0" branch="false" />
                <line number="31" hits="0" branch="false" />
                <line number="32" hits="0" branch="false" />
                <line number="33" hits="0" branch="false" />
                <line number="34" hits="0" branch="false" />
                <line number="35" hits="0" branch="false" />
                <line number="36" hits="0" branch="false" />
              </lines>
            </method>
          </methods>
          <lines>
            <line number="14" hits="3" branch="false" />
            <line number="15" hits="3" branch="false" />
            <line number="16" hits="3" branch="false" />
            <line number="17" hits="3" branch="false" />
            <line number="20" hits="1" branch="false" />
            <line number="21" hits="1" branch="false" />
            <line number="22" hits="1" branch="false" />
            <line number="23" hits="1" branch="false" />
            <line number="25" hits="0" branch="true" condition-coverage="0% (0/2)" />
            <line number="26" hits="0" branch="false" />
            <line number="27" hits="0" branch="false" />
            <line number="28" hits="0" branch="false" />
            <line number="29" hits="0" branch="false" />
            <line number="31" hits="0" branch="false" />
            <line number="32" hits="0" branch="false" />
            <line number="33" hits="0" branch="false" />
            <line number="34" hits="0" branch="false" />
            <line number="35" hits="0" branch="false" />
            <line number="36" hits="0" branch="false" />
          </lines>
        </class>
        <class name="Program" filename="C:\HCM\HcmMemberSearch\HcmMemberSearch\Program.cs" line-rate="0" branch-rate="0" complexity="2">
          <methods>
            <method name="&lt;Main&gt;$" signature="(...)" line-rate="0" branch-rate="0" complexity="2">
              <lines>
                <line number="7" hits="0" branch="false" />
                <line number="8" hits="0" branch="false" />
                <line number="9" hits="0" branch="false" />
                <line number="10" hits="0" branch="false" />
                <line number="14" hits="0" branch="false" />
                <line number="16" hits="0" branch="false" />
                <line number="17" hits="0" branch="false" />
                <line number="18" hits="0" branch="false" />
                <line number="19" hits="0" branch="false" />
                <line number="20" hits="0" branch="false" />
                <line number="21" hits="0" branch="false" />
                <line number="22" hits="0" branch="false" />
                <line number="23" hits="0" branch="false" />
                <line number="24" hits="0" branch="false" />
                <line number="25" hits="0" branch="false" />
                <line number="26" hits="0" branch="false" />
                <line number="27" hits="0" branch="false" />
                <line number="28" hits="0" branch="false" />
                <line number="29" hits="0" branch="false" />
                <line number="31" hits="0" branch="false" />
                <line number="34" hits="0" branch="true" condition-coverage="0% (0/2)" />
                <line number="35" hits="0" branch="false" />
                <line number="36" hits="0" branch="false" />
                <line number="37" hits="0" branch="false" />
                <line number="38" hits="0" branch="false" />
                <line number="39" hits="0" branch="false" />
                <line number="41" hits="0" branch="false" />
                <line number="43" hits="0" branch="false" />
                <line number="45" hits="0" branch="false" />
                <line number="47" hits="0" branch="false" />
              </lines>
            </method>
          </methods>
          <lines>
            <line number="7" hits="0" branch="false" />
            <line number="8" hits="0" branch="false" />
            <line number="9" hits="0" branch="false" />
            <line number="10" hits="0" branch="false" />
            <line number="14" hits="0" branch="false" />
            <line number="16" hits="0" branch="false" />
            <line number="17" hits="0" branch="false" />
            <line number="18" hits="0" branch="false" />
            <line number="19" hits="0" branch="false" />
            <line number="20" hits="0" branch="false" />
            <line number="21" hits="0" branch="false" />
            <line number="22" hits="0" branch="false" />
            <line number="23" hits="0" branch="false" />
            <line number="24" hits="0" branch="false" />
            <line number="25" hits="0" branch="false" />
            <line number="26" hits="0" branch="false" />
            <line number="27" hits="0" branch="false" />
            <line number="28" hits="0" branch="false" />
            <line number="29" hits="0" branch="false" />
            <line number="31" hits="0" branch="false" />
            <line number="34" hits="0" branch="true" condition-coverage="0% (0/2)" />
            <line number="35" hits="0" branch="false" />
            <line number="36" hits="0" branch="false" />
            <line number="37" hits="0" branch="false" />
            <line number="38" hits="0" branch="false" />
            <line number="39" hits="0" branch="false" />
            <line number="41" hits="0" branch="false" />
            <line number="43" hits="0" branch="false" />
            <line number="45" hits="0" branch="false" />
            <line number="47" hits="0" branch="false" />
          </lines>
        </class>
      </classes>
    </package>
    <package name="NUnitTests" line-rate="0.961748633879781" branch-rate="1" complexity="14">
      <classes>
        <class name="AutoGeneratedProgram" filename="C:\Users\2116067\.nuget\packages\microsoft.net.test.sdk\17.3.2\build\netcoreapp2.1\Microsoft.NET.Test.Sdk.Program.cs" line-rate="0" branch-rate="1" complexity="1">
          <methods>
            <method name="Main" signature="(...)" line-rate="0" branch-rate="1" complexity="1">
              <lines>
                <line number="4" hits="0" branch="false" />
              </lines>
            </method>
          </methods>
          <lines>
            <line number="4" hits="0" branch="false" />
          </lines>
        </class>
        <class name="NUnitTests.ControllerNUnitTests" filename="C:\HCM\HcmMemberSearch\ProviderNUnitTests\ControllerNUnitTests.cs" line-rate="1" branch-rate="1" complexity="9">
          <methods>
            <method name="Setup" signature="()" line-rate="1" branch-rate="1" complexity="1">
              <lines>
                <line number="29" hits="16" branch="false" />
                <line number="30" hits="16" branch="false" />
                <line number="31" hits="16" branch="false" />
                <line number="32" hits="16" branch="false" />
                <line number="33" hits="16" branch="false" />
                <line number="34" hits="16" branch="false" />
                <line number="35" hits="16" branch="false" />
                <line number="36" hits="16" branch="false" />
                <line number="37" hits="16" branch="false" />
                <line number="38" hits="16" branch="false" />
                <line number="39" hits="16" branch="false" />
                <line number="40" hits="16" branch="false" />
                <line number="41" hits="16" branch="false" />
                <line number="42" hits="16" branch="false" />
                <line number="43" hits="16" branch="false" />
                <line number="44" hits="16" branch="false" />
                <line number="45" hits="16" branch="false" />
                <line number="46" hits="16" branch="false" />
                <line number="47" hits="16" branch="false" />
                <line number="48" hits="16" branch="false" />
                <line number="49" hits="16" branch="false" />
                <line number="50" hits="16" branch="false" />
                <line number="51" hits="16" branch="false" />
                <line number="52" hits="16" branch="false" />
                <line number="53" hits="16" branch="false" />
                <line number="54" hits="16" branch="false" />
                <line number="55" hits="16" branch="false" />
                <line number="56" hits="16" branch="false" />
                <line number="57" hits="16" branch="false" />
                <line number="58" hits="16" branch="false" />
                <line number="59" hits="16" branch="false" />
                <line number="60" hits="16" branch="false" />
                <line number="61" hits="16" branch="false" />
                <line number="62" hits="16" branch="false" />
                <line number="63" hits="16" branch="false" />
                <line number="64" hits="16" branch="false" />
                <line number="65" hits="16" branch="false" />
                <line number="66" hits="16" branch="false" />
                <line number="67" hits="16" branch="false" />
                <line number="68" hits="16" branch="false" />
                <line number="69" hits="16" branch="false" />
                <line number="70" hits="16" branch="false" />
                <line number="71" hits="16" branch="false" />
                <line number="72" hits="16" branch="false" />
                <line number="73" hits="16" branch="false" />
                <line number="74" hits="16" branch="false" />
                <line number="75" hits="16" branch="false" />
              </lines>
            </method>
            <method name="GetMemberById_InputInvalidId_ReturnsNotFound" signature="(...)" line-rate="1" branch-rate="1" complexity="1">
              <lines>
                <line number="99" hits="2" branch="false" />
                <line number="100" hits="2" branch="false" />
                <line number="101" hits="2" branch="false" />
                <line number="102" hits="2" branch="false" />
                <line number="103" hits="2" branch="false" />
                <line number="104" hits="2" branch="false" />
                <line number="105" hits="2" branch="false" />
                <line number="107" hits="2" branch="false" />
                <line number="108" hits="2" branch="false" />
                <line number="109" hits="2" branch="false" />
                <line number="110" hits="4" branch="false" />
                <line number="111" hits="2" branch="false" />
                <line number="112" hits="2" branch="false" />
              </lines>
            </method>
            <method name="GetMember_InputFirstNameAndLastName_OutputNotFound" signature="(...)" line-rate="1" branch-rate="1" complexity="1">
              <lines>
                <line number="135" hits="2" branch="false" />
                <line number="136" hits="2" branch="false" />
                <line number="137" hits="2" branch="false" />
                <line number="138" hits="2" branch="false" />
                <line number="139" hits="2" branch="false" />
                <line number="140" hits="2" branch="false" />
                <line number="141" hits="2" branch="false" />
                <line number="143" hits="2" branch="false" />
                <line number="144" hits="2" branch="false" />
                <line number="145" hits="2" branch="false" />
                <line number="146" hits="4" branch="false" />
                <line number="147" hits="2" branch="false" />
                <line number="148" hits="2" branch="false" />
              </lines>
            </method>
            <method name="GetMember_InputClaimId_OutputNotFound" signature="(...)" line-rate="1" branch-rate="1" complexity="1">
              <lines>
                <line number="172" hits="2" branch="false" />
                <line number="173" hits="2" branch="false" />
                <line number="174" hits="2" branch="false" />
                <line number="175" hits="2" branch="false" />
                <line number="176" hits="2" branch="false" />
                <line number="177" hits="2" branch="false" />
                <line number="178" hits="2" branch="false" />
                <line number="179" hits="2" branch="false" />
                <line number="181" hits="2" branch="false" />
                <line number="182" hits="2" branch="false" />
                <line number="183" hits="2" branch="false" />
                <line number="184" hits="4" branch="false" />
                <line number="185" hits="2" branch="false" />
                <line number="186" hits="2" branch="false" />
              </lines>
            </method>
            <method name="GetMembers_InputPhysicianName_OutputNotFound" signature="(...)" line-rate="1" branch-rate="1" complexity="1">
              <lines>
                <line number="209" hits="2" branch="false" />
                <line number="210" hits="2" branch="false" />
                <line number="211" hits="2" branch="false" />
                <line number="212" hits="2" branch="false" />
                <line number="213" hits="2" branch="false" />
                <line number="214" hits="2" branch="false" />
                <line number="215" hits="2" branch="false" />
                <line number="217" hits="2" branch="false" />
                <line number="218" hits="2" branch="false" />
                <line number="219" hits="2" branch="false" />
                <line number="220" hits="4" branch="false" />
                <line number="221" hits="2" branch="false" />
                <line number="223" hits="2" branch="false" />
              </lines>
            </method>
            <method name="GetMemberById_InputMemberId_ReturnMember" signature="()" line-rate="1" branch-rate="1" complexity="1">
              <lines>
                <line number="81" hits="2" branch="false" />
                <line number="82" hits="2" branch="false" />
                <line number="83" hits="2" branch="false" />
                <line number="84" hits="2" branch="false" />
                <line number="85" hits="2" branch="false" />
                <line number="86" hits="2" branch="false" />
                <line number="87" hits="2" branch="false" />
                <line number="89" hits="2" branch="false" />
                <line number="90" hits="2" branch="false" />
                <line number="91" hits="2" branch="false" />
                <line number="92" hits="2" branch="false" />
                <line number="93" hits="2" branch="false" />
                <line number="94" hits="2" branch="false" />
              </lines>
            </method>
            <method name="GetMember_InputClaimId_OutPutMembers" signature="()" line-rate="1" branch-rate="1" complexity="1">
              <lines>
                <line number="153" hits="2" branch="false" />
                <line number="154" hits="2" branch="false" />
                <line number="155" hits="2" branch="false" />
                <line number="156" hits="2" branch="false" />
                <line number="157" hits="2" branch="false" />
                <line number="158" hits="2" branch="false" />
                <line number="159" hits="2" branch="false" />
                <line number="160" hits="2" branch="false" />
                <line number="162" hits="2" branch="false" />
                <line number="163" hits="2" branch="false" />
                <line number="164" hits="2" branch="false" />
                <line number="165" hits="2" branch="false" />
                <line number="166" hits="2" branch="false" />
                <line number="167" hits="2" branch="false" />
              </lines>
            </method>
            <method name="GetMember_InputFirstNameAndLastName_OutputMembers" signature="()" line-rate="1" branch-rate="1" complexity="1">
              <lines>
                <line number="117" hits="2" branch="false" />
                <line number="118" hits="2" branch="false" />
                <line number="119" hits="2" branch="false" />
                <line number="120" hits="2" branch="false" />
                <line number="121" hits="2" branch="false" />
                <line number="122" hits="2" branch="false" />
                <line number="123" hits="2" branch="false" />
                <line number="125" hits="2" branch="false" />
                <line number="126" hits="2" branch="false" />
                <line number="127" hits="2" branch="false" />
                <line number="128" hits="2" branch="false" />
                <line number="129" hits="2" branch="false" />
                <line number="130" hits="2" branch="false" />
              </lines>
            </method>
            <method name="GetMember_InputPhysicianName_OutputMembers" signature="()" line-rate="1" branch-rate="1" complexity="1">
              <lines>
                <line number="191" hits="2" branch="false" />
                <line number="192" hits="2" branch="false" />
                <line number="193" hits="2" branch="false" />
                <line number="194" hits="2" branch="false" />
                <line number="195" hits="2" branch="false" />
                <line number="196" hits="2" branch="false" />
                <line number="197" hits="2" branch="false" />
                <line number="199" hits="2" branch="false" />
                <line number="200" hits="2" branch="false" />
                <line number="201" hits="2" branch="false" />
                <line number="202" hits="2" branch="false" />
                <line number="203" hits="2" branch="false" />
                <line number="204" hits="2" branch="false" />
              </lines>
            </method>
          </methods>
          <lines>
            <line number="29" hits="16" branch="false" />
            <line number="30" hits="16" branch="false" />
            <line number="31" hits="16" branch="false" />
            <line number="32" hits="16" branch="false" />
            <line number="33" hits="16" branch="false" />
            <line number="34" hits="16" branch="false" />
            <line number="35" hits="16" branch="false" />
            <line number="36" hits="16" branch="false" />
            <line number="37" hits="16" branch="false" />
            <line number="38" hits="16" branch="false" />
            <line number="39" hits="16" branch="false" />
            <line number="40" hits="16" branch="false" />
            <line number="41" hits="16" branch="false" />
            <line number="42" hits="16" branch="false" />
            <line number="43" hits="16" branch="false" />
            <line number="44" hits="16" branch="false" />
            <line number="45" hits="16" branch="false" />
            <line number="46" hits="16" branch="false" />
            <line number="47" hits="16" branch="false" />
            <line number="48" hits="16" branch="false" />
            <line number="49" hits="16" branch="false" />
            <line number="50" hits="16" branch="false" />
            <line number="51" hits="16" branch="false" />
            <line number="52" hits="16" branch="false" />
            <line number="53" hits="16" branch="false" />
            <line number="54" hits="16" branch="false" />
            <line number="55" hits="16" branch="false" />
            <line number="56" hits="16" branch="false" />
            <line number="57" hits="16" branch="false" />
            <line number="58" hits="16" branch="false" />
            <line number="59" hits="16" branch="false" />
            <line number="60" hits="16" branch="false" />
            <line number="61" hits="16" branch="false" />
            <line number="62" hits="16" branch="false" />
            <line number="63" hits="16" branch="false" />
            <line number="64" hits="16" branch="false" />
            <line number="65" hits="16" branch="false" />
            <line number="66" hits="16" branch="false" />
            <line number="67" hits="16" branch="false" />
            <line number="68" hits="16" branch="false" />
            <line number="69" hits="16" branch="false" />
            <line number="70" hits="16" branch="false" />
            <line number="71" hits="16" branch="false" />
            <line number="72" hits="16" branch="false" />
            <line number="73" hits="16" branch="false" />
            <line number="74" hits="16" branch="false" />
            <line number="75" hits="16" branch="false" />
            <line number="81" hits="2" branch="false" />
            <line number="82" hits="2" branch="false" />
            <line number="83" hits="2" branch="false" />
            <line number="84" hits="2" branch="false" />
            <line number="85" hits="2" branch="false" />
            <line number="86" hits="2" branch="false" />
            <line number="87" hits="2" branch="false" />
            <line number="89" hits="2" branch="false" />
            <line number="90" hits="2" branch="false" />
            <line number="91" hits="2" branch="false" />
            <line number="92" hits="2" branch="false" />
            <line number="93" hits="2" branch="false" />
            <line number="94" hits="2" branch="false" />
            <line number="99" hits="2" branch="false" />
            <line number="100" hits="2" branch="false" />
            <line number="101" hits="2" branch="false" />
            <line number="102" hits="2" branch="false" />
            <line number="103" hits="2" branch="false" />
            <line number="104" hits="2" branch="false" />
            <line number="105" hits="2" branch="false" />
            <line number="107" hits="2" branch="false" />
            <line number="108" hits="2" branch="false" />
            <line number="109" hits="2" branch="false" />
            <line number="110" hits="4" branch="false" />
            <line number="111" hits="2" branch="false" />
            <line number="112" hits="2" branch="false" />
            <line number="117" hits="2" branch="false" />
            <line number="118" hits="2" branch="false" />
            <line number="119" hits="2" branch="false" />
            <line number="120" hits="2" branch="false" />
            <line number="121" hits="2" branch="false" />
            <line number="122" hits="2" branch="false" />
            <line number="123" hits="2" branch="false" />
            <line number="125" hits="2" branch="false" />
            <line number="126" hits="2" branch="false" />
            <line number="127" hits="2" branch="false" />
            <line number="128" hits="2" branch="false" />
            <line number="129" hits="2" branch="false" />
            <line number="130" hits="2" branch="false" />
            <line number="135" hits="2" branch="false" />
            <line number="136" hits="2" branch="false" />
            <line number="137" hits="2" branch="false" />
            <line number="138" hits="2" branch="false" />
            <line number="139" hits="2" branch="false" />
            <line number="140" hits="2" branch="false" />
            <line number="141" hits="2" branch="false" />
            <line number="143" hits="2" branch="false" />
            <line number="144" hits="2" branch="false" />
            <line number="145" hits="2" branch="false" />
            <line number="146" hits="4" branch="false" />
            <line number="147" hits="2" branch="false" />
            <line number="148" hits="2" branch="false" />
            <line number="153" hits="2" branch="false" />
            <line number="154" hits="2" branch="false" />
            <line number="155" hits="2" branch="false" />
            <line number="156" hits="2" branch="false" />
            <line number="157" hits="2" branch="false" />
            <line number="158" hits="2" branch="false" />
            <line number="159" hits="2" branch="false" />
            <line number="160" hits="2" branch="false" />
            <line number="162" hits="2" branch="false" />
            <line number="163" hits="2" branch="false" />
            <line number="164" hits="2" branch="false" />
            <line number="165" hits="2" branch="false" />
            <line number="166" hits="2" branch="false" />
            <line number="167" hits="2" branch="false" />
            <line number="172" hits="2" branch="false" />
            <line number="173" hits="2" branch="false" />
            <line number="174" hits="2" branch="false" />
            <line number="175" hits="2" branch="false" />
            <line number="176" hits="2" branch="false" />
            <line number="177" hits="2" branch="false" />
            <line number="178" hits="2" branch="false" />
            <line number="179" hits="2" branch="false" />
            <line number="181" hits="2" branch="false" />
            <line number="182" hits="2" branch="false" />
            <line number="183" hits="2" branch="false" />
            <line number="184" hits="4" branch="false" />
            <line number="185" hits="2" branch="false" />
            <line number="186" hits="2" branch="false" />
            <line number="191" hits="2" branch="false" />
            <line number="192" hits="2" branch="false" />
            <line number="193" hits="2" branch="false" />
            <line number="194" hits="2" branch="false" />
            <line number="195" hits="2" branch="false" />
            <line number="196" hits="2" branch="false" />
            <line number="197" hits="2" branch="false" />
            <line number="199" hits="2" branch="false" />
            <line number="200" hits="2" branch="false" />
            <line number="201" hits="2" branch="false" />
            <line number="202" hits="2" branch="false" />
            <line number="203" hits="2" branch="false" />
            <line number="204" hits="2" branch="false" />
            <line number="209" hits="2" branch="false" />
            <line number="210" hits="2" branch="false" />
            <line number="211" hits="2" branch="false" />
            <line number="212" hits="2" branch="false" />
            <line number="213" hits="2" branch="false" />
            <line number="214" hits="2" branch="false" />
            <line number="215" hits="2" branch="false" />
            <line number="217" hits="2" branch="false" />
            <line number="218" hits="2" branch="false" />
            <line number="219" hits="2" branch="false" />
            <line number="220" hits="4" branch="false" />
            <line number="221" hits="2" branch="false" />
            <line number="223" hits="2" branch="false" />
          </lines>
        </class>
        <class name="NUnitTests.ProviderNUnitTest" filename="C:\HCM\HcmMemberSearch\ProviderNUnitTests\ProviderNUnitTest.cs" line-rate="0.793103448275862" branch-rate="1" complexity="4">
          <methods>
            <method name="SetUp" signature="()" line-rate="1" branch-rate="1" complexity="1">
              <lines>
                <line number="24" hits="3" branch="false" />
                <line number="25" hits="3" branch="false" />
                <line number="26" hits="3" branch="false" />
                <line number="27" hits="3" branch="false" />
                <line number="28" hits="3" branch="false" />
                <line number="29" hits="3" branch="false" />
                <line number="30" hits="3" branch="false" />
                <line number="31" hits="3" branch="false" />
                <line number="32" hits="3" branch="false" />
                <line number="33" hits="3" branch="false" />
                <line number="34" hits="3" branch="false" />
                <line number="35" hits="3" branch="false" />
                <line number="36" hits="3" branch="false" />
                <line number="37" hits="3" branch="false" />
                <line number="38" hits="3" branch="false" />
              </lines>
            </method>
            <method name="GetClaims_OutputCount" signature="()" line-rate="0.6" branch-rate="1" complexity="1">
              <lines>
                <line number="48" hits="1" branch="false" />
                <line number="49" hits="1" branch="false" />
                <line number="50" hits="1" branch="false" />
                <line number="51" hits="0" branch="false" />
                <line number="52" hits="0" branch="false" />
              </lines>
            </method>
            <method name="GetMembers_OuputCount" signature="()" line-rate="0.6" branch-rate="1" complexity="1">
              <lines>
                <line number="41" hits="1" branch="false" />
                <line number="42" hits="1" branch="false" />
                <line number="43" hits="1" branch="false" />
                <line number="44" hits="0" branch="false" />
                <line number="45" hits="0" branch="false" />
              </lines>
            </method>
            <method name="GetPhysicians_OutputPhysicians" signature="()" line-rate="0.5" branch-rate="1" complexity="1">
              <lines>
                <line number="55" hits="1" branch="false" />
                <line number="56" hits="1" branch="false" />
                <line number="57" hits="0" branch="false" />
                <line number="58" hits="0" branch="false" />
              </lines>
            </method>
          </methods>
          <lines>
            <line number="24" hits="3" branch="false" />
            <line number="25" hits="3" branch="false" />
            <line number="26" hits="3" branch="false" />
            <line number="27" hits="3" branch="false" />
            <line number="28" hits="3" branch="false" />
            <line number="29" hits="3" branch="false" />
            <line number="30" hits="3" branch="false" />
            <line number="31" hits="3" branch="false" />
            <line number="32" hits="3" branch="false" />
            <line number="33" hits="3" branch="false" />
            <line number="34" hits="3" branch="false" />
            <line number="35" hits="3" branch="false" />
            <line number="36" hits="3" branch="false" />
            <line number="37" hits="3" branch="false" />
            <line number="38" hits="3" branch="false" />
            <line number="41" hits="1" branch="false" />
            <line number="42" hits="1" branch="false" />
            <line number="43" hits="1" branch="false" />
            <line number="44" hits="0" branch="false" />
            <line number="45" hits="0" branch="false" />
            <line number="48" hits="1" branch="false" />
            <line number="49" hits="1" branch="false" />
            <line number="50" hits="1" branch="false" />
            <line number="51" hits="0" branch="false" />
            <line number="52" hits="0" branch="false" />
            <line number="55" hits="1" branch="false" />
            <line number="56" hits="1" branch="false" />
            <line number="57" hits="0" branch="false" />
            <line number="58" hits="0" branch="false" />
          </lines>
        </class>
      </classes>
    </package>
  </packages>
</coverage>