TpTrace Verbose: 0 : 27448, 1, 2022/12/15, 17:12:49.595, 1161516680303, vstest.console.dll, Version: 17.3.0-release-20220708-01 Current process architecture: X64
TpTrace Verbose: 0 : 27448, 1, 2022/12/15, 17:12:49.598, 1161516706497, vstest.console.dll, Runtime location: C:\Program Files\dotnet\shared\Microsoft.NETCore.App\6.0.8
TpTrace Information: 0 : 27448, 1, 2022/12/15, 17:12:49.608, 1161516814087, vstest.console.dll, FilePatternParser: The given file C:\HCM\HcmMemberSearch\ProviderNUnitTests\bin\Debug\net6.0\fine-code-coverage\build-output\NUnitTests.dll is a full path.
TpTrace Verbose: 0 : 27448, 1, 2022/12/15, 17:12:49.631, 1161517043269, vstest.console.dll, TestPluginCache.DiscoverTestExtensions: finding test extensions in assemblies ends with: RuntimeProvider.dll TPluginInfo: Microsoft.VisualStudio.TestPlatform.Common.ExtensionFramework.Utilities.TestRuntimePluginInformation TExtension: Microsoft.VisualStudio.TestPlatform.ObjectModel.Host.ITestRuntimeProvider
TpTrace Verbose: 0 : 27448, 1, 2022/12/15, 17:12:49.633, 1161517061202, vstest.console.dll, TestPluginCache.GetExtensionPaths: Filtered extension paths: 
TpTrace Verbose: 0 : 27448, 1, 2022/12/15, 17:12:49.633, 1161517063847, vstest.console.dll, TestPluginCache.GetExtensionPaths: Added default extension paths: C:\Program Files\dotnet\sdk\6.0.400\Extensions\Microsoft.Diagnostics.NETCore.Client.dll
C:\Program Files\dotnet\sdk\6.0.400\Extensions\Microsoft.TestPlatform.Extensions.BlameDataCollector.dll
C:\Program Files\dotnet\sdk\6.0.400\Extensions\Microsoft.TestPlatform.Extensions.EventLogCollector.dll
C:\Program Files\dotnet\sdk\6.0.400\Extensions\Microsoft.TestPlatform.TestHostRuntimeProvider.dll
C:\Program Files\dotnet\sdk\6.0.400\Extensions\Microsoft.VisualStudio.TestPlatform.Extensions.Html.TestLogger.dll
C:\Program Files\dotnet\sdk\6.0.400\Extensions\Microsoft.VisualStudio.TestPlatform.Extensions.Trx.TestLogger.dll
TpTrace Verbose: 0 : 27448, 1, 2022/12/15, 17:12:49.633, 1161517064315, vstest.console.dll, TestPluginCache.GetExtensionPaths: Added unfilterableExtensionPaths: 
TpTrace Information: 0 : 27448, 1, 2022/12/15, 17:12:49.634, 1161517074469, vstest.console.dll, AssemblyResolver.ctor: Creating AssemblyResolver with searchDirectories C:\Program Files\dotnet\sdk\6.0.400\Extensions,C:\Program Files\dotnet\sdk\6.0.400
TpTrace Verbose: 0 : 27448, 1, 2022/12/15, 17:12:49.636, 1161517087117, vstest.console.dll, TestPluginCache.DiscoverTestExtensions: Discovering the extensions using extension path.
TpTrace Verbose: 0 : 27448, 1, 2022/12/15, 17:12:49.636, 1161517088572, vstest.console.dll, TestPluginCache.GetExtensionPaths: Filtered extension paths: 
TpTrace Verbose: 0 : 27448, 1, 2022/12/15, 17:12:49.636, 1161517088991, vstest.console.dll, TestPluginCache.GetExtensionPaths: Added default extension paths: C:\Program Files\dotnet\sdk\6.0.400\Extensions\Microsoft.Diagnostics.NETCore.Client.dll
C:\Program Files\dotnet\sdk\6.0.400\Extensions\Microsoft.TestPlatform.Extensions.BlameDataCollector.dll
C:\Program Files\dotnet\sdk\6.0.400\Extensions\Microsoft.TestPlatform.Extensions.EventLogCollector.dll
C:\Program Files\dotnet\sdk\6.0.400\Extensions\Microsoft.TestPlatform.TestHostRuntimeProvider.dll
C:\Program Files\dotnet\sdk\6.0.400\Extensions\Microsoft.VisualStudio.TestPlatform.Extensions.Html.TestLogger.dll
C:\Program Files\dotnet\sdk\6.0.400\Extensions\Microsoft.VisualStudio.TestPlatform.Extensions.Trx.TestLogger.dll
TpTrace Verbose: 0 : 27448, 1, 2022/12/15, 17:12:49.636, 1161517089357, vstest.console.dll, TestPluginCache.GetExtensionPaths: Added unfilterableExtensionPaths: 
TpTrace Verbose: 0 : 27448, 1, 2022/12/15, 17:12:49.636, 1161517089941, vstest.console.dll, TestPluginCache.DiscoverTestExtensions: Discovering the extensions using allExtensionPaths: C:\Program Files\dotnet\sdk\6.0.400\Extensions\Microsoft.Diagnostics.NETCore.Client.dll
C:\Program Files\dotnet\sdk\6.0.400\Extensions\Microsoft.TestPlatform.Extensions.BlameDataCollector.dll
C:\Program Files\dotnet\sdk\6.0.400\Extensions\Microsoft.TestPlatform.Extensions.EventLogCollector.dll
C:\Program Files\dotnet\sdk\6.0.400\Extensions\Microsoft.TestPlatform.TestHostRuntimeProvider.dll
C:\Program Files\dotnet\sdk\6.0.400\Extensions\Microsoft.VisualStudio.TestPlatform.Extensions.Html.TestLogger.dll
C:\Program Files\dotnet\sdk\6.0.400\Extensions\Microsoft.VisualStudio.TestPlatform.Extensions.Trx.TestLogger.dll
TpTrace Information: 0 : 27448, 1, 2022/12/15, 17:12:49.636, 1161517092022, vstest.console.dll, AssemblyResolver.AddSearchDirectories: Adding more searchDirectories C:\Program Files\dotnet\sdk\6.0.400\Extensions,C:\Program Files\dotnet\sdk\6.0.400
TpTrace Information: 0 : 27448, 1, 2022/12/15, 17:12:49.636, 1161517092686, vstest.console.dll, AssemblyResolver.AddSearchDirectories: Adding more searchDirectories C:\Program Files\dotnet\sdk\6.0.400\Extensions,C:\Program Files\dotnet\sdk\6.0.400
TpTrace Information: 0 : 27448, 1, 2022/12/15, 17:12:49.636, 1161517093025, vstest.console.dll, AssemblyResolver.AddSearchDirectories: Adding more searchDirectories C:\Program Files\dotnet\sdk\6.0.400\Extensions,C:\Program Files\dotnet\sdk\6.0.400
TpTrace Information: 0 : 27448, 1, 2022/12/15, 17:12:49.636, 1161517093400, vstest.console.dll, AssemblyResolver.AddSearchDirectories: Adding more searchDirectories C:\Program Files\dotnet\sdk\6.0.400\Extensions,C:\Program Files\dotnet\sdk\6.0.400
TpTrace Information: 0 : 27448, 1, 2022/12/15, 17:12:49.636, 1161517093669, vstest.console.dll, AssemblyResolver.AddSearchDirectories: Adding more searchDirectories C:\Program Files\dotnet\sdk\6.0.400\Extensions,C:\Program Files\dotnet\sdk\6.0.400
TpTrace Information: 0 : 27448, 1, 2022/12/15, 17:12:49.636, 1161517093927, vstest.console.dll, AssemblyResolver.AddSearchDirectories: Adding more searchDirectories C:\Program Files\dotnet\sdk\6.0.400\Extensions,C:\Program Files\dotnet\sdk\6.0.400
TpTrace Information: 0 : 27448, 1, 2022/12/15, 17:12:49.637, 1161517097809, vstest.console.dll, AssemblyResolver.OnResolve: Microsoft.Diagnostics.NETCore.Client: Resolving assembly.
TpTrace Information: 0 : 27448, 1, 2022/12/15, 17:12:49.637, 1161517102072, vstest.console.dll, AssemblyResolver.OnResolve: Microsoft.Diagnostics.NETCore.Client: Searching in: 'C:\Program Files\dotnet\sdk\6.0.400\Extensions'.
TpTrace Information: 0 : 27448, 1, 2022/12/15, 17:12:49.641, 1161517137027, vstest.console.dll, AssemblyResolver.OnResolve: Microsoft.Diagnostics.NETCore.Client: Loading assembly 'C:\Program Files\dotnet\sdk\6.0.400\Extensions\Microsoft.Diagnostics.NETCore.Client.dll'.
TpTrace Information: 0 : 27448, 1, 2022/12/15, 17:12:49.643, 1161517161363, vstest.console.dll, AssemblyResolver.OnResolve: Resolved assembly: Microsoft.Diagnostics.NETCore.Client, from path: C:\Program Files\dotnet\sdk\6.0.400\Extensions\Microsoft.Diagnostics.NETCore.Client.dll
TpTrace Verbose: 0 : 27448, 1, 2022/12/15, 17:12:49.649, 1161517218628, vstest.console.dll, MetadataReaderExtensionsHelper: Discovering extensions inside assembly 'Microsoft.Diagnostics.NETCore.Client, Version=0.2.5.801, Culture=neutral, PublicKeyToken=31bf3856ad364e35' file path 'C:\Program Files\dotnet\sdk\6.0.400\Extensions\Microsoft.Diagnostics.NETCore.Client.dll'
TpTrace Information: 0 : 27448, 1, 2022/12/15, 17:12:49.663, 1161517359162, vstest.console.dll, AssemblyResolver.OnResolve: Microsoft.Bcl.AsyncInterfaces: Resolving assembly.
TpTrace Information: 0 : 27448, 1, 2022/12/15, 17:12:49.663, 1161517360687, vstest.console.dll, AssemblyResolver.OnResolve: Microsoft.Bcl.AsyncInterfaces: Searching in: 'C:\Program Files\dotnet\sdk\6.0.400\Extensions'.
TpTrace Information: 0 : 27448, 1, 2022/12/15, 17:12:49.663, 1161517361751, vstest.console.dll, AssemblyResolver.OnResolve: Microsoft.Bcl.AsyncInterfaces: Assembly path does not exist: 'C:\Program Files\dotnet\sdk\6.0.400\Extensions\Microsoft.Bcl.AsyncInterfaces.dll', returning.
TpTrace Information: 0 : 27448, 1, 2022/12/15, 17:12:49.663, 1161517362532, vstest.console.dll, AssemblyResolver.OnResolve: Microsoft.Bcl.AsyncInterfaces: Assembly path does not exist: 'C:\Program Files\dotnet\sdk\6.0.400\Extensions\Microsoft.Bcl.AsyncInterfaces.exe', returning.
TpTrace Information: 0 : 27448, 1, 2022/12/15, 17:12:49.663, 1161517363727, vstest.console.dll, AssemblyResolver.OnResolve: Microsoft.Bcl.AsyncInterfaces: Searching in: 'C:\Program Files\dotnet\sdk\6.0.400'.
TpTrace Information: 0 : 27448, 1, 2022/12/15, 17:12:49.663, 1161517364623, vstest.console.dll, AssemblyResolver.OnResolve: Microsoft.Bcl.AsyncInterfaces: Assembly path does not exist: 'C:\Program Files\dotnet\sdk\6.0.400\Microsoft.Bcl.AsyncInterfaces.dll', returning.
TpTrace Information: 0 : 27448, 1, 2022/12/15, 17:12:49.663, 1161517365389, vstest.console.dll, AssemblyResolver.OnResolve: Microsoft.Bcl.AsyncInterfaces: Assembly path does not exist: 'C:\Program Files\dotnet\sdk\6.0.400\Microsoft.Bcl.AsyncInterfaces.exe', returning.
TpTrace Information: 0 : 27448, 1, 2022/12/15, 17:12:49.664, 1161517365722, vstest.console.dll, AssemblyResolver.OnResolve: Microsoft.Bcl.AsyncInterfaces: Failed to load assembly.
TpTrace Verbose: 0 : 27448, 1, 2022/12/15, 17:12:49.664, 1161517366118, vstest.console.dll, CurrentDomainAssemblyResolve: Resolving assembly 'Microsoft.Bcl.AsyncInterfaces'.
TpTrace Information: 0 : 27448, 1, 2022/12/15, 17:12:49.664, 1161517366731, vstest.console.dll, AssemblyResolver.OnResolve: Microsoft.Bcl.AsyncInterfaces: Resolving assembly.
TpTrace Information: 0 : 27448, 1, 2022/12/15, 17:12:49.664, 1161517367140, vstest.console.dll, AssemblyResolver.OnResolve: Microsoft.Bcl.AsyncInterfaces: Resolved from cache.
TpTrace Verbose: 0 : 27448, 1, 2022/12/15, 17:12:49.664, 1161517367480, vstest.console.dll, CurrentDomainAssemblyResolve: Resolving assembly 'Microsoft.Bcl.AsyncInterfaces'.
TpTrace Verbose: 0 : 27448, 1, 2022/12/15, 17:12:49.664, 1161517367838, vstest.console.dll, CurrentDomainAssemblyResolve: Failed to resolve assembly 'Microsoft.Bcl.AsyncInterfaces'.
TpTrace Verbose: 0 : 27448, 1, 2022/12/15, 17:12:49.674, 1161517474394, vstest.console.dll, CurrentDomainAssemblyResolve: Failed to resolve assembly 'Microsoft.Bcl.AsyncInterfaces'.
TpTrace Warning: 0 : 27448, 1, 2022/12/15, 17:12:49.712, 1161517853047, vstest.console.dll, TestPluginDiscoverer: Failed to get types from assembly 'Microsoft.Diagnostics.NETCore.Client, Version=0.2.5.801, Culture=neutral, PublicKeyToken=31bf3856ad364e35'. Error: System.Reflection.ReflectionTypeLoadException: Unable to load one or more of the requested types.
Could not load file or assembly 'Microsoft.Bcl.AsyncInterfaces, Version=1.0.0.0, Culture=neutral, PublicKeyToken=cc7b13ffcd2ddd51'. The system cannot find the file specified.
   at System.Reflection.RuntimeModule.GetTypes(RuntimeModule module)
   at System.Reflection.Assembly.GetTypes()
   at Microsoft.VisualStudio.TestPlatform.Common.ExtensionFramework.TestPluginDiscoverer.GetTestExtensionsFromAssembly[TPluginInfo,TExtension](Assembly assembly, Dictionary`2 pluginInfos, String filePath)
System.IO.FileNotFoundException: Could not load file or assembly 'Microsoft.Bcl.AsyncInterfaces, Version=1.0.0.0, Culture=neutral, PublicKeyToken=cc7b13ffcd2ddd51'. The system cannot find the file specified.
File name: 'Microsoft.Bcl.AsyncInterfaces, Version=1.0.0.0, Culture=neutral, PublicKeyToken=cc7b13ffcd2ddd51'
 ---> System.IO.FileNotFoundException: Could not load file or assembly 'Microsoft.Bcl.AsyncInterfaces, Culture=neutral, PublicKeyToken=null'. The system cannot find the file specified.
File name: 'Microsoft.Bcl.AsyncInterfaces, Culture=neutral, PublicKeyToken=null'
   at System.Reflection.RuntimeAssembly.InternalLoad(ObjectHandleOnStack assemblyName, ObjectHandleOnStack requestingAssembly, StackCrawlMarkHandle stackMark, Boolean throwOnFileNotFound, ObjectHandleOnStack assemblyLoadContext, ObjectHandleOnStack retAssembly)
   at System.Reflection.RuntimeAssembly.InternalLoad(AssemblyName assemblyName, RuntimeAssembly requestingAssembly, StackCrawlMark& stackMark, Boolean throwOnFileNotFound, AssemblyLoadContext assemblyLoadContext)
   at System.Reflection.Assembly.Load(AssemblyName assemblyRef)
   at Microsoft.VisualStudio.TestPlatform.Common.ExtensionFramework.TestPluginCache.CurrentDomainAssemblyResolve(Object sender, AssemblyResolveEventArgs args)
   at Microsoft.VisualStudio.TestPlatform.PlatformAbstractions.PlatformAssemblyResolver.AssemblyResolverEvent(Object sender, Object eventArgs)
   at System.Runtime.Loader.AssemblyLoadContext.GetFirstResolvedAssemblyFromResolvingEvent(AssemblyName assemblyName)
   at System.Runtime.Loader.AssemblyLoadContext.ResolveUsingEvent(AssemblyName assemblyName)
   at System.Runtime.Loader.AssemblyLoadContext.ResolveUsingResolvingEvent(IntPtr gchManagedAssemblyLoadContext, AssemblyName assemblyName)
TpTrace Warning: 0 : 27448, 1, 2022/12/15, 17:12:49.713, 1161517858618, vstest.console.dll, LoaderExceptions: System.IO.FileNotFoundException: Could not load file or assembly 'Microsoft.Bcl.AsyncInterfaces, Version=1.0.0.0, Culture=neutral, PublicKeyToken=cc7b13ffcd2ddd51'. The system cannot find the file specified.
File name: 'Microsoft.Bcl.AsyncInterfaces, Version=1.0.0.0, Culture=neutral, PublicKeyToken=cc7b13ffcd2ddd51'
 ---> System.IO.FileNotFoundException: Could not load file or assembly 'Microsoft.Bcl.AsyncInterfaces, Culture=neutral, PublicKeyToken=null'. The system cannot find the file specified.
File name: 'Microsoft.Bcl.AsyncInterfaces, Culture=neutral, PublicKeyToken=null'
   at System.Reflection.RuntimeAssembly.InternalLoad(ObjectHandleOnStack assemblyName, ObjectHandleOnStack requestingAssembly, StackCrawlMarkHandle stackMark, Boolean throwOnFileNotFound, ObjectHandleOnStack assemblyLoadContext, ObjectHandleOnStack retAssembly)
   at System.Reflection.RuntimeAssembly.InternalLoad(AssemblyName assemblyName, RuntimeAssembly requestingAssembly, StackCrawlMark& stackMark, Boolean throwOnFileNotFound, AssemblyLoadContext assemblyLoadContext)
   at System.Reflection.Assembly.Load(AssemblyName assemblyRef)
   at Microsoft.VisualStudio.TestPlatform.Common.ExtensionFramework.TestPluginCache.CurrentDomainAssemblyResolve(Object sender, AssemblyResolveEventArgs args)
   at Microsoft.VisualStudio.TestPlatform.PlatformAbstractions.PlatformAssemblyResolver.AssemblyResolverEvent(Object sender, Object eventArgs)
   at System.Runtime.Loader.AssemblyLoadContext.GetFirstResolvedAssemblyFromResolvingEvent(AssemblyName assemblyName)
   at System.Runtime.Loader.AssemblyLoadContext.ResolveUsingEvent(AssemblyName assemblyName)
   at System.Runtime.Loader.AssemblyLoadContext.ResolveUsingResolvingEvent(IntPtr gchManagedAssemblyLoadContext, AssemblyName assemblyName)
TpTrace Information: 0 : 27448, 1, 2022/12/15, 17:12:49.713, 1161517861275, vstest.console.dll, AssemblyResolver.OnResolve: Microsoft.TestPlatform.Extensions.BlameDataCollector: Resolving assembly.
TpTrace Information: 0 : 27448, 1, 2022/12/15, 17:12:49.713, 1161517861920, vstest.console.dll, AssemblyResolver.OnResolve: Microsoft.TestPlatform.Extensions.BlameDataCollector: Searching in: 'C:\Program Files\dotnet\sdk\6.0.400\Extensions'.
TpTrace Information: 0 : 27448, 1, 2022/12/15, 17:12:49.715, 1161517882469, vstest.console.dll, AssemblyResolver.OnResolve: Microsoft.TestPlatform.Extensions.BlameDataCollector: Loading assembly 'C:\Program Files\dotnet\sdk\6.0.400\Extensions\Microsoft.TestPlatform.Extensions.BlameDataCollector.dll'.
TpTrace Information: 0 : 27448, 1, 2022/12/15, 17:12:49.716, 1161517893080, vstest.console.dll, AssemblyResolver.OnResolve: Resolved assembly: Microsoft.TestPlatform.Extensions.BlameDataCollector, from path: C:\Program Files\dotnet\sdk\6.0.400\Extensions\Microsoft.TestPlatform.Extensions.BlameDataCollector.dll
TpTrace Verbose: 0 : 27448, 1, 2022/12/15, 17:12:49.716, 1161517894135, vstest.console.dll, MetadataReaderExtensionsHelper: Discovering extensions inside assembly 'Microsoft.TestPlatform.Extensions.BlameDataCollector, Version=15.0.0.0, Culture=neutral, PublicKeyToken=b03f5f7f11d50a3a' file path 'C:\Program Files\dotnet\sdk\6.0.400\Extensions\Microsoft.TestPlatform.Extensions.BlameDataCollector.dll'
TpTrace Information: 0 : 27448, 1, 2022/12/15, 17:12:49.719, 1161517919324, vstest.console.dll, AssemblyResolver.OnResolve: Microsoft.TestPlatform.Extensions.EventLogCollector: Resolving assembly.
TpTrace Information: 0 : 27448, 1, 2022/12/15, 17:12:49.719, 1161517921099, vstest.console.dll, AssemblyResolver.OnResolve: Microsoft.TestPlatform.Extensions.EventLogCollector: Searching in: 'C:\Program Files\dotnet\sdk\6.0.400\Extensions'.
TpTrace Information: 0 : 27448, 1, 2022/12/15, 17:12:49.721, 1161517937444, vstest.console.dll, AssemblyResolver.OnResolve: Microsoft.TestPlatform.Extensions.EventLogCollector: Loading assembly 'C:\Program Files\dotnet\sdk\6.0.400\Extensions\Microsoft.TestPlatform.Extensions.EventLogCollector.dll'.
TpTrace Information: 0 : 27448, 1, 2022/12/15, 17:12:49.722, 1161517946635, vstest.console.dll, AssemblyResolver.OnResolve: Resolved assembly: Microsoft.TestPlatform.Extensions.EventLogCollector, from path: C:\Program Files\dotnet\sdk\6.0.400\Extensions\Microsoft.TestPlatform.Extensions.EventLogCollector.dll
TpTrace Verbose: 0 : 27448, 1, 2022/12/15, 17:12:49.722, 1161517947873, vstest.console.dll, MetadataReaderExtensionsHelper: Discovering extensions inside assembly 'Microsoft.TestPlatform.Extensions.EventLogCollector, Version=15.0.0.0, Culture=neutral, PublicKeyToken=b03f5f7f11d50a3a' file path 'C:\Program Files\dotnet\sdk\6.0.400\Extensions\Microsoft.TestPlatform.Extensions.EventLogCollector.dll'
TpTrace Information: 0 : 27448, 1, 2022/12/15, 17:12:49.725, 1161517978227, vstest.console.dll, AssemblyResolver.OnResolve: Microsoft.TestPlatform.TestHostRuntimeProvider: Resolving assembly.
TpTrace Information: 0 : 27448, 1, 2022/12/15, 17:12:49.725, 1161517979046, vstest.console.dll, AssemblyResolver.OnResolve: Microsoft.TestPlatform.TestHostRuntimeProvider: Searching in: 'C:\Program Files\dotnet\sdk\6.0.400\Extensions'.
TpTrace Information: 0 : 27448, 1, 2022/12/15, 17:12:49.727, 1161517997845, vstest.console.dll, AssemblyResolver.OnResolve: Microsoft.TestPlatform.TestHostRuntimeProvider: Loading assembly 'C:\Program Files\dotnet\sdk\6.0.400\Extensions\Microsoft.TestPlatform.TestHostRuntimeProvider.dll'.
TpTrace Information: 0 : 27448, 1, 2022/12/15, 17:12:49.728, 1161518015145, vstest.console.dll, AssemblyResolver.OnResolve: Resolved assembly: Microsoft.TestPlatform.TestHostRuntimeProvider, from path: C:\Program Files\dotnet\sdk\6.0.400\Extensions\Microsoft.TestPlatform.TestHostRuntimeProvider.dll
TpTrace Verbose: 0 : 27448, 1, 2022/12/15, 17:12:49.729, 1161518016227, vstest.console.dll, MetadataReaderExtensionsHelper: Discovering extensions inside assembly 'Microsoft.TestPlatform.TestHostRuntimeProvider, Version=15.0.0.0, Culture=neutral, PublicKeyToken=b03f5f7f11d50a3a' file path 'C:\Program Files\dotnet\sdk\6.0.400\Extensions\Microsoft.TestPlatform.TestHostRuntimeProvider.dll'
TpTrace Information: 0 : 27448, 1, 2022/12/15, 17:12:49.732, 1161518045855, vstest.console.dll, GetTestExtensionFromType: Register extension with identifier data 'HostProvider://DefaultTestHost' and type 'Microsoft.VisualStudio.TestPlatform.CrossPlatEngine.Hosting.DefaultTestHostManager, Microsoft.TestPlatform.TestHostRuntimeProvider, Version=15.0.0.0, Culture=neutral, PublicKeyToken=b03f5f7f11d50a3a' inside file 'C:\Program Files\dotnet\sdk\6.0.400\Extensions\Microsoft.TestPlatform.TestHostRuntimeProvider.dll'
TpTrace Information: 0 : 27448, 1, 2022/12/15, 17:12:49.732, 1161518046824, vstest.console.dll, GetTestExtensionFromType: Register extension with identifier data 'HostProvider://DotnetTestHost' and type 'Microsoft.VisualStudio.TestPlatform.CrossPlatEngine.Hosting.DotnetTestHostManager, Microsoft.TestPlatform.TestHostRuntimeProvider, Version=15.0.0.0, Culture=neutral, PublicKeyToken=b03f5f7f11d50a3a' inside file 'C:\Program Files\dotnet\sdk\6.0.400\Extensions\Microsoft.TestPlatform.TestHostRuntimeProvider.dll'
TpTrace Information: 0 : 27448, 1, 2022/12/15, 17:12:49.732, 1161518047843, vstest.console.dll, AssemblyResolver.OnResolve: Microsoft.VisualStudio.TestPlatform.Extensions.Html.TestLogger: Resolving assembly.
TpTrace Information: 0 : 27448, 1, 2022/12/15, 17:12:49.732, 1161518048238, vstest.console.dll, AssemblyResolver.OnResolve: Microsoft.VisualStudio.TestPlatform.Extensions.Html.TestLogger: Searching in: 'C:\Program Files\dotnet\sdk\6.0.400\Extensions'.
TpTrace Information: 0 : 27448, 1, 2022/12/15, 17:12:49.735, 1161518075615, vstest.console.dll, AssemblyResolver.OnResolve: Microsoft.VisualStudio.TestPlatform.Extensions.Html.TestLogger: Loading assembly 'C:\Program Files\dotnet\sdk\6.0.400\Extensions\Microsoft.VisualStudio.TestPlatform.Extensions.Html.TestLogger.dll'.
TpTrace Information: 0 : 27448, 1, 2022/12/15, 17:12:49.736, 1161518088938, vstest.console.dll, AssemblyResolver.OnResolve: Resolved assembly: Microsoft.VisualStudio.TestPlatform.Extensions.Html.TestLogger, from path: C:\Program Files\dotnet\sdk\6.0.400\Extensions\Microsoft.VisualStudio.TestPlatform.Extensions.Html.TestLogger.dll
TpTrace Verbose: 0 : 27448, 1, 2022/12/15, 17:12:49.736, 1161518090363, vstest.console.dll, MetadataReaderExtensionsHelper: Discovering extensions inside assembly 'Microsoft.VisualStudio.TestPlatform.Extensions.Html.TestLogger, Version=15.0.0.0, Culture=neutral, PublicKeyToken=b03f5f7f11d50a3a' file path 'C:\Program Files\dotnet\sdk\6.0.400\Extensions\Microsoft.VisualStudio.TestPlatform.Extensions.Html.TestLogger.dll'
TpTrace Information: 0 : 27448, 1, 2022/12/15, 17:12:49.737, 1161518102958, vstest.console.dll, AssemblyResolver.OnResolve: Microsoft.VisualStudio.TestPlatform.Extensions.Trx.TestLogger: Resolving assembly.
TpTrace Information: 0 : 27448, 1, 2022/12/15, 17:12:49.737, 1161518103862, vstest.console.dll, AssemblyResolver.OnResolve: Microsoft.VisualStudio.TestPlatform.Extensions.Trx.TestLogger: Searching in: 'C:\Program Files\dotnet\sdk\6.0.400\Extensions'.
TpTrace Information: 0 : 27448, 1, 2022/12/15, 17:12:49.739, 1161518119339, vstest.console.dll, AssemblyResolver.OnResolve: Microsoft.VisualStudio.TestPlatform.Extensions.Trx.TestLogger: Loading assembly 'C:\Program Files\dotnet\sdk\6.0.400\Extensions\Microsoft.VisualStudio.TestPlatform.Extensions.Trx.TestLogger.dll'.
TpTrace Information: 0 : 27448, 1, 2022/12/15, 17:12:49.740, 1161518134637, vstest.console.dll, AssemblyResolver.OnResolve: Resolved assembly: Microsoft.VisualStudio.TestPlatform.Extensions.Trx.TestLogger, from path: C:\Program Files\dotnet\sdk\6.0.400\Extensions\Microsoft.VisualStudio.TestPlatform.Extensions.Trx.TestLogger.dll
TpTrace Verbose: 0 : 27448, 1, 2022/12/15, 17:12:49.741, 1161518135679, vstest.console.dll, MetadataReaderExtensionsHelper: Discovering extensions inside assembly 'Microsoft.VisualStudio.TestPlatform.Extensions.Trx.TestLogger, Version=15.0.0.0, Culture=neutral, PublicKeyToken=b03f5f7f11d50a3a' file path 'C:\Program Files\dotnet\sdk\6.0.400\Extensions\Microsoft.VisualStudio.TestPlatform.Extensions.Trx.TestLogger.dll'
TpTrace Verbose: 0 : 27448, 1, 2022/12/15, 17:12:49.743, 1161518156705, vstest.console.dll, TestPluginCache: Discovered the extensions using extension path ''.
TpTrace Verbose: 0 : 27448, 1, 2022/12/15, 17:12:49.743, 1161518157635, vstest.console.dll, TestPluginCache: Discoverers are ''.
TpTrace Verbose: 0 : 27448, 1, 2022/12/15, 17:12:49.743, 1161518158012, vstest.console.dll, TestPluginCache: Executors are ''.
TpTrace Verbose: 0 : 27448, 1, 2022/12/15, 17:12:49.743, 1161518158307, vstest.console.dll, TestPluginCache: Executors2 are ''.
TpTrace Verbose: 0 : 27448, 1, 2022/12/15, 17:12:49.743, 1161518158663, vstest.console.dll, TestPluginCache: Setting providers are ''.
TpTrace Verbose: 0 : 27448, 1, 2022/12/15, 17:12:49.743, 1161518158962, vstest.console.dll, TestPluginCache: Loggers are ''.
TpTrace Verbose: 0 : 27448, 1, 2022/12/15, 17:12:49.743, 1161518161081, vstest.console.dll, TestPluginCache: TestHosts are 'HostProvider://DefaultTestHost,HostProvider://DotnetTestHost'.
TpTrace Verbose: 0 : 27448, 1, 2022/12/15, 17:12:49.743, 1161518162221, vstest.console.dll, TestPluginCache: DataCollectors are ''.
TpTrace Information: 0 : 27448, 1, 2022/12/15, 17:12:49.777, 1161518500529, vstest.console.dll, RunTestsArgumentProcessor:Execute: Test run is starting.
TpTrace Verbose: 0 : 27448, 1, 2022/12/15, 17:12:49.777, 1161518502264, vstest.console.dll, RunTestsArgumentProcessor:Execute: Queuing Test run.
TpTrace Information: 0 : 27448, 1, 2022/12/15, 17:12:49.778, 1161518507466, vstest.console.dll, TestRequestManager.RunTests: run tests started.
TpTrace Information: 0 : 27448, 1, 2022/12/15, 17:12:49.780, 1161518528798, vstest.console.dll, AssemblyMetadataProvider.GetFrameworkName: Determined framework:'.NETCoreApp,Version=v6.0' for source: 'C:\HCM\HcmMemberSearch\ProviderNUnitTests\bin\Debug\net6.0\fine-code-coverage\build-output\NUnitTests.dll'
TpTrace Information: 0 : 27448, 1, 2022/12/15, 17:12:49.780, 1161518530295, vstest.console.dll, Determined framework for all sources: .NETCoreApp,Version=v6.0
TpTrace Verbose: 0 : 27448, 1, 2022/12/15, 17:12:49.781, 1161518539300, vstest.console.dll, TestRequestManager.UpdateRunSettingsIfRequired: Default architecture: X64 IsDefaultTargetArchitecture: True, Current process architecture: X64 OperatingSystem: Windows.
TpTrace Information: 0 : 27448, 1, 2022/12/15, 17:12:49.785, 1161518576929, vstest.console.dll, AssemblyMetadataProvider.GetArchitecture: Determined architecture:AnyCPU info for assembly: C:\HCM\HcmMemberSearch\ProviderNUnitTests\bin\Debug\net6.0\fine-code-coverage\build-output\NUnitTests.dll
TpTrace Information: 0 : 27448, 1, 2022/12/15, 17:12:49.785, 1161518577598, vstest.console.dll, Determined platform for source 'C:\HCM\HcmMemberSearch\ProviderNUnitTests\bin\Debug\net6.0\fine-code-coverage\build-output\NUnitTests.dll' was AnyCPU and it will use the default plaform X64.
TpTrace Information: 0 : 27448, 1, 2022/12/15, 17:12:49.785, 1161518577920, vstest.console.dll, None of the sources provided any runnable platform, using the default platform: X64
TpTrace Information: 0 : 27448, 1, 2022/12/15, 17:12:49.785, 1161518578817, vstest.console.dll, Platform was updated to 'X64'.
TpTrace Information: 0 : 27448, 1, 2022/12/15, 17:12:49.792, 1161518650308, vstest.console.dll, InferRunSettingsHelper.IsTestSettingsEnabled: Unable to navigate to RunSettings/MSTest. Current node: RunSettings
TpTrace Information: 0 : 27448, 1, 2022/12/15, 17:12:49.793, 1161518658990, vstest.console.dll, AssemblyResolver.OnResolve: Microsoft.VisualStudio.TestPlatform.Fakes: Resolving assembly.
TpTrace Information: 0 : 27448, 1, 2022/12/15, 17:12:49.793, 1161518659709, vstest.console.dll, AssemblyResolver.OnResolve: Microsoft.VisualStudio.TestPlatform.Fakes: Searching in: 'C:\Program Files\dotnet\sdk\6.0.400\Extensions'.
TpTrace Information: 0 : 27448, 1, 2022/12/15, 17:12:49.793, 1161518661473, vstest.console.dll, AssemblyResolver.OnResolve: Microsoft.VisualStudio.TestPlatform.Fakes: Assembly path does not exist: 'C:\Program Files\dotnet\sdk\6.0.400\Extensions\Microsoft.VisualStudio.TestPlatform.Fakes.dll', returning.
TpTrace Information: 0 : 27448, 1, 2022/12/15, 17:12:49.793, 1161518662427, vstest.console.dll, AssemblyResolver.OnResolve: Microsoft.VisualStudio.TestPlatform.Fakes: Assembly path does not exist: 'C:\Program Files\dotnet\sdk\6.0.400\Extensions\Microsoft.VisualStudio.TestPlatform.Fakes.exe', returning.
TpTrace Information: 0 : 27448, 1, 2022/12/15, 17:12:49.793, 1161518662989, vstest.console.dll, AssemblyResolver.OnResolve: Microsoft.VisualStudio.TestPlatform.Fakes: Searching in: 'C:\Program Files\dotnet\sdk\6.0.400'.
TpTrace Information: 0 : 27448, 1, 2022/12/15, 17:12:49.793, 1161518663829, vstest.console.dll, AssemblyResolver.OnResolve: Microsoft.VisualStudio.TestPlatform.Fakes: Assembly path does not exist: 'C:\Program Files\dotnet\sdk\6.0.400\Microsoft.VisualStudio.TestPlatform.Fakes.dll', returning.
TpTrace Information: 0 : 27448, 1, 2022/12/15, 17:12:49.793, 1161518664570, vstest.console.dll, AssemblyResolver.OnResolve: Microsoft.VisualStudio.TestPlatform.Fakes: Assembly path does not exist: 'C:\Program Files\dotnet\sdk\6.0.400\Microsoft.VisualStudio.TestPlatform.Fakes.exe', returning.
TpTrace Information: 0 : 27448, 1, 2022/12/15, 17:12:49.793, 1161518664895, vstest.console.dll, AssemblyResolver.OnResolve: Microsoft.VisualStudio.TestPlatform.Fakes: Failed to load assembly.
TpTrace Information: 0 : 27448, 1, 2022/12/15, 17:12:49.794, 1161518667936, vstest.console.dll, Failed to load assembly Microsoft.VisualStudio.TestPlatform.Fakes, Version=17.0.0.0, Culture=neutral. Reason:System.IO.FileNotFoundException: Could not load file or assembly 'Microsoft.VisualStudio.TestPlatform.Fakes, Version=17.0.0.0, Culture=neutral, PublicKeyToken=null'. The system cannot find the file specified.
File name: 'Microsoft.VisualStudio.TestPlatform.Fakes, Version=17.0.0.0, Culture=neutral, PublicKeyToken=null'
   at System.Reflection.RuntimeAssembly.InternalLoad(ObjectHandleOnStack assemblyName, ObjectHandleOnStack requestingAssembly, StackCrawlMarkHandle stackMark, Boolean throwOnFileNotFound, ObjectHandleOnStack assemblyLoadContext, ObjectHandleOnStack retAssembly)
   at System.Reflection.RuntimeAssembly.InternalLoad(AssemblyName assemblyName, RuntimeAssembly requestingAssembly, StackCrawlMark& stackMark, Boolean throwOnFileNotFound, AssemblyLoadContext assemblyLoadContext)
   at System.Reflection.Assembly.Load(AssemblyName assemblyRef)
   at Microsoft.VisualStudio.TestPlatform.Common.Utilities.FakesUtilities.LoadTestPlatformAssembly()
TpTrace Verbose: 0 : 27448, 1, 2022/12/15, 17:12:49.806, 1161518787719, vstest.console.dll, TestPluginCache.DiscoverTestExtensions: finding test extensions in assemblies ends with: TestLogger.dll TPluginInfo: Microsoft.VisualStudio.TestPlatform.Common.ExtensionFramework.Utilities.TestLoggerPluginInformation TExtension: Microsoft.VisualStudio.TestPlatform.ObjectModel.Client.ITestLogger
TpTrace Verbose: 0 : 27448, 1, 2022/12/15, 17:12:49.806, 1161518789073, vstest.console.dll, TestPluginCache.GetExtensionPaths: Filtered extension paths: 
TpTrace Verbose: 0 : 27448, 1, 2022/12/15, 17:12:49.806, 1161518789444, vstest.console.dll, TestPluginCache.GetExtensionPaths: Added default extension paths: C:\Program Files\dotnet\sdk\6.0.400\Extensions\Microsoft.Diagnostics.NETCore.Client.dll
C:\Program Files\dotnet\sdk\6.0.400\Extensions\Microsoft.TestPlatform.Extensions.BlameDataCollector.dll
C:\Program Files\dotnet\sdk\6.0.400\Extensions\Microsoft.TestPlatform.Extensions.EventLogCollector.dll
C:\Program Files\dotnet\sdk\6.0.400\Extensions\Microsoft.TestPlatform.TestHostRuntimeProvider.dll
C:\Program Files\dotnet\sdk\6.0.400\Extensions\Microsoft.VisualStudio.TestPlatform.Extensions.Html.TestLogger.dll
C:\Program Files\dotnet\sdk\6.0.400\Extensions\Microsoft.VisualStudio.TestPlatform.Extensions.Trx.TestLogger.dll
TpTrace Verbose: 0 : 27448, 1, 2022/12/15, 17:12:49.806, 1161518789734, vstest.console.dll, TestPluginCache.GetExtensionPaths: Added unfilterableExtensionPaths: 
TpTrace Information: 0 : 27448, 1, 2022/12/15, 17:12:49.806, 1161518791208, vstest.console.dll, AssemblyResolver.AddSearchDirectories: Adding more searchDirectories C:\Program Files\dotnet\sdk\6.0.400\Extensions,C:\Program Files\dotnet\sdk\6.0.400
TpTrace Verbose: 0 : 27448, 1, 2022/12/15, 17:12:49.806, 1161518791765, vstest.console.dll, TestPluginCache.DiscoverTestExtensions: Discovering the extensions using extension path.
TpTrace Verbose: 0 : 27448, 1, 2022/12/15, 17:12:49.806, 1161518792159, vstest.console.dll, TestPluginCache.GetExtensionPaths: Filtered extension paths: 
TpTrace Verbose: 0 : 27448, 1, 2022/12/15, 17:12:49.806, 1161518792493, vstest.console.dll, TestPluginCache.GetExtensionPaths: Added default extension paths: C:\Program Files\dotnet\sdk\6.0.400\Extensions\Microsoft.Diagnostics.NETCore.Client.dll
C:\Program Files\dotnet\sdk\6.0.400\Extensions\Microsoft.TestPlatform.Extensions.BlameDataCollector.dll
C:\Program Files\dotnet\sdk\6.0.400\Extensions\Microsoft.TestPlatform.Extensions.EventLogCollector.dll
C:\Program Files\dotnet\sdk\6.0.400\Extensions\Microsoft.TestPlatform.TestHostRuntimeProvider.dll
C:\Program Files\dotnet\sdk\6.0.400\Extensions\Microsoft.VisualStudio.TestPlatform.Extensions.Html.TestLogger.dll
C:\Program Files\dotnet\sdk\6.0.400\Extensions\Microsoft.VisualStudio.TestPlatform.Extensions.Trx.TestLogger.dll
TpTrace Verbose: 0 : 27448, 1, 2022/12/15, 17:12:49.806, 1161518792775, vstest.console.dll, TestPluginCache.GetExtensionPaths: Added unfilterableExtensionPaths: 
TpTrace Verbose: 0 : 27448, 1, 2022/12/15, 17:12:49.806, 1161518793789, vstest.console.dll, TestPluginCache.DiscoverTestExtensions: Discovering the extensions using allExtensionPaths: C:\Program Files\dotnet\sdk\6.0.400\Extensions\Microsoft.Diagnostics.NETCore.Client.dll
C:\Program Files\dotnet\sdk\6.0.400\Extensions\Microsoft.TestPlatform.Extensions.BlameDataCollector.dll
C:\Program Files\dotnet\sdk\6.0.400\Extensions\Microsoft.TestPlatform.Extensions.EventLogCollector.dll
C:\Program Files\dotnet\sdk\6.0.400\Extensions\Microsoft.TestPlatform.TestHostRuntimeProvider.dll
C:\Program Files\dotnet\sdk\6.0.400\Extensions\Microsoft.VisualStudio.TestPlatform.Extensions.Html.TestLogger.dll
C:\Program Files\dotnet\sdk\6.0.400\Extensions\Microsoft.VisualStudio.TestPlatform.Extensions.Trx.TestLogger.dll
TpTrace Information: 0 : 27448, 1, 2022/12/15, 17:12:49.806, 1161518794363, vstest.console.dll, AssemblyResolver.AddSearchDirectories: Adding more searchDirectories C:\Program Files\dotnet\sdk\6.0.400\Extensions,C:\Program Files\dotnet\sdk\6.0.400
TpTrace Information: 0 : 27448, 1, 2022/12/15, 17:12:49.806, 1161518795095, vstest.console.dll, AssemblyResolver.AddSearchDirectories: Adding more searchDirectories C:\Program Files\dotnet\sdk\6.0.400\Extensions,C:\Program Files\dotnet\sdk\6.0.400
TpTrace Information: 0 : 27448, 1, 2022/12/15, 17:12:49.807, 1161518795633, vstest.console.dll, AssemblyResolver.AddSearchDirectories: Adding more searchDirectories C:\Program Files\dotnet\sdk\6.0.400\Extensions,C:\Program Files\dotnet\sdk\6.0.400
TpTrace Information: 0 : 27448, 1, 2022/12/15, 17:12:49.807, 1161518796043, vstest.console.dll, AssemblyResolver.AddSearchDirectories: Adding more searchDirectories C:\Program Files\dotnet\sdk\6.0.400\Extensions,C:\Program Files\dotnet\sdk\6.0.400
TpTrace Information: 0 : 27448, 1, 2022/12/15, 17:12:49.807, 1161518796625, vstest.console.dll, AssemblyResolver.AddSearchDirectories: Adding more searchDirectories C:\Program Files\dotnet\sdk\6.0.400\Extensions,C:\Program Files\dotnet\sdk\6.0.400
TpTrace Information: 0 : 27448, 1, 2022/12/15, 17:12:49.807, 1161518797074, vstest.console.dll, AssemblyResolver.AddSearchDirectories: Adding more searchDirectories C:\Program Files\dotnet\sdk\6.0.400\Extensions,C:\Program Files\dotnet\sdk\6.0.400
TpTrace Verbose: 0 : 27448, 1, 2022/12/15, 17:12:49.807, 1161518798451, vstest.console.dll, MetadataReaderExtensionsHelper: Discovering extensions inside assembly 'Microsoft.Diagnostics.NETCore.Client, Version=0.2.5.801, Culture=neutral, PublicKeyToken=31bf3856ad364e35' file path 'C:\Program Files\dotnet\sdk\6.0.400\Extensions\Microsoft.Diagnostics.NETCore.Client.dll'
TpTrace Information: 0 : 27448, 1, 2022/12/15, 17:12:49.807, 1161518804252, vstest.console.dll, AssemblyResolver.OnResolve: Microsoft.Bcl.AsyncInterfaces: Resolving assembly.
TpTrace Information: 0 : 27448, 1, 2022/12/15, 17:12:49.807, 1161518804932, vstest.console.dll, AssemblyResolver.OnResolve: Microsoft.Bcl.AsyncInterfaces: Resolved from cache.
TpTrace Verbose: 0 : 27448, 1, 2022/12/15, 17:12:49.807, 1161518805287, vstest.console.dll, CurrentDomainAssemblyResolve: Resolving assembly 'Microsoft.Bcl.AsyncInterfaces'.
TpTrace Information: 0 : 27448, 1, 2022/12/15, 17:12:49.808, 1161518805735, vstest.console.dll, AssemblyResolver.OnResolve: Microsoft.Bcl.AsyncInterfaces: Resolving assembly.
TpTrace Information: 0 : 27448, 1, 2022/12/15, 17:12:49.808, 1161518806221, vstest.console.dll, AssemblyResolver.OnResolve: Microsoft.Bcl.AsyncInterfaces: Resolved from cache.
TpTrace Verbose: 0 : 27448, 1, 2022/12/15, 17:12:49.808, 1161518806547, vstest.console.dll, CurrentDomainAssemblyResolve: Resolving assembly 'Microsoft.Bcl.AsyncInterfaces'.
TpTrace Verbose: 0 : 27448, 1, 2022/12/15, 17:12:49.808, 1161518806806, vstest.console.dll, CurrentDomainAssemblyResolve: Failed to resolve assembly 'Microsoft.Bcl.AsyncInterfaces'.
TpTrace Verbose: 0 : 27448, 1, 2022/12/15, 17:12:49.808, 1161518808513, vstest.console.dll, CurrentDomainAssemblyResolve: Failed to resolve assembly 'Microsoft.Bcl.AsyncInterfaces'.
TpTrace Warning: 0 : 27448, 1, 2022/12/15, 17:12:49.808, 1161518812756, vstest.console.dll, TestPluginDiscoverer: Failed to get types from assembly 'Microsoft.Diagnostics.NETCore.Client, Version=0.2.5.801, Culture=neutral, PublicKeyToken=31bf3856ad364e35'. Error: System.Reflection.ReflectionTypeLoadException: Unable to load one or more of the requested types.
Could not load file or assembly 'Microsoft.Bcl.AsyncInterfaces, Version=1.0.0.0, Culture=neutral, PublicKeyToken=cc7b13ffcd2ddd51'. The system cannot find the file specified.
   at System.Reflection.RuntimeModule.GetTypes(RuntimeModule module)
   at System.Reflection.Assembly.GetTypes()
   at Microsoft.VisualStudio.TestPlatform.Common.ExtensionFramework.TestPluginDiscoverer.GetTestExtensionsFromAssembly[TPluginInfo,TExtension](Assembly assembly, Dictionary`2 pluginInfos, String filePath)
System.IO.FileNotFoundException: Could not load file or assembly 'Microsoft.Bcl.AsyncInterfaces, Version=1.0.0.0, Culture=neutral, PublicKeyToken=cc7b13ffcd2ddd51'. The system cannot find the file specified.
File name: 'Microsoft.Bcl.AsyncInterfaces, Version=1.0.0.0, Culture=neutral, PublicKeyToken=cc7b13ffcd2ddd51'
 ---> System.IO.FileNotFoundException: Could not load file or assembly 'Microsoft.Bcl.AsyncInterfaces, Culture=neutral, PublicKeyToken=null'. The system cannot find the file specified.
File name: 'Microsoft.Bcl.AsyncInterfaces, Culture=neutral, PublicKeyToken=null'
   at System.Reflection.RuntimeAssembly.InternalLoad(ObjectHandleOnStack assemblyName, ObjectHandleOnStack requestingAssembly, StackCrawlMarkHandle stackMark, Boolean throwOnFileNotFound, ObjectHandleOnStack assemblyLoadContext, ObjectHandleOnStack retAssembly)
   at System.Reflection.RuntimeAssembly.InternalLoad(AssemblyName assemblyName, RuntimeAssembly requestingAssembly, StackCrawlMark& stackMark, Boolean throwOnFileNotFound, AssemblyLoadContext assemblyLoadContext)
   at System.Reflection.Assembly.Load(AssemblyName assemblyRef)
   at Microsoft.VisualStudio.TestPlatform.Common.ExtensionFramework.TestPluginCache.CurrentDomainAssemblyResolve(Object sender, AssemblyResolveEventArgs args)
   at Microsoft.VisualStudio.TestPlatform.PlatformAbstractions.PlatformAssemblyResolver.AssemblyResolverEvent(Object sender, Object eventArgs)
   at System.Runtime.Loader.AssemblyLoadContext.GetFirstResolvedAssemblyFromResolvingEvent(AssemblyName assemblyName)
   at System.Runtime.Loader.AssemblyLoadContext.ResolveUsingEvent(AssemblyName assemblyName)
   at System.Runtime.Loader.AssemblyLoadContext.ResolveUsingResolvingEvent(IntPtr gchManagedAssemblyLoadContext, AssemblyName assemblyName)
TpTrace Warning: 0 : 27448, 1, 2022/12/15, 17:12:49.808, 1161518814867, vstest.console.dll, LoaderExceptions: System.IO.FileNotFoundException: Could not load file or assembly 'Microsoft.Bcl.AsyncInterfaces, Version=1.0.0.0, Culture=neutral, PublicKeyToken=cc7b13ffcd2ddd51'. The system cannot find the file specified.
File name: 'Microsoft.Bcl.AsyncInterfaces, Version=1.0.0.0, Culture=neutral, PublicKeyToken=cc7b13ffcd2ddd51'
 ---> System.IO.FileNotFoundException: Could not load file or assembly 'Microsoft.Bcl.AsyncInterfaces, Culture=neutral, PublicKeyToken=null'. The system cannot find the file specified.
File name: 'Microsoft.Bcl.AsyncInterfaces, Culture=neutral, PublicKeyToken=null'
   at System.Reflection.RuntimeAssembly.InternalLoad(ObjectHandleOnStack assemblyName, ObjectHandleOnStack requestingAssembly, StackCrawlMarkHandle stackMark, Boolean throwOnFileNotFound, ObjectHandleOnStack assemblyLoadContext, ObjectHandleOnStack retAssembly)
   at System.Reflection.RuntimeAssembly.InternalLoad(AssemblyName assemblyName, RuntimeAssembly requestingAssembly, StackCrawlMark& stackMark, Boolean throwOnFileNotFound, AssemblyLoadContext assemblyLoadContext)
   at System.Reflection.Assembly.Load(AssemblyName assemblyRef)
   at Microsoft.VisualStudio.TestPlatform.Common.ExtensionFramework.TestPluginCache.CurrentDomainAssemblyResolve(Object sender, AssemblyResolveEventArgs args)
   at Microsoft.VisualStudio.TestPlatform.PlatformAbstractions.PlatformAssemblyResolver.AssemblyResolverEvent(Object sender, Object eventArgs)
   at System.Runtime.Loader.AssemblyLoadContext.GetFirstResolvedAssemblyFromResolvingEvent(AssemblyName assemblyName)
   at System.Runtime.Loader.AssemblyLoadContext.ResolveUsingEvent(AssemblyName assemblyName)
   at System.Runtime.Loader.AssemblyLoadContext.ResolveUsingResolvingEvent(IntPtr gchManagedAssemblyLoadContext, AssemblyName assemblyName)
TpTrace Verbose: 0 : 27448, 1, 2022/12/15, 17:12:49.809, 1161518815816, vstest.console.dll, MetadataReaderExtensionsHelper: Discovering extensions inside assembly 'Microsoft.TestPlatform.Extensions.BlameDataCollector, Version=15.0.0.0, Culture=neutral, PublicKeyToken=b03f5f7f11d50a3a' file path 'C:\Program Files\dotnet\sdk\6.0.400\Extensions\Microsoft.TestPlatform.Extensions.BlameDataCollector.dll'
TpTrace Information: 0 : 27448, 1, 2022/12/15, 17:12:49.809, 1161518821619, vstest.console.dll, GetTestExtensionFromType: Register extension with identifier data 'logger://Microsoft/TestPlatform/Extensions/Blame/v1' and type 'Microsoft.TestPlatform.Extensions.BlameDataCollector.BlameLogger, Microsoft.TestPlatform.Extensions.BlameDataCollector, Version=15.0.0.0, Culture=neutral, PublicKeyToken=b03f5f7f11d50a3a' inside file 'C:\Program Files\dotnet\sdk\6.0.400\Extensions\Microsoft.TestPlatform.Extensions.BlameDataCollector.dll'
TpTrace Verbose: 0 : 27448, 1, 2022/12/15, 17:12:49.809, 1161518822424, vstest.console.dll, MetadataReaderExtensionsHelper: Discovering extensions inside assembly 'Microsoft.TestPlatform.Extensions.EventLogCollector, Version=15.0.0.0, Culture=neutral, PublicKeyToken=b03f5f7f11d50a3a' file path 'C:\Program Files\dotnet\sdk\6.0.400\Extensions\Microsoft.TestPlatform.Extensions.EventLogCollector.dll'
TpTrace Verbose: 0 : 27448, 1, 2022/12/15, 17:12:49.810, 1161518826368, vstest.console.dll, MetadataReaderExtensionsHelper: Discovering extensions inside assembly 'Microsoft.TestPlatform.TestHostRuntimeProvider, Version=15.0.0.0, Culture=neutral, PublicKeyToken=b03f5f7f11d50a3a' file path 'C:\Program Files\dotnet\sdk\6.0.400\Extensions\Microsoft.TestPlatform.TestHostRuntimeProvider.dll'
TpTrace Verbose: 0 : 27448, 1, 2022/12/15, 17:12:49.810, 1161518830811, vstest.console.dll, MetadataReaderExtensionsHelper: Discovering extensions inside assembly 'Microsoft.VisualStudio.TestPlatform.Extensions.Html.TestLogger, Version=15.0.0.0, Culture=neutral, PublicKeyToken=b03f5f7f11d50a3a' file path 'C:\Program Files\dotnet\sdk\6.0.400\Extensions\Microsoft.VisualStudio.TestPlatform.Extensions.Html.TestLogger.dll'
TpTrace Information: 0 : 27448, 1, 2022/12/15, 17:12:49.811, 1161518835596, vstest.console.dll, GetTestExtensionFromType: Register extension with identifier data 'logger://Microsoft/TestPlatform/HtmlLogger/v1' and type 'Microsoft.VisualStudio.TestPlatform.Extensions.HtmlLogger.HtmlLogger, Microsoft.VisualStudio.TestPlatform.Extensions.Html.TestLogger, Version=15.0.0.0, Culture=neutral, PublicKeyToken=b03f5f7f11d50a3a' inside file 'C:\Program Files\dotnet\sdk\6.0.400\Extensions\Microsoft.VisualStudio.TestPlatform.Extensions.Html.TestLogger.dll'
TpTrace Verbose: 0 : 27448, 1, 2022/12/15, 17:12:49.811, 1161518836524, vstest.console.dll, MetadataReaderExtensionsHelper: Discovering extensions inside assembly 'Microsoft.VisualStudio.TestPlatform.Extensions.Trx.TestLogger, Version=15.0.0.0, Culture=neutral, PublicKeyToken=b03f5f7f11d50a3a' file path 'C:\Program Files\dotnet\sdk\6.0.400\Extensions\Microsoft.VisualStudio.TestPlatform.Extensions.Trx.TestLogger.dll'
TpTrace Information: 0 : 27448, 1, 2022/12/15, 17:12:49.811, 1161518841916, vstest.console.dll, GetTestExtensionFromType: Register extension with identifier data 'logger://Microsoft/TestPlatform/TrxLogger/v1' and type 'Microsoft.VisualStudio.TestPlatform.Extensions.TrxLogger.TrxLogger, Microsoft.VisualStudio.TestPlatform.Extensions.Trx.TestLogger, Version=15.0.0.0, Culture=neutral, PublicKeyToken=b03f5f7f11d50a3a' inside file 'C:\Program Files\dotnet\sdk\6.0.400\Extensions\Microsoft.VisualStudio.TestPlatform.Extensions.Trx.TestLogger.dll'
TpTrace Verbose: 0 : 27448, 1, 2022/12/15, 17:12:49.811, 1161518843047, vstest.console.dll, TestPluginCache: Discovered the extensions using extension path ''.
TpTrace Verbose: 0 : 27448, 1, 2022/12/15, 17:12:49.811, 1161518843727, vstest.console.dll, TestPluginCache: Discoverers are ''.
TpTrace Verbose: 0 : 27448, 1, 2022/12/15, 17:12:49.811, 1161518844151, vstest.console.dll, TestPluginCache: Executors are ''.
TpTrace Verbose: 0 : 27448, 1, 2022/12/15, 17:12:49.811, 1161518844533, vstest.console.dll, TestPluginCache: Executors2 are ''.
TpTrace Verbose: 0 : 27448, 1, 2022/12/15, 17:12:49.811, 1161518844916, vstest.console.dll, TestPluginCache: Setting providers are ''.
TpTrace Verbose: 0 : 27448, 1, 2022/12/15, 17:12:49.812, 1161518846133, vstest.console.dll, TestPluginCache: Loggers are 'logger://Microsoft/TestPlatform/Extensions/Blame/v1,logger://Microsoft/TestPlatform/HtmlLogger/v1,logger://Microsoft/TestPlatform/TrxLogger/v1'.
TpTrace Verbose: 0 : 27448, 1, 2022/12/15, 17:12:49.812, 1161518846763, vstest.console.dll, TestPluginCache: TestHosts are 'HostProvider://DefaultTestHost,HostProvider://DotnetTestHost'.
TpTrace Verbose: 0 : 27448, 1, 2022/12/15, 17:12:49.812, 1161518847154, vstest.console.dll, TestPluginCache: DataCollectors are ''.
TpTrace Information: 0 : 27448, 1, 2022/12/15, 17:12:49.813, 1161518857198, vstest.console.dll, TestPluginManager.CreateTestExtension: Attempting to load test extension: Microsoft.TestPlatform.Extensions.BlameDataCollector.BlameLogger
TpTrace Verbose: 0 : 27448, 1, 2022/12/15, 17:12:49.820, 1161518929043, vstest.console.dll, TestEngine: Initializing Parallel Execution as MaxCpuCount is set to: 1
TpTrace Information: 0 : 27448, 1, 2022/12/15, 17:12:49.822, 1161518951573, vstest.console.dll, TestPluginManager.CreateTestExtension: Attempting to load test extension: Microsoft.VisualStudio.TestPlatform.CrossPlatEngine.Hosting.DefaultTestHostManager
TpTrace Information: 0 : 27448, 1, 2022/12/15, 17:12:49.824, 1161518965663, vstest.console.dll, TestPluginManager.CreateTestExtension: Attempting to load test extension: Microsoft.VisualStudio.TestPlatform.CrossPlatEngine.Hosting.DotnetTestHostManager
TpTrace Information: 0 : 27448, 1, 2022/12/15, 17:12:49.824, 1161518973878, vstest.console.dll, InferRunSettingsHelper.IsTestSettingsEnabled: Unable to navigate to RunSettings/MSTest. Current node: RunSettings
TpTrace Verbose: 0 : 27448, 1, 2022/12/15, 17:12:49.831, 1161519041971, vstest.console.dll, TestEngine.GetExecutionManager: Chosen execution manager 'Microsoft.VisualStudio.TestPlatform.CrossPlatEngine.Client.Parallel.ParallelProxyExecutionManager, Microsoft.TestPlatform.CrossPlatEngine, Version=15.0.0.0, Culture=neutral, PublicKeyToken=b03f5f7f11d50a3a' ParallelLevel '1'.
TpTrace Verbose: 0 : 27448, 1, 2022/12/15, 17:12:49.831, 1161519043610, vstest.console.dll, TestRunRequest.ExecuteAsync: Creating test run request.
TpTrace Verbose: 0 : 27448, 1, 2022/12/15, 17:12:49.832, 1161519046140, vstest.console.dll, TestRunRequest.ExecuteAsync: Starting.
TpTrace Information: 0 : 27448, 1, 2022/12/15, 17:12:49.832, 1161519050274, vstest.console.dll, TestRunRequest.ExecuteAsync: Starting run with settings:TestRunCriteria:
   KeepAlive=False,FrequencyOfRunStatsChangeEvent=10,RunStatsChangeEventTimeout=00:00:01.5000000,TestCaseFilter=,TestExecutorLauncher=
   Settingsxml=<RunSettings>
  <RunConfiguration>
    <ResultsDirectory>C:\HCM\HcmMemberSearch\ProviderNUnitTests\bin\Debug\net6.0\fine-code-coverage\coverage-tool-output</ResultsDirectory>
    <TargetPlatform>X64</TargetPlatform>
    <TargetFrameworkVersion>.NETCoreApp,Version=v6.0</TargetFrameworkVersion>
    <DesignMode>False</DesignMode>
    <CollectSourceInformation>False</CollectSourceInformation>
  </RunConfiguration>
  <LoggerRunSettings>
    <Loggers>
      <Logger friendlyName="blame" enabled="True" />
      <Logger friendlyName="Console" uri="logger://microsoft/TestPlatform/ConsoleLogger/v1" assemblyQualifiedName="Microsoft.VisualStudio.TestPlatform.CommandLine.Internal.ConsoleLogger, vstest.console, Version=15.0.0.0, Culture=neutral, PublicKeyToken=b03f5f7f11d50a3a" codeBase="C:\Program Files\dotnet\sdk\6.0.400\vstest.console.dll" enabled="True" />
    </Loggers>
  </LoggerRunSettings>
  <DataCollectionRunSettings>
    <DataCollectors>
      <DataCollector friendlyName="blame" enabled="True">
        <Configuration>
          <ResultsDirectory>C:\HCM\HcmMemberSearch\ProviderNUnitTests\bin\Debug\net6.0\fine-code-coverage\coverage-tool-output</ResultsDirectory>
        </Configuration>
      </DataCollector>
    </DataCollectors>
  </DataCollectionRunSettings>
</RunSettings>

TpTrace Verbose: 0 : 27448, 1, 2022/12/15, 17:12:49.832, 1161519050966, vstest.console.dll, TestRunRequest.ExecuteAsync: Wait for the first run request is over.
TpTrace Verbose: 0 : 27448, 1, 2022/12/15, 17:12:49.832, 1161519054067, vstest.console.dll, MulticastDelegateUtilities.SafeInvoke: TestRun.TestRunStart: Invoking callbacks was skipped because there are no subscribers.
TpTrace Verbose: 0 : 27448, 4, 2022/12/15, 17:12:49.833, 1161519057325, vstest.console.dll, MulticastDelegateUtilities.SafeInvoke: InternalTestLoggerEvents.SendTestRunStart: Invoking callback 1/1 for Microsoft.VisualStudio.TestPlatform.CommandLine.Internal.ConsoleLogger.TestRunStartHandler, took 0 ms.
TpTrace Verbose: 0 : 27448, 1, 2022/12/15, 17:12:49.834, 1161519066675, vstest.console.dll, ParallelProxyExecutionManager: Start execution. Total sources: 1
TpTrace Verbose: 0 : 27448, 1, 2022/12/15, 17:12:49.837, 1161519096781, vstest.console.dll, TestRequestSender is acting as server.
TpTrace Verbose: 0 : 27448, 1, 2022/12/15, 17:12:49.839, 1161519116575, vstest.console.dll, DataCollectionRequestSender.InitializeCommunication : Initialize communication. 
TpTrace Information: 0 : 27448, 1, 2022/12/15, 17:12:49.846, 1161519194078, vstest.console.dll, Listening on Endpoint : 127.0.0.1:50800
TpTrace Verbose: 0 : 27448, 1, 2022/12/15, 17:12:49.856, 1161519288619, vstest.console.dll, DotnetDataCollectionLauncher: Adding  --runtimeconfig "C:\Program Files\dotnet\sdk\6.0.400\datacollector.runtimeconfig.json" in args
TpTrace Verbose: 0 : 27448, 1, 2022/12/15, 17:12:49.856, 1161519293830, vstest.console.dll, DotnetDataCollectionLauncher: Adding  --depsfile "C:\Program Files\dotnet\sdk\6.0.400\datacollector.deps.json" in args
TpTrace Verbose: 0 : 27448, 1, 2022/12/15, 17:12:49.857, 1161519296951, vstest.console.dll, DotnetDataCollectionLauncher: Full path of dotnet.exe is C:\Program Files\dotnet\dotnet.exe
TpTrace Information: 0 : 27448, 1, 2022/12/15, 17:12:49.917, 1161519901727, vstest.console.dll, ProxyDataCollectionManager.Initialize: Launched datacollector processId: 29388 port: 50800
TpTrace Information: 0 : 27448, 1, 2022/12/15, 17:12:49.917, 1161519904020, vstest.console.dll, ProxyDataCollectionManager.Initialize: waiting for connection with timeout: 90 seconds
TpTrace Verbose: 0 : 27448, 1, 2022/12/15, 17:12:49.917, 1161519905081, vstest.console.dll, DataCollectionRequestSender.WaitForRequestHandlerConnection : Waiting for connection with timeout: 90000
TpTrace Information: 0 : 27448, 5, 2022/12/15, 17:12:50.248, 1161523206228, vstest.console.dll, Using the buffer size of 16384 bytes
TpTrace Verbose: 0 : 27448, 1, 2022/12/15, 17:12:50.248, 1161523206521, vstest.console.dll, SocketCommunicationManager.WaitForClientConnection took: 330 ms, with 90000 ms timeout, and finished with True.
TpTrace Information: 0 : 27448, 5, 2022/12/15, 17:12:50.248, 1161523208054, vstest.console.dll, Accepted Client request and set the flag
TpTrace Verbose: 0 : 27448, 1, 2022/12/15, 17:12:50.248, 1161523210145, vstest.console.dll, ProxyDataCollectionManager.InvokeDataCollectionServiceAction: Starting.
TpTrace Information: 0 : 27448, 1, 2022/12/15, 17:12:50.248, 1161523211679, vstest.console.dll, ProxyDataCollectionManager.BeforeTestRunStart: Get environment variable and port for datacollector processId: 29388 port: 50800
TpTrace Verbose: 0 : 27448, 1, 2022/12/15, 17:12:50.248, 1161523213679, vstest.console.dll, DataCollectionRequestSender.SendBeforeTestRunStartAndGetResult: Send BeforeTestRunStart message with settingsXml <RunSettings><RunConfiguration><ResultsDirectory>C:\HCM\HcmMemberSearch\ProviderNUnitTests\bin\Debug\net6.0\fine-code-coverage\coverage-tool-output</ResultsDirectory><TargetPlatform>X64</TargetPlatform><TargetFrameworkVersion>.NETCoreApp,Version=v6.0</TargetFrameworkVersion><DesignMode>False</DesignMode><CollectSourceInformation>False</CollectSourceInformation><TestAdaptersPaths>C:\Program Files\dotnet\sdk\6.0.400\Extensions</TestAdaptersPaths></RunConfiguration><LoggerRunSettings><Loggers><Logger friendlyName="blame" enabled="True" /><Logger friendlyName="Console" uri="logger://microsoft/TestPlatform/ConsoleLogger/v1" assemblyQualifiedName="Microsoft.VisualStudio.TestPlatform.CommandLine.Internal.ConsoleLogger, vstest.console, Version=15.0.0.0, Culture=neutral, PublicKeyToken=b03f5f7f11d50a3a" codeBase="C:\Program Files\dotnet\sdk\6.0.400\vstest.console.dll" enabled="True" /></Loggers></LoggerRunSettings><DataCollectionRunSettings><DataCollectors><DataCollector friendlyName="blame" enabled="True"><Configuration><ResultsDirectory>C:\HCM\HcmMemberSearch\ProviderNUnitTests\bin\Debug\net6.0\fine-code-coverage\coverage-tool-output</ResultsDirectory></Configuration></DataCollector></DataCollectors></DataCollectionRunSettings></RunSettings> and sources System.Collections.Generic.List`1[System.String]: 
TpTrace Verbose: 0 : 27448, 1, 2022/12/15, 17:12:50.337, 1161524096025, vstest.console.dll, DataCollectionRequestSender.SendBeforeTestRunStartAndGetResult: Received message: (DataCollection.SendMessage) -> {"MessageType":"DataCollection.SendMessage","Payload":{"FriendlyName":null,"Uri":null,"TestCaseId":"00000000-0000-0000-0000-000000000000","Message":"Logging DataCollector Diagnostics in file: C:\\HCM\\HcmMemberSearch\\ProviderNUnitTests\\bin\\Debug\\net6.0\\fine-code-coverage\\coverage-tool-output\\diagnostics.datacollector.22-12-15_17-12-49_85571_1.log","Level":0}}
TpTrace Verbose: 0 : 27448, 1, 2022/12/15, 17:12:50.546, 1161526190330, vstest.console.dll, DataCollectionRequestSender.SendBeforeTestRunStartAndGetResult: Received message: (DataCollection.BeforeTestRunStartResult) -> {"MessageType":"DataCollection.BeforeTestRunStartResult","Payload":{"EnvironmentVariables":{},"DataCollectionEventsPort":50802}}
TpTrace Information: 0 : 27448, 1, 2022/12/15, 17:12:50.556, 1161526289742, vstest.console.dll, ProxyDataCollectionManager.BeforeTestRunStart: SendBeforeTestRunStartAndGetResult successful, env variable from datacollector:   and testhost port: 50802
TpTrace Information: 0 : 27448, 1, 2022/12/15, 17:12:50.556, 1161526291392, vstest.console.dll, ProxyDataCollectionManager.InvokeDataCollectionServiceAction: Completed.
TpTrace Verbose: 0 : 27448, 7, 2022/12/15, 17:12:50.556, 1161526293164, vstest.console.dll, ParallelProxyExecutionManager: Execution started. Started clients: 1
TpTrace Verbose: 0 : 27448, 1, 2022/12/15, 17:12:50.556, 1161526293833, vstest.console.dll, ProxyParallelExecutionManager: No sources available for execution.
TpTrace Information: 0 : 27448, 1, 2022/12/15, 17:12:50.557, 1161526297044, vstest.console.dll, TestRunRequest.ExecuteAsync: Started.
TpTrace Verbose: 0 : 27448, 1, 2022/12/15, 17:12:50.557, 1161526298271, vstest.console.dll, TestRunRequest.WaitForCompletion: Waiting with timeout -1.
TpTrace Verbose: 0 : 27448, 7, 2022/12/15, 17:12:50.557, 1161526297121, vstest.console.dll, TestRunRequest:SendTestRunMessage: Starting.
TpTrace Verbose: 0 : 27448, 7, 2022/12/15, 17:12:50.557, 1161526301246, vstest.console.dll, MulticastDelegateUtilities.SafeInvoke: TestRun.LogMessages: Invoking callback 1/1 for Microsoft.VisualStudio.TestPlatform.CommandLine.TestRunResultAggregator.TestRunMessageHandler, took 0 ms.
TpTrace Verbose: 0 : 27448, 4, 2022/12/15, 17:12:50.557, 1161526301271, vstest.console.dll, MulticastDelegateUtilities.SafeInvoke: InternalTestLoggerEvents.SendTestRunMessage: Invoking callback 1/1 for Microsoft.VisualStudio.TestPlatform.CommandLine.Internal.ConsoleLogger.TestMessageHandler, took 0 ms.
TpTrace Information: 0 : 27448, 7, 2022/12/15, 17:12:50.557, 1161526302116, vstest.console.dll, TestRunRequest:SendTestRunMessage: Completed.
TpTrace Verbose: 0 : 27448, 7, 2022/12/15, 17:12:50.558, 1161526306007, vstest.console.dll, ProxyExecutionManager: Test host is always Lazy initialize.
TpTrace Verbose: 0 : 27448, 7, 2022/12/15, 17:12:50.558, 1161526309292, vstest.console.dll, TestRequestSender.InitializeCommunication: initialize communication. 
TpTrace Information: 0 : 27448, 7, 2022/12/15, 17:12:50.559, 1161526317570, vstest.console.dll, SocketServer.Start: Listening on endpoint : 127.0.0.1:50803
TpTrace Verbose: 0 : 27448, 7, 2022/12/15, 17:12:50.560, 1161526328354, vstest.console.dll, DotnetTestHostmanager.GetTestHostProcessStartInfo: Platform environment 'X64' target architecture 'X64' framework '.NETCoreApp,Version=v6.0' OS 'Windows'
TpTrace Verbose: 0 : 27448, 7, 2022/12/15, 17:12:50.560, 1161526333174, vstest.console.dll, DotnetTestHostmanager: Adding  --runtimeconfig "C:\HCM\HcmMemberSearch\ProviderNUnitTests\bin\Debug\net6.0\fine-code-coverage\build-output\NUnitTests.runtimeconfig.json" in args
TpTrace Verbose: 0 : 27448, 7, 2022/12/15, 17:12:50.561, 1161526336180, vstest.console.dll, DotnetTestHostmanager: Adding  --depsfile "C:\HCM\HcmMemberSearch\ProviderNUnitTests\bin\Debug\net6.0\fine-code-coverage\build-output\NUnitTests.deps.json" in args
TpTrace Verbose: 0 : 27448, 7, 2022/12/15, 17:12:50.561, 1161526341080, vstest.console.dll, DotnetTestHostmanager.IsWinOnArm: Current PROCESSOR_ARCHITECTURE from environment variable 'AMD64'
TpTrace Verbose: 0 : 27448, 7, 2022/12/15, 17:12:50.561, 1161526342273, vstest.console.dll, DotnetTestHostmanager.IsWinOnArm: Is Windows on ARM 'False'
TpTrace Verbose: 0 : 27448, 7, 2022/12/15, 17:12:50.561, 1161526344794, vstest.console.dll, DotnetTestHostManager: testhost.exe found at path: C:\HCM\HcmMemberSearch\ProviderNUnitTests\bin\Debug\net6.0\fine-code-coverage\build-output\testhost.exe
TpTrace Verbose: 0 : 27448, 7, 2022/12/15, 17:12:50.562, 1161526345753, vstest.console.dll, DotnetTestHostmanager: Full path of host exe is C:\HCM\HcmMemberSearch\ProviderNUnitTests\bin\Debug\net6.0\fine-code-coverage\build-output\testhost.exe
TpTrace Verbose: 0 : 27448, 7, 2022/12/15, 17:12:50.562, 1161526347497, vstest.console.dll, DotnetTestHostmanager.LaunchTestHostAsync: Found 'VSTEST_WINAPPHOST_DOTNET_ROOT' in env variables, value 'C:\Program Files\dotnet', forwarding to 'DOTNET_ROOT'
TpTrace Verbose: 0 : 27448, 7, 2022/12/15, 17:12:50.562, 1161526349537, vstest.console.dll, DotnetTestHostManager: Starting process 'C:\HCM\HcmMemberSearch\ProviderNUnitTests\bin\Debug\net6.0\fine-code-coverage\build-output\testhost.exe' with command line ' --runtimeconfig "C:\HCM\HcmMemberSearch\ProviderNUnitTests\bin\Debug\net6.0\fine-code-coverage\build-output\NUnitTests.runtimeconfig.json" --depsfile "C:\HCM\HcmMemberSearch\ProviderNUnitTests\bin\Debug\net6.0\fine-code-coverage\build-output\NUnitTests.deps.json" --port 50803 --endpoint 127.0.0.1:050803 --role client --parentprocessid 27448 --diag "C:\HCM\HcmMemberSearch\ProviderNUnitTests\bin\Debug\net6.0\fine-code-coverage\coverage-tool-output\diagnostics.host.22-12-15_17-12-50_55977_7.log" --tracelevel 4 --datacollectionport 50802 --telemetryoptedin false'
TpTrace Verbose: 0 : 27448, 7, 2022/12/15, 17:12:50.626, 1161526993198, vstest.console.dll, MulticastDelegateUtilities.SafeInvoke: HostProviderEvents.OnHostLaunched: Invoking callback 1/2 for Microsoft.VisualStudio.TestPlatform.CrossPlatEngine.Client.ProxyExecutionManagerWithDataCollection.TestHostLaunchedHandler, took 1 ms.
TpTrace Verbose: 0 : 27448, 7, 2022/12/15, 17:12:50.626, 1161526994861, vstest.console.dll, Test Runtime launched
TpTrace Verbose: 0 : 27448, 7, 2022/12/15, 17:12:50.627, 1161526995503, vstest.console.dll, MulticastDelegateUtilities.SafeInvoke: HostProviderEvents.OnHostLaunched: Invoking callback 2/2 for Microsoft.VisualStudio.TestPlatform.CrossPlatEngine.Client.ProxyOperationManager.TestHostManagerHostLaunched, took 0 ms.
TpTrace Verbose: 0 : 27448, 7, 2022/12/15, 17:12:50.627, 1161526997495, vstest.console.dll, TestRequestSender.WaitForRequestHandlerConnection: waiting for connection with timeout: 90000.
TpTrace Verbose: 0 : 27448, 7, 2022/12/15, 17:12:51.036, 1161531094654, vstest.console.dll, TestRequestSender.WaitForRequestHandlerConnection: waiting took 409 ms, with timeout 90000 ms, and result 0, which is success.
TpTrace Verbose: 0 : 27448, 13, 2022/12/15, 17:12:51.036, 1161531094653, vstest.console.dll, MulticastDelegateUtilities.SafeInvoke: SocketServer: ClientConnected: Invoking callback 1/1 for Microsoft.VisualStudio.TestPlatform.CommunicationUtilities.TestRequestSender.<InitializeCommunication>b__24_0, took 0 ms.
TpTrace Verbose: 0 : 27448, 13, 2022/12/15, 17:12:51.037, 1161531097402, vstest.console.dll, SocketServer.OnClientConnected: Client connected for endPoint: 127.0.0.1:50803, starting MessageLoopAsync:
TpTrace Verbose: 0 : 27448, 12, 2022/12/15, 17:12:51.037, 1161531102304, vstest.console.dll, TcpClientExtensions.MessageLoopAsync: Polling on remoteEndPoint: 127.0.0.1:50804 localEndPoint: 127.0.0.1:50803
TpTrace Verbose: 0 : 27448, 7, 2022/12/15, 17:12:51.038, 1161531110345, vstest.console.dll, TestRequestSender.CheckVersionWithTestHost: Sending check version message: {"MessageType":"ProtocolVersion","Payload":7}
TpTrace Verbose: 0 : 27448, 12, 2022/12/15, 17:12:51.236, 1161533087636, vstest.console.dll, TcpClientExtensions.MessageLoopAsync: NotifyDataAvailable remoteEndPoint: 127.0.0.1:50804 localEndPoint: 127.0.0.1:50803
TpTrace Verbose: 0 : 27448, 12, 2022/12/15, 17:12:51.236, 1161533090920, vstest.console.dll, TestRequestSender.CheckVersionWithTestHost: onMessageReceived received message: (ProtocolVersion) -> {"MessageType":"ProtocolVersion","Payload":7}
TpTrace Verbose: 0 : 27448, 12, 2022/12/15, 17:12:51.237, 1161533100909, vstest.console.dll, MulticastDelegateUtilities.SafeInvoke: LengthPrefixCommunicationChannel: MessageReceived: Invoking callback 1/1 for Microsoft.VisualStudio.TestPlatform.CommunicationUtilities.TestRequestSender+<>c__DisplayClass26_0.<CheckVersionWithTestHost>b__0, took 1 ms.
TpTrace Verbose: 0 : 27448, 7, 2022/12/15, 17:12:51.237, 1161533101969, vstest.console.dll, TestPluginCache.GetExtensionPaths: Filtered extension paths: 
TpTrace Verbose: 0 : 27448, 12, 2022/12/15, 17:12:51.237, 1161533102053, vstest.console.dll, TcpClientExtensions.MessageLoopAsync: Polling on remoteEndPoint: 127.0.0.1:50804 localEndPoint: 127.0.0.1:50803
TpTrace Verbose: 0 : 27448, 7, 2022/12/15, 17:12:51.237, 1161533102992, vstest.console.dll, TestPluginCache.GetExtensionPaths: Added default extension paths: C:\Program Files\dotnet\sdk\6.0.400\Extensions\Microsoft.Diagnostics.NETCore.Client.dll
C:\Program Files\dotnet\sdk\6.0.400\Extensions\Microsoft.TestPlatform.Extensions.BlameDataCollector.dll
C:\Program Files\dotnet\sdk\6.0.400\Extensions\Microsoft.TestPlatform.Extensions.EventLogCollector.dll
C:\Program Files\dotnet\sdk\6.0.400\Extensions\Microsoft.TestPlatform.TestHostRuntimeProvider.dll
C:\Program Files\dotnet\sdk\6.0.400\Extensions\Microsoft.VisualStudio.TestPlatform.Extensions.Html.TestLogger.dll
C:\Program Files\dotnet\sdk\6.0.400\Extensions\Microsoft.VisualStudio.TestPlatform.Extensions.Trx.TestLogger.dll
TpTrace Verbose: 0 : 27448, 7, 2022/12/15, 17:12:51.237, 1161533104287, vstest.console.dll, TestPluginCache.GetExtensionPaths: Added unfilterableExtensionPaths: 
TpTrace Verbose: 0 : 27448, 7, 2022/12/15, 17:12:51.243, 1161533162624, vstest.console.dll, TestRequestSender.InitializeExecution: Sending initialize execution with message: {"Version":7,"MessageType":"TestExecution.Initialize","Payload":["C:\\HCM\\HcmMemberSearch\\ProviderNUnitTests\\bin\\Debug\\net6.0\\fine-code-coverage\\build-output\\NUnit3.TestAdapter.dll"]}
TpTrace Warning: 0 : 27448, 7, 2022/12/15, 17:12:51.244, 1161533169749, vstest.console.dll, InferRunSettingsHelper.MakeRunsettingsCompatible: Removing the following settings: TargetPlatform from RunSettings file. To use those settings please move to latest version of Microsoft.NET.Test.Sdk
TpTrace Verbose: 0 : 27448, 12, 2022/12/15, 17:12:51.246, 1161533194074, vstest.console.dll, TcpClientExtensions.MessageLoopAsync: NotifyDataAvailable remoteEndPoint: 127.0.0.1:50804 localEndPoint: 127.0.0.1:50803
TpTrace Verbose: 0 : 27448, 12, 2022/12/15, 17:12:51.247, 1161533195704, vstest.console.dll, TestRequestSender.OnExecutionMessageReceived: Received message: {"Version":7,"MessageType":"TestSession.Message","Payload":{"MessageLevel":0,"Message":"Logging TestHost Diagnostics in file: C:\\HCM\\HcmMemberSearch\\ProviderNUnitTests\\bin\\Debug\\net6.0\\fine-code-coverage\\coverage-tool-output\\diagnostics.host.22-12-15_17-12-50_55977_7.log"}}
TpTrace Verbose: 0 : 27448, 12, 2022/12/15, 17:12:51.250, 1161533233846, vstest.console.dll, TestRunRequest:SendTestRunMessage: Starting.
TpTrace Verbose: 0 : 27448, 12, 2022/12/15, 17:12:51.250, 1161533235385, vstest.console.dll, MulticastDelegateUtilities.SafeInvoke: TestRun.LogMessages: Invoking callback 1/1 for Microsoft.VisualStudio.TestPlatform.CommandLine.TestRunResultAggregator.TestRunMessageHandler, took 0 ms.
TpTrace Information: 0 : 27448, 12, 2022/12/15, 17:12:51.251, 1161533236036, vstest.console.dll, TestRunRequest:SendTestRunMessage: Completed.
TpTrace Verbose: 0 : 27448, 4, 2022/12/15, 17:12:51.251, 1161533235726, vstest.console.dll, MulticastDelegateUtilities.SafeInvoke: InternalTestLoggerEvents.SendTestRunMessage: Invoking callback 1/1 for Microsoft.VisualStudio.TestPlatform.CommandLine.Internal.ConsoleLogger.TestMessageHandler, took 0 ms.
TpTrace Verbose: 0 : 27448, 12, 2022/12/15, 17:12:51.251, 1161533237005, vstest.console.dll, MulticastDelegateUtilities.SafeInvoke: LengthPrefixCommunicationChannel: MessageReceived: Invoking callback 1/1 for Microsoft.VisualStudio.TestPlatform.CommunicationUtilities.TestRequestSender+<>c__DisplayClass31_0.<StartTestRun>b__1, took 4 ms.
TpTrace Verbose: 0 : 27448, 12, 2022/12/15, 17:12:51.251, 1161533238564, vstest.console.dll, TcpClientExtensions.MessageLoopAsync: Polling on remoteEndPoint: 127.0.0.1:50804 localEndPoint: 127.0.0.1:50803
TpTrace Verbose: 0 : 27448, 7, 2022/12/15, 17:12:51.258, 1161533308129, vstest.console.dll, TestRequestSender.StartTestRun: Sending test run with message: {"Version":7,"MessageType":"TestExecution.StartWithSources","Payload":{"AdapterSourceMap":{"_none_":["C:\\HCM\\HcmMemberSearch\\ProviderNUnitTests\\bin\\Debug\\net6.0\\fine-code-coverage\\build-output\\NUnitTests.dll"]},"RunSettings":"<RunSettings>\r\n  <RunConfiguration>\r\n    <ResultsDirectory>C:\\HCM\\HcmMemberSearch\\ProviderNUnitTests\\bin\\Debug\\net6.0\\fine-code-coverage\\coverage-tool-output</ResultsDirectory>\r\n    <TargetFrameworkVersion>.NETCoreApp,Version=v6.0</TargetFrameworkVersion>\r\n    <DesignMode>False</DesignMode>\r\n    <CollectSourceInformation>False</CollectSourceInformation>\r\n  </RunConfiguration>\r\n  <LoggerRunSettings>\r\n    <Loggers>\r\n      <Logger friendlyName=\"blame\" enabled=\"True\" />\r\n      <Logger friendlyName=\"Console\" uri=\"logger://microsoft/TestPlatform/ConsoleLogger/v1\" assemblyQualifiedName=\"Microsoft.VisualStudio.TestPlatform.CommandLine.Internal.ConsoleLogger, vstest.console, Version=15.0.0.0, Culture=neutral, PublicKeyToken=b03f5f7f11d50a3a\" codeBase=\"C:\\Program Files\\dotnet\\sdk\\6.0.400\\vstest.console.dll\" enabled=\"True\" />\r\n    </Loggers>\r\n  </LoggerRunSettings>\r\n  <DataCollectionRunSettings>\r\n    <DataCollectors>\r\n      <DataCollector friendlyName=\"blame\" enabled=\"True\">\r\n        <Configuration>\r\n          <ResultsDirectory>C:\\HCM\\HcmMemberSearch\\ProviderNUnitTests\\bin\\Debug\\net6.0\\fine-code-coverage\\coverage-tool-output</ResultsDirectory>\r\n        </Configuration>\r\n      </DataCollector>\r\n    </DataCollectors>\r\n  </DataCollectionRunSettings>\r\n</RunSettings>","TestExecutionContext":{"FrequencyOfRunStatsChangeEvent":10,"RunStatsChangeEventTimeout":"00:00:01.5000000","InIsolation":false,"KeepAlive":false,"AreTestCaseLevelEventsRequired":false,"IsDebug":false,"TestCaseFilter":null,"FilterOptions":null},"Package":null}}
TpTrace Verbose: 0 : 27448, 12, 2022/12/15, 17:12:51.473, 1161535457428, vstest.console.dll, TcpClientExtensions.MessageLoopAsync: NotifyDataAvailable remoteEndPoint: 127.0.0.1:50804 localEndPoint: 127.0.0.1:50803
TpTrace Verbose: 0 : 27448, 12, 2022/12/15, 17:12:51.473, 1161535459016, vstest.console.dll, TestRequestSender.OnExecutionMessageReceived: Received message: {"Version":7,"MessageType":"TestSession.Message","Payload":{"MessageLevel":0,"Message":"NUnit Adapter 4.2.0.0: Test execution started"}}
TpTrace Verbose: 0 : 27448, 12, 2022/12/15, 17:12:51.473, 1161535461595, vstest.console.dll, TestRunRequest:SendTestRunMessage: Starting.
TpTrace Verbose: 0 : 27448, 12, 2022/12/15, 17:12:51.473, 1161535462452, vstest.console.dll, MulticastDelegateUtilities.SafeInvoke: TestRun.LogMessages: Invoking callback 1/1 for Microsoft.VisualStudio.TestPlatform.CommandLine.TestRunResultAggregator.TestRunMessageHandler, took 0 ms.
TpTrace Information: 0 : 27448, 12, 2022/12/15, 17:12:51.473, 1161535462808, vstest.console.dll, TestRunRequest:SendTestRunMessage: Completed.
TpTrace Verbose: 0 : 27448, 4, 2022/12/15, 17:12:51.473, 1161535462960, vstest.console.dll, MulticastDelegateUtilities.SafeInvoke: InternalTestLoggerEvents.SendTestRunMessage: Invoking callback 1/1 for Microsoft.VisualStudio.TestPlatform.CommandLine.Internal.ConsoleLogger.TestMessageHandler, took 0 ms.
TpTrace Verbose: 0 : 27448, 12, 2022/12/15, 17:12:51.473, 1161535463111, vstest.console.dll, MulticastDelegateUtilities.SafeInvoke: LengthPrefixCommunicationChannel: MessageReceived: Invoking callback 1/1 for Microsoft.VisualStudio.TestPlatform.CommunicationUtilities.TestRequestSender+<>c__DisplayClass31_0.<StartTestRun>b__1, took 0 ms.
TpTrace Verbose: 0 : 27448, 12, 2022/12/15, 17:12:51.473, 1161535464422, vstest.console.dll, TcpClientExtensions.MessageLoopAsync: Polling on remoteEndPoint: 127.0.0.1:50804 localEndPoint: 127.0.0.1:50803
TpTrace Verbose: 0 : 27448, 12, 2022/12/15, 17:12:51.520, 1161535931438, vstest.console.dll, TcpClientExtensions.MessageLoopAsync: NotifyDataAvailable remoteEndPoint: 127.0.0.1:50804 localEndPoint: 127.0.0.1:50803
TpTrace Verbose: 0 : 27448, 12, 2022/12/15, 17:12:51.520, 1161535933001, vstest.console.dll, TestRequestSender.OnExecutionMessageReceived: Received message: {"Version":7,"MessageType":"TestSession.Message","Payload":{"MessageLevel":0,"Message":"Running all tests in C:\\HCM\\HcmMemberSearch\\ProviderNUnitTests\\bin\\Debug\\net6.0\\fine-code-coverage\\build-output\\NUnitTests.dll"}}
TpTrace Verbose: 0 : 27448, 12, 2022/12/15, 17:12:51.520, 1161535934574, vstest.console.dll, TestRunRequest:SendTestRunMessage: Starting.
TpTrace Verbose: 0 : 27448, 12, 2022/12/15, 17:12:51.520, 1161535935381, vstest.console.dll, MulticastDelegateUtilities.SafeInvoke: TestRun.LogMessages: Invoking callback 1/1 for Microsoft.VisualStudio.TestPlatform.CommandLine.TestRunResultAggregator.TestRunMessageHandler, took 0 ms.
TpTrace Information: 0 : 27448, 12, 2022/12/15, 17:12:51.521, 1161535935800, vstest.console.dll, TestRunRequest:SendTestRunMessage: Completed.
TpTrace Verbose: 0 : 27448, 12, 2022/12/15, 17:12:51.521, 1161535936173, vstest.console.dll, MulticastDelegateUtilities.SafeInvoke: LengthPrefixCommunicationChannel: MessageReceived: Invoking callback 1/1 for Microsoft.VisualStudio.TestPlatform.CommunicationUtilities.TestRequestSender+<>c__DisplayClass31_0.<StartTestRun>b__1, took 0 ms.
TpTrace Verbose: 0 : 27448, 4, 2022/12/15, 17:12:51.521, 1161535935899, vstest.console.dll, MulticastDelegateUtilities.SafeInvoke: InternalTestLoggerEvents.SendTestRunMessage: Invoking callback 1/1 for Microsoft.VisualStudio.TestPlatform.CommandLine.Internal.ConsoleLogger.TestMessageHandler, took 0 ms.
TpTrace Verbose: 0 : 27448, 12, 2022/12/15, 17:12:51.521, 1161535936540, vstest.console.dll, TcpClientExtensions.MessageLoopAsync: Polling on remoteEndPoint: 127.0.0.1:50804 localEndPoint: 127.0.0.1:50803
TpTrace Verbose: 0 : 27448, 12, 2022/12/15, 17:12:51.723, 1161537962587, vstest.console.dll, TcpClientExtensions.MessageLoopAsync: NotifyDataAvailable remoteEndPoint: 127.0.0.1:50804 localEndPoint: 127.0.0.1:50803
TpTrace Verbose: 0 : 27448, 12, 2022/12/15, 17:12:51.723, 1161537964328, vstest.console.dll, TestRequestSender.OnExecutionMessageReceived: Received message: {"Version":7,"MessageType":"TestSession.Message","Payload":{"MessageLevel":0,"Message":"   NUnit3TestExecutor discovered 19 of 19 NUnit test cases using Current Discovery mode, Non-Explicit run"}}
TpTrace Verbose: 0 : 27448, 12, 2022/12/15, 17:12:51.724, 1161537965946, vstest.console.dll, TestRunRequest:SendTestRunMessage: Starting.
TpTrace Verbose: 0 : 27448, 12, 2022/12/15, 17:12:51.724, 1161537966708, vstest.console.dll, MulticastDelegateUtilities.SafeInvoke: TestRun.LogMessages: Invoking callback 1/1 for Microsoft.VisualStudio.TestPlatform.CommandLine.TestRunResultAggregator.TestRunMessageHandler, took 0 ms.
TpTrace Information: 0 : 27448, 12, 2022/12/15, 17:12:51.724, 1161537967133, vstest.console.dll, TestRunRequest:SendTestRunMessage: Completed.
TpTrace Verbose: 0 : 27448, 4, 2022/12/15, 17:12:51.724, 1161537967112, vstest.console.dll, MulticastDelegateUtilities.SafeInvoke: InternalTestLoggerEvents.SendTestRunMessage: Invoking callback 1/1 for Microsoft.VisualStudio.TestPlatform.CommandLine.Internal.ConsoleLogger.TestMessageHandler, took 0 ms.
TpTrace Verbose: 0 : 27448, 12, 2022/12/15, 17:12:51.724, 1161537967492, vstest.console.dll, MulticastDelegateUtilities.SafeInvoke: LengthPrefixCommunicationChannel: MessageReceived: Invoking callback 1/1 for Microsoft.VisualStudio.TestPlatform.CommunicationUtilities.TestRequestSender+<>c__DisplayClass31_0.<StartTestRun>b__1, took 0 ms.
TpTrace Verbose: 0 : 27448, 12, 2022/12/15, 17:12:51.724, 1161537968916, vstest.console.dll, TcpClientExtensions.MessageLoopAsync: Polling on remoteEndPoint: 127.0.0.1:50804 localEndPoint: 127.0.0.1:50803
TpTrace Verbose: 0 : 27448, 12, 2022/12/15, 17:12:52.037, 1161541102244, vstest.console.dll, TcpClientExtensions.MessageLoopAsync: NotifyDataAvailable remoteEndPoint: 127.0.0.1:50804 localEndPoint: 127.0.0.1:50803
TpTrace Verbose: 0 : 27448, 12, 2022/12/15, 17:12:52.038, 1161541106474, vstest.console.dll, TestRequestSender.OnExecutionMessageReceived: Received message: {"Version":7,"MessageType":"TestExecution.StatsChange","Payload":{"NewTestResults":[{"TestCase":{"Id":"3f4cda90-561b-e05b-e6d9-117e5663620d","FullyQualifiedName":"NUnitTests.ControllerNUnitTests.GetMember_InputClaimId_OutPutMembers(1)","DisplayName":"GetMember_InputClaimId_OutPutMembers(1)","ExecutorUri":"executor://NUnit3TestExecutor","Source":"C:\\HCM\\HcmMemberSearch\\ProviderNUnitTests\\bin\\Debug\\net6.0\\fine-code-coverage\\build-output\\NUnitTests.dll","CodeFilePath":null,"LineNumber":0,"Properties":[{"Key":{"Id":"NUnit.Seed","Label":"Seed","Category":"","Description":"","Attributes":0,"ValueType":"System.String"},"Value":"177458506"}]},"Attachments":[],"Outcome":1,"ErrorMessage":null,"ErrorStackTrace":null,"DisplayName":"GetMember_InputClaimId_OutPutMembers(1)","Messages":[],"ComputerName":"LTIN400320","Duration":"00:00:00.1653300","StartTime":"2022-12-15T11:42:51.7595278+00:00","EndTime":"2022-12-15T11:42:51.9247586+00:00","Properties":[{"Key":{"Id":"NUnit.Seed","Label":"Seed","Category":"","Description":"","Attributes":0,"ValueType":"System.String"},"Value":"177458506"}]},{"TestCase":{"Id":"305c9721-0135-41d7-c512-c6c9d31c76bc","FullyQualifiedName":"NUnitTests.ControllerNUnitTests.GetMember_InputClaimId_OutPutMembers(2)","DisplayName":"GetMember_InputClaimId_OutPutMembers(2)","ExecutorUri":"executor://NUnit3TestExecutor","Source":"C:\\HCM\\HcmMemberSearch\\ProviderNUnitTests\\bin\\Debug\\net6.0\\fine-code-coverage\\build-output\\NUnitTests.dll","CodeFilePath":null,"LineNumber":0,"Properties":[{"Key":{"Id":"NUnit.Seed","Label":"Seed","Category":"","Description":"","Attributes":0,"ValueType":"System.String"},"Value":"911510805"}]},"Attachments":[],"Outcome":1,"ErrorMessage":null,"ErrorStackTrace":null,"DisplayName":"GetMember_InputClaimId_OutPutMembers(2)","Messages":[],"ComputerName":"LTIN400320","Duration":"00:00:00.0015630","StartTime":"2022-12-15T11:42:51.9274071+00:00","EndTime":"2022-12-15T11:42:51.9289703+00:00","Properties":[{"Key":{"Id":"NUnit.Seed","Label":"Seed","Category":"","Description":"","Attributes":0,"ValueType":"System.String"},"Value":"911510805"}]},{"TestCase":{"Id":"fadafc6a-0286-7e23-19a2-581397a2347b","FullyQualifiedName":"NUnitTests.ControllerNUnitTests.GetMember_InputClaimId_OutputNotFound(3)","DisplayName":"GetMember_InputClaimId_OutputNotFound(3)","ExecutorUri":"executor://NUnit3TestExecutor","Source":"C:\\HCM\\HcmMemberSearch\\ProviderNUnitTests\\bin\\Debug\\net6.0\\fine-code-coverage\\build-output\\NUnitTests.dll","CodeFilePath":null,"LineNumber":0,"Properties":[{"Key":{"Id":"NUnit.Seed","Label":"Seed","Category":"","Description":"","Attributes":0,"ValueType":"System.String"},"Value":"2142010867"}]},"Attachments":[],"Outcome":1,"ErrorMessage":null,"ErrorStackTrace":null,"DisplayName":"GetMember_InputClaimId_OutputNotFound(3)","Messages":[],"ComputerName":"LTIN400320","Duration":"00:00:00.0223090","StartTime":"2022-12-15T11:42:51.9313536+00:00","EndTime":"2022-12-15T11:42:51.9536624+00:00","Properties":[{"Key":{"Id":"NUnit.Seed","Label":"Seed","Category":"","Description":"","Attributes":0,"ValueType":"System.String"},"Value":"2142010867"}]},{"TestCase":{"Id":"5b8dbcb0-23bd-514f-5e30-3e1a41727879","FullyQualifiedName":"NUnitTests.ControllerNUnitTests.GetMember_InputClaimId_OutputNotFound(4)","DisplayName":"GetMember_InputClaimId_OutputNotFound(4)","ExecutorUri":"executor://NUnit3TestExecutor","Source":"C:\\HCM\\HcmMemberSearch\\ProviderNUnitTests\\bin\\Debug\\net6.0\\fine-code-coverage\\build-output\\NUnitTests.dll","CodeFilePath":null,"LineNumber":0,"Properties":[{"Key":{"Id":"NUnit.Seed","Label":"Seed","Category":"","Description":"","Attributes":0,"ValueType":"System.String"},"Value":"12671075"}]},"Attachments":[],"Outcome":1,"ErrorMessage":null,"ErrorStackTrace":null,"DisplayName":"GetMember_InputClaimId_OutputNotFound(4)","Messages":[],"ComputerName":"LTIN400320","Duration":"00:00:00.0006579","StartTime":"2022-12-15T11:42:51.9537054+00:00","EndTime":"2022-12-15T11:42:51.9543635+00:00","Properties":[{"Key":{"Id":"NUnit.Seed","Label":"Seed","Category":"","Description":"","Attributes":0,"ValueType":"System.String"},"Value":"12671075"}]},{"TestCase":{"Id":"092e03ba-aa2b-38d4-c705-e9c2bf85cd58","FullyQualifiedName":"NUnitTests.ControllerNUnitTests.GetMember_InputFirstNameAndLastName_OutputMembers(\"Kapil\",\"Dadheech\")","DisplayName":"GetMember_InputFirstNameAndLastName_OutputMembers(\"Kapil\",\"Dadheech\")","ExecutorUri":"executor://NUnit3TestExecutor","Source":"C:\\HCM\\HcmMemberSearch\\ProviderNUnitTests\\bin\\Debug\\net6.0\\fine-code-coverage\\build-output\\NUnitTests.dll","CodeFilePath":null,"LineNumber":0,"Properties":[{"Key":{"Id":"NUnit.Seed","Label":"Seed","Category":"","Description":"","Attributes":0,"ValueType":"System.String"},"Value":"1873587249"}]},"Attachments":[],"Outcome":1,"ErrorMessage":null,"ErrorStackTrace":null,"DisplayName":"GetMember_InputFirstNameAndLastName_OutputMembers(\"Kapil\",\"Dadheech\")","Messages":[],"ComputerName":"LTIN400320","Duration":"00:00:00.0049240","StartTime":"2022-12-15T11:42:51.9544754+00:00","EndTime":"2022-12-15T11:42:51.9593991+00:00","Properties":[{"Key":{"Id":"NUnit.Seed","Label":"Seed","Category":"","Description":"","Attributes":0,"ValueType":"System.String"},"Value":"1873587249"}]},{"TestCase":{"Id":"dff75ac8-22c2-7208-bc39-a1545eeb70d8","FullyQualifiedName":"NUnitTests.ControllerNUnitTests.GetMember_InputFirstNameAndLastName_OutputMembers(\"Rohit\",\"Dadheech\")","DisplayName":"GetMember_InputFirstNameAndLastName_OutputMembers(\"Rohit\",\"Dadheech\")","ExecutorUri":"executor://NUnit3TestExecutor","Source":"C:\\HCM\\HcmMemberSearch\\ProviderNUnitTests\\bin\\Debug\\net6.0\\fine-code-coverage\\build-output\\NUnitTests.dll","CodeFilePath":null,"LineNumber":0,"Properties":[{"Key":{"Id":"NUnit.Seed","Label":"Seed","Category":"","Description":"","Attributes":0,"ValueType":"System.String"},"Value":"704870542"}]},"Attachments":[],"Outcome":1,"ErrorMessage":null,"ErrorStackTrace":null,"DisplayName":"GetMember_InputFirstNameAndLastName_OutputMembers(\"Rohit\",\"Dadheech\")","Messages":[],"ComputerName":"LTIN400320","Duration":"00:00:00.0003190","StartTime":"2022-12-15T11:42:51.9594211+00:00","EndTime":"2022-12-15T11:42:51.9597398+00:00","Properties":[{"Key":{"Id":"NUnit.Seed","Label":"Seed","Category":"","Description":"","Attributes":0,"ValueType":"System.String"},"Value":"704870542"}]},{"TestCase":{"Id":"b4f947c6-89cc-2755-950d-8bba3f44c6da","FullyQualifiedName":"NUnitTests.ControllerNUnitTests.GetMember_InputFirstNameAndLastName_OutputNotFound(\"Ranjhana\",\"Dadheech\")","DisplayName":"GetMember_InputFirstNameAndLastName_OutputNotFound(\"Ranjhana\",\"Dadheech\")","ExecutorUri":"executor://NUnit3TestExecutor","Source":"C:\\HCM\\HcmMemberSearch\\ProviderNUnitTests\\bin\\Debug\\net6.0\\fine-code-coverage\\build-output\\NUnitTests.dll","CodeFilePath":null,"LineNumber":0,"Properties":[{"Key":{"Id":"NUnit.Seed","Label":"Seed","Category":"","Description":"","Attributes":0,"ValueType":"System.String"},"Value":"839769060"}]},"Attachments":[],"Outcome":1,"ErrorMessage":null,"ErrorStackTrace":null,"DisplayName":"GetMember_InputFirstNameAndLastName_OutputNotFound(\"Ranjhana\",\"Dadheech\")","Messages":[],"ComputerName":"LTIN400320","Duration":"00:00:00.0013620","StartTime":"2022-12-15T11:42:51.9598071+00:00","EndTime":"2022-12-15T11:42:51.9611686+00:00","Properties":[{"Key":{"Id":"NUnit.Seed","Label":"Seed","Category":"","Description":"","Attributes":0,"ValueType":"System.String"},"Value":"839769060"}]},{"TestCase":{"Id":"768b6697-d246-e71e-9d05-8bf560a9288c","FullyQualifiedName":"NUnitTests.ControllerNUnitTests.GetMember_InputFirstNameAndLastName_OutputNotFound(\"Prahlad Rai\",\"Dadheech\")","DisplayName":"GetMember_InputFirstNameAndLastName_OutputNotFound(\"Prahlad Rai\",\"Dadheech\")","ExecutorUri":"executor://NUnit3TestExecutor","Source":"C:\\HCM\\HcmMemberSearch\\ProviderNUnitTests\\bin\\Debug\\net6.0\\fine-code-coverage\\build-output\\NUnitTests.dll","CodeFilePath":null,"LineNumber":0,"Properties":[{"Key":{"Id":"NUnit.Seed","Label":"Seed","Category":"","Description":"","Attributes":0,"ValueType":"System.String"},"Value":"725501100"}]},"Attachments":[],"Outcome":1,"ErrorMessage":null,"ErrorStackTrace":null,"DisplayName":"GetMember_InputFirstNameAndLastName_OutputNotFound(\"Prahlad Rai\",\"Dadheech\")","Messages":[],"ComputerName":"LTIN400320","Duration":"00:00:00.0002999","StartTime":"2022-12-15T11:42:51.9611853+00:00","EndTime":"2022-12-15T11:42:51.9614854+00:00","Properties":[{"Key":{"Id":"NUnit.Seed","Label":"Seed","Category":"","Description":"","Attributes":0,"ValueType":"System.String"},"Value":"725501100"}]},{"TestCase":{"Id":"3a09df2f-28fb-c6fe-cae1-17d1ccdaa56f","FullyQualifiedName":"NUnitTests.ControllerNUnitTests.GetMember_InputPhysicianName_OutputMembers(\"Patrick\")","DisplayName":"GetMember_InputPhysicianName_OutputMembers(\"Patrick\")","ExecutorUri":"executor://NUnit3TestExecutor","Source":"C:\\HCM\\HcmMemberSearch\\ProviderNUnitTests\\bin\\Debug\\net6.0\\fine-code-coverage\\build-output\\NUnitTests.dll","CodeFilePath":null,"LineNumber":0,"Properties":[{"Key":{"Id":"NUnit.Seed","Label":"Seed","Category":"","Description":"","Attributes":0,"ValueType":"System.String"},"Value":"298301099"}]},"Attachments":[],"Outcome":1,"ErrorMessage":null,"ErrorStackTrace":null,"DisplayName":"GetMember_InputPhysicianName_OutputMembers(\"Patrick\")","Messages":[],"ComputerName":"LTIN400320","Duration":"00:00:00.0027680","StartTime":"2022-12-15T11:42:51.9615353+00:00","EndTime":"2022-12-15T11:42:51.9643029+00:00","Properties":[{"Key":{"Id":"NUnit.Seed","Label":"Seed","Category":"","Description":"","Attributes":0,"ValueType":"System.String"},"Value":"298301099"}]}],"TestRunStatistics":{"ExecutedTests":9,"Stats":{"Passed":9}},"ActiveTests":[{"Id":"9f23d6a2-dda4-d40b-f137-5f13f67dff36","FullyQualifiedName":"NUnitTests.ControllerNUnitTests.GetMember_InputPhysicianName_OutputMembers(\"Jessica\")","DisplayName":"GetMember_InputPhysicianName_OutputMembers(\"Jessica\")","ExecutorUri":"executor://NUnit3TestExecutor","Source":"C:\\HCM\\HcmMemberSearch\\ProviderNUnitTests\\bin\\Debug\\net6.0\\fine-code-coverage\\build-output\\NUnitTests.dll","CodeFilePath":null,"LineNumber":0,"Properties":[{"Key":{"Id":"NUnit.Seed","Label":"Seed","Category":"","Description":"","Attributes":0,"ValueType":"System.String"},"Value":"1746821586"}]}]}}
TpTrace Verbose: 0 : 27448, 12, 2022/12/15, 17:12:52.072, 1161541453466, vstest.console.dll, TestRunRequest:SendTestRunStatsChange: Starting.
TpTrace Verbose: 0 : 27448, 12, 2022/12/15, 17:12:52.072, 1161541455318, vstest.console.dll, InProgress is GetMember_InputPhysicianName_OutputMembers("Jessica")
TpTrace Verbose: 0 : 27448, 12, 2022/12/15, 17:12:52.073, 1161541457675, vstest.console.dll, MulticastDelegateUtilities.SafeInvoke: TestRun.RunStatsChanged: Invoking callbacks was skipped because there are no subscribers.
TpTrace Information: 0 : 27448, 12, 2022/12/15, 17:12:52.073, 1161541458095, vstest.console.dll, TestRunRequest:SendTestRunStatsChange: Completed.
TpTrace Verbose: 0 : 27448, 12, 2022/12/15, 17:12:52.073, 1161541458424, vstest.console.dll, MulticastDelegateUtilities.SafeInvoke: LengthPrefixCommunicationChannel: MessageReceived: Invoking callback 1/1 for Microsoft.VisualStudio.TestPlatform.CommunicationUtilities.TestRequestSender+<>c__DisplayClass31_0.<StartTestRun>b__1, took 35 ms.
TpTrace Verbose: 0 : 27448, 12, 2022/12/15, 17:12:52.073, 1161541458784, vstest.console.dll, TcpClientExtensions.MessageLoopAsync: Polling on remoteEndPoint: 127.0.0.1:50804 localEndPoint: 127.0.0.1:50803
TpTrace Verbose: 0 : 27448, 4, 2022/12/15, 17:12:52.077, 1161541505048, vstest.console.dll, MulticastDelegateUtilities.SafeInvoke: InternalTestLoggerEvents.SendTestResult: Invoking callback 1/1 for Microsoft.VisualStudio.TestPlatform.CommandLine.Internal.ConsoleLogger.TestResultHandler, took 4 ms.
TpTrace Verbose: 0 : 27448, 4, 2022/12/15, 17:12:52.078, 1161541506251, vstest.console.dll, MulticastDelegateUtilities.SafeInvoke: InternalTestLoggerEvents.SendTestResult: Invoking callback 1/1 for Microsoft.VisualStudio.TestPlatform.CommandLine.Internal.ConsoleLogger.TestResultHandler, took 0 ms.
TpTrace Verbose: 0 : 27448, 4, 2022/12/15, 17:12:52.078, 1161541506810, vstest.console.dll, MulticastDelegateUtilities.SafeInvoke: InternalTestLoggerEvents.SendTestResult: Invoking callback 1/1 for Microsoft.VisualStudio.TestPlatform.CommandLine.Internal.ConsoleLogger.TestResultHandler, took 0 ms.
TpTrace Verbose: 0 : 27448, 4, 2022/12/15, 17:12:52.078, 1161541507293, vstest.console.dll, MulticastDelegateUtilities.SafeInvoke: InternalTestLoggerEvents.SendTestResult: Invoking callback 1/1 for Microsoft.VisualStudio.TestPlatform.CommandLine.Internal.ConsoleLogger.TestResultHandler, took 0 ms.
TpTrace Verbose: 0 : 27448, 4, 2022/12/15, 17:12:52.078, 1161541507661, vstest.console.dll, MulticastDelegateUtilities.SafeInvoke: InternalTestLoggerEvents.SendTestResult: Invoking callback 1/1 for Microsoft.VisualStudio.TestPlatform.CommandLine.Internal.ConsoleLogger.TestResultHandler, took 0 ms.
TpTrace Verbose: 0 : 27448, 4, 2022/12/15, 17:12:52.078, 1161541508070, vstest.console.dll, MulticastDelegateUtilities.SafeInvoke: InternalTestLoggerEvents.SendTestResult: Invoking callback 1/1 for Microsoft.VisualStudio.TestPlatform.CommandLine.Internal.ConsoleLogger.TestResultHandler, took 0 ms.
TpTrace Verbose: 0 : 27448, 4, 2022/12/15, 17:12:52.078, 1161541508417, vstest.console.dll, MulticastDelegateUtilities.SafeInvoke: InternalTestLoggerEvents.SendTestResult: Invoking callback 1/1 for Microsoft.VisualStudio.TestPlatform.CommandLine.Internal.ConsoleLogger.TestResultHandler, took 0 ms.
TpTrace Verbose: 0 : 27448, 4, 2022/12/15, 17:12:52.078, 1161541508816, vstest.console.dll, MulticastDelegateUtilities.SafeInvoke: InternalTestLoggerEvents.SendTestResult: Invoking callback 1/1 for Microsoft.VisualStudio.TestPlatform.CommandLine.Internal.ConsoleLogger.TestResultHandler, took 0 ms.
TpTrace Verbose: 0 : 27448, 4, 2022/12/15, 17:12:52.078, 1161541509185, vstest.console.dll, MulticastDelegateUtilities.SafeInvoke: InternalTestLoggerEvents.SendTestResult: Invoking callback 1/1 for Microsoft.VisualStudio.TestPlatform.CommandLine.Internal.ConsoleLogger.TestResultHandler, took 0 ms.
TpTrace Verbose: 0 : 27448, 12, 2022/12/15, 17:12:53.074, 1161551469155, vstest.console.dll, TcpClientExtensions.MessageLoopAsync: Polling on remoteEndPoint: 127.0.0.1:50804 localEndPoint: 127.0.0.1:50803
TpTrace Verbose: 0 : 27448, 12, 2022/12/15, 17:12:53.547, 1161556195466, vstest.console.dll, TcpClientExtensions.MessageLoopAsync: NotifyDataAvailable remoteEndPoint: 127.0.0.1:50804 localEndPoint: 127.0.0.1:50803
TpTrace Verbose: 0 : 27448, 12, 2022/12/15, 17:12:53.547, 1161556199197, vstest.console.dll, TestRequestSender.OnExecutionMessageReceived: Received message: {"Version":7,"MessageType":"TestExecution.StatsChange","Payload":{"NewTestResults":[{"TestCase":{"Id":"9f23d6a2-dda4-d40b-f137-5f13f67dff36","FullyQualifiedName":"NUnitTests.ControllerNUnitTests.GetMember_InputPhysicianName_OutputMembers(\"Jessica\")","DisplayName":"GetMember_InputPhysicianName_OutputMembers(\"Jessica\")","ExecutorUri":"executor://NUnit3TestExecutor","Source":"C:\\HCM\\HcmMemberSearch\\ProviderNUnitTests\\bin\\Debug\\net6.0\\fine-code-coverage\\build-output\\NUnitTests.dll","CodeFilePath":null,"LineNumber":0,"Properties":[{"Key":{"Id":"NUnit.Seed","Label":"Seed","Category":"","Description":"","Attributes":0,"ValueType":"System.String"},"Value":"1746821586"}]},"Attachments":[],"Outcome":1,"ErrorMessage":null,"ErrorStackTrace":null,"DisplayName":"GetMember_InputPhysicianName_OutputMembers(\"Jessica\")","Messages":[],"ComputerName":"LTIN400320","Duration":"00:00:00.0001710","StartTime":"2022-12-15T11:42:51.9643177+00:00","EndTime":"2022-12-15T11:42:51.9644887+00:00","Properties":[{"Key":{"Id":"NUnit.Seed","Label":"Seed","Category":"","Description":"","Attributes":0,"ValueType":"System.String"},"Value":"1746821586"}]},{"TestCase":{"Id":"67d586db-e84d-f762-320b-848beec2888f","FullyQualifiedName":"NUnitTests.ControllerNUnitTests.GetMemberById_InputInvalidId_ReturnsNotFound(5)","DisplayName":"GetMemberById_InputInvalidId_ReturnsNotFound(5)","ExecutorUri":"executor://NUnit3TestExecutor","Source":"C:\\HCM\\HcmMemberSearch\\ProviderNUnitTests\\bin\\Debug\\net6.0\\fine-code-coverage\\build-output\\NUnitTests.dll","CodeFilePath":null,"LineNumber":0,"Properties":[{"Key":{"Id":"NUnit.Seed","Label":"Seed","Category":"","Description":"","Attributes":0,"ValueType":"System.String"},"Value":"1183450585"}]},"Attachments":[],"Outcome":1,"ErrorMessage":null,"ErrorStackTrace":null,"DisplayName":"GetMemberById_InputInvalidId_ReturnsNotFound(5)","Messages":[],"ComputerName":"LTIN400320","Duration":"00:00:00.0027610","StartTime":"2022-12-15T11:42:51.9645246+00:00","EndTime":"2022-12-15T11:42:51.9672858+00:00","Properties":[{"Key":{"Id":"NUnit.Seed","Label":"Seed","Category":"","Description":"","Attributes":0,"ValueType":"System.String"},"Value":"1183450585"}]},{"TestCase":{"Id":"ec68692f-55e2-1830-7c78-64fc4d88d2db","FullyQualifiedName":"NUnitTests.ControllerNUnitTests.GetMemberById_InputInvalidId_ReturnsNotFound(6)","DisplayName":"GetMemberById_InputInvalidId_ReturnsNotFound(6)","ExecutorUri":"executor://NUnit3TestExecutor","Source":"C:\\HCM\\HcmMemberSearch\\ProviderNUnitTests\\bin\\Debug\\net6.0\\fine-code-coverage\\build-output\\NUnitTests.dll","CodeFilePath":null,"LineNumber":0,"Properties":[{"Key":{"Id":"NUnit.Seed","Label":"Seed","Category":"","Description":"","Attributes":0,"ValueType":"System.String"},"Value":"1687714766"}]},"Attachments":[],"Outcome":1,"ErrorMessage":null,"ErrorStackTrace":null,"DisplayName":"GetMemberById_InputInvalidId_ReturnsNotFound(6)","Messages":[],"ComputerName":"LTIN400320","Duration":"00:00:00.0003089","StartTime":"2022-12-15T11:42:51.9673026+00:00","EndTime":"2022-12-15T11:42:51.9676118+00:00","Properties":[{"Key":{"Id":"NUnit.Seed","Label":"Seed","Category":"","Description":"","Attributes":0,"ValueType":"System.String"},"Value":"1687714766"}]},{"TestCase":{"Id":"b186d9de-39e0-a670-0773-4d7c8d28951a","FullyQualifiedName":"NUnitTests.ControllerNUnitTests.GetMemberById_InputMemberId_ReturnMember(2)","DisplayName":"GetMemberById_InputMemberId_ReturnMember(2)","ExecutorUri":"executor://NUnit3TestExecutor","Source":"C:\\HCM\\HcmMemberSearch\\ProviderNUnitTests\\bin\\Debug\\net6.0\\fine-code-coverage\\build-output\\NUnitTests.dll","CodeFilePath":null,"LineNumber":0,"Properties":[{"Key":{"Id":"NUnit.Seed","Label":"Seed","Category":"","Description":"","Attributes":0,"ValueType":"System.String"},"Value":"1909927846"}]},"Attachments":[],"Outcome":1,"ErrorMessage":null,"ErrorStackTrace":null,"DisplayName":"GetMemberById_InputMemberId_ReturnMember(2)","Messages":[],"ComputerName":"LTIN400320","Duration":"00:00:00.0012530","StartTime":"2022-12-15T11:42:51.9676792+00:00","EndTime":"2022-12-15T11:42:51.9689318+00:00","Properties":[{"Key":{"Id":"NUnit.Seed","Label":"Seed","Category":"","Description":"","Attributes":0,"ValueType":"System.String"},"Value":"1909927846"}]},{"TestCase":{"Id":"3bd38489-933a-40ec-0de2-155cbb004bc8","FullyQualifiedName":"NUnitTests.ControllerNUnitTests.GetMemberById_InputMemberId_ReturnMember(3)","DisplayName":"GetMemberById_InputMemberId_ReturnMember(3)","ExecutorUri":"executor://NUnit3TestExecutor","Source":"C:\\HCM\\HcmMemberSearch\\ProviderNUnitTests\\bin\\Debug\\net6.0\\fine-code-coverage\\build-output\\NUnitTests.dll","CodeFilePath":null,"LineNumber":0,"Properties":[{"Key":{"Id":"NUnit.Seed","Label":"Seed","Category":"","Description":"","Attributes":0,"ValueType":"System.String"},"Value":"1106190015"}]},"Attachments":[],"Outcome":1,"ErrorMessage":null,"ErrorStackTrace":null,"DisplayName":"GetMemberById_InputMemberId_ReturnMember(3)","Messages":[],"ComputerName":"LTIN400320","Duration":"00:00:00.0001560","StartTime":"2022-12-15T11:42:51.968946+00:00","EndTime":"2022-12-15T11:42:51.969102+00:00","Properties":[{"Key":{"Id":"NUnit.Seed","Label":"Seed","Category":"","Description":"","Attributes":0,"ValueType":"System.String"},"Value":"1106190015"}]},{"TestCase":{"Id":"a4b02ded-8cd9-5aa6-3c17-fa66f30e7aca","FullyQualifiedName":"NUnitTests.ControllerNUnitTests.GetMembers_InputPhysicianName_OutputNotFound(\"Patric\")","DisplayName":"GetMembers_InputPhysicianName_OutputNotFound(\"Patric\")","ExecutorUri":"executor://NUnit3TestExecutor","Source":"C:\\HCM\\HcmMemberSearch\\ProviderNUnitTests\\bin\\Debug\\net6.0\\fine-code-coverage\\build-output\\NUnitTests.dll","CodeFilePath":null,"LineNumber":0,"Properties":[{"Key":{"Id":"NUnit.Seed","Label":"Seed","Category":"","Description":"","Attributes":0,"ValueType":"System.String"},"Value":"612103454"}]},"Attachments":[],"Outcome":1,"ErrorMessage":null,"ErrorStackTrace":null,"DisplayName":"GetMembers_InputPhysicianName_OutputNotFound(\"Patric\")","Messages":[],"ComputerName":"LTIN400320","Duration":"00:00:00.0012060","StartTime":"2022-12-15T11:42:51.9691381+00:00","EndTime":"2022-12-15T11:42:51.9703438+00:00","Properties":[{"Key":{"Id":"NUnit.Seed","Label":"Seed","Category":"","Description":"","Attributes":0,"ValueType":"System.String"},"Value":"612103454"}]},{"TestCase":{"Id":"d821effb-f0de-fe26-dd3f-18078b0cf5c3","FullyQualifiedName":"NUnitTests.ControllerNUnitTests.GetMembers_InputPhysicianName_OutputNotFound(\"Jessic\")","DisplayName":"GetMembers_InputPhysicianName_OutputNotFound(\"Jessic\")","ExecutorUri":"executor://NUnit3TestExecutor","Source":"C:\\HCM\\HcmMemberSearch\\ProviderNUnitTests\\bin\\Debug\\net6.0\\fine-code-coverage\\build-output\\NUnitTests.dll","CodeFilePath":null,"LineNumber":0,"Properties":[{"Key":{"Id":"NUnit.Seed","Label":"Seed","Category":"","Description":"","Attributes":0,"ValueType":"System.String"},"Value":"958154552"}]},"Attachments":[],"Outcome":1,"ErrorMessage":null,"ErrorStackTrace":null,"DisplayName":"GetMembers_InputPhysicianName_OutputNotFound(\"Jessic\")","Messages":[],"ComputerName":"LTIN400320","Duration":"00:00:00.0002490","StartTime":"2022-12-15T11:42:51.9703632+00:00","EndTime":"2022-12-15T11:42:51.9706122+00:00","Properties":[{"Key":{"Id":"NUnit.Seed","Label":"Seed","Category":"","Description":"","Attributes":0,"ValueType":"System.String"},"Value":"958154552"}]}],"TestRunStatistics":{"ExecutedTests":16,"Stats":{"Passed":16}},"ActiveTests":[{"Id":"9c6994d8-ab96-4758-8d91-341b9b6294ab","FullyQualifiedName":"NUnitTests.ProviderNUnitTest.GetClaims_OutputCount","DisplayName":"GetClaims_OutputCount","ExecutorUri":"executor://NUnit3TestExecutor","Source":"C:\\HCM\\HcmMemberSearch\\ProviderNUnitTests\\bin\\Debug\\net6.0\\fine-code-coverage\\build-output\\NUnitTests.dll","CodeFilePath":null,"LineNumber":0,"Properties":[{"Key":{"Id":"NUnit.Seed","Label":"Seed","Category":"","Description":"","Attributes":0,"ValueType":"System.String"},"Value":"2134257396"}]}]}}
TpTrace Verbose: 0 : 27448, 12, 2022/12/15, 17:12:53.548, 1161556213888, vstest.console.dll, TestRunRequest:SendTestRunStatsChange: Starting.
TpTrace Verbose: 0 : 27448, 12, 2022/12/15, 17:12:53.548, 1161556214733, vstest.console.dll, InProgress is GetClaims_OutputCount
TpTrace Verbose: 0 : 27448, 12, 2022/12/15, 17:12:53.549, 1161556215436, vstest.console.dll, MulticastDelegateUtilities.SafeInvoke: TestRun.RunStatsChanged: Invoking callbacks was skipped because there are no subscribers.
TpTrace Information: 0 : 27448, 12, 2022/12/15, 17:12:53.549, 1161556215863, vstest.console.dll, TestRunRequest:SendTestRunStatsChange: Completed.
TpTrace Verbose: 0 : 27448, 12, 2022/12/15, 17:12:53.549, 1161556216356, vstest.console.dll, MulticastDelegateUtilities.SafeInvoke: LengthPrefixCommunicationChannel: MessageReceived: Invoking callback 1/1 for Microsoft.VisualStudio.TestPlatform.CommunicationUtilities.TestRequestSender+<>c__DisplayClass31_0.<StartTestRun>b__1, took 1 ms.
TpTrace Verbose: 0 : 27448, 12, 2022/12/15, 17:12:53.549, 1161556216755, vstest.console.dll, TcpClientExtensions.MessageLoopAsync: Polling on remoteEndPoint: 127.0.0.1:50804 localEndPoint: 127.0.0.1:50803
TpTrace Verbose: 0 : 27448, 4, 2022/12/15, 17:12:53.551, 1161556241132, vstest.console.dll, MulticastDelegateUtilities.SafeInvoke: InternalTestLoggerEvents.SendTestResult: Invoking callback 1/1 for Microsoft.VisualStudio.TestPlatform.CommandLine.Internal.ConsoleLogger.TestResultHandler, took 2 ms.
TpTrace Verbose: 0 : 27448, 4, 2022/12/15, 17:12:53.551, 1161556242016, vstest.console.dll, MulticastDelegateUtilities.SafeInvoke: InternalTestLoggerEvents.SendTestResult: Invoking callback 1/1 for Microsoft.VisualStudio.TestPlatform.CommandLine.Internal.ConsoleLogger.TestResultHandler, took 0 ms.
TpTrace Verbose: 0 : 27448, 4, 2022/12/15, 17:12:53.551, 1161556242671, vstest.console.dll, MulticastDelegateUtilities.SafeInvoke: InternalTestLoggerEvents.SendTestResult: Invoking callback 1/1 for Microsoft.VisualStudio.TestPlatform.CommandLine.Internal.ConsoleLogger.TestResultHandler, took 0 ms.
TpTrace Verbose: 0 : 27448, 4, 2022/12/15, 17:12:53.551, 1161556243204, vstest.console.dll, MulticastDelegateUtilities.SafeInvoke: InternalTestLoggerEvents.SendTestResult: Invoking callback 1/1 for Microsoft.VisualStudio.TestPlatform.CommandLine.Internal.ConsoleLogger.TestResultHandler, took 0 ms.
TpTrace Verbose: 0 : 27448, 4, 2022/12/15, 17:12:53.551, 1161556243565, vstest.console.dll, MulticastDelegateUtilities.SafeInvoke: InternalTestLoggerEvents.SendTestResult: Invoking callback 1/1 for Microsoft.VisualStudio.TestPlatform.CommandLine.Internal.ConsoleLogger.TestResultHandler, took 0 ms.
TpTrace Verbose: 0 : 27448, 4, 2022/12/15, 17:12:53.551, 1161556243989, vstest.console.dll, MulticastDelegateUtilities.SafeInvoke: InternalTestLoggerEvents.SendTestResult: Invoking callback 1/1 for Microsoft.VisualStudio.TestPlatform.CommandLine.Internal.ConsoleLogger.TestResultHandler, took 0 ms.
TpTrace Verbose: 0 : 27448, 4, 2022/12/15, 17:12:53.551, 1161556244601, vstest.console.dll, MulticastDelegateUtilities.SafeInvoke: InternalTestLoggerEvents.SendTestResult: Invoking callback 1/1 for Microsoft.VisualStudio.TestPlatform.CommandLine.Internal.ConsoleLogger.TestResultHandler, took 0 ms.
TpTrace Verbose: 0 : 27448, 12, 2022/12/15, 17:12:54.556, 1161566292469, vstest.console.dll, TcpClientExtensions.MessageLoopAsync: Polling on remoteEndPoint: 127.0.0.1:50804 localEndPoint: 127.0.0.1:50803
TpTrace Verbose: 0 : 27448, 12, 2022/12/15, 17:12:55.568, 1161576415189, vstest.console.dll, TcpClientExtensions.MessageLoopAsync: Polling on remoteEndPoint: 127.0.0.1:50804 localEndPoint: 127.0.0.1:50803
TpTrace Verbose: 0 : 27448, 12, 2022/12/15, 17:12:56.278, 1161583514978, vstest.console.dll, TcpClientExtensions.MessageLoopAsync: NotifyDataAvailable remoteEndPoint: 127.0.0.1:50804 localEndPoint: 127.0.0.1:50803
TpTrace Verbose: 0 : 27448, 12, 2022/12/15, 17:12:56.279, 1161583518594, vstest.console.dll, TestRequestSender.OnExecutionMessageReceived: Received message: {"Version":7,"MessageType":"TestExecution.StatsChange","Payload":{"NewTestResults":[{"TestCase":{"Id":"9c6994d8-ab96-4758-8d91-341b9b6294ab","FullyQualifiedName":"NUnitTests.ProviderNUnitTest.GetClaims_OutputCount","DisplayName":"GetClaims_OutputCount","ExecutorUri":"executor://NUnit3TestExecutor","Source":"C:\\HCM\\HcmMemberSearch\\ProviderNUnitTests\\bin\\Debug\\net6.0\\fine-code-coverage\\build-output\\NUnitTests.dll","CodeFilePath":null,"LineNumber":0,"Properties":[{"Key":{"Id":"NUnit.Seed","Label":"Seed","Category":"","Description":"","Attributes":0,"ValueType":"System.String"},"Value":"2134257396"}]},"Attachments":[],"Outcome":2,"ErrorMessage":"System.Net.Http.HttpRequestException : No connection could be made because the target machine actively refused it. (localhost:44316)\r\n  ----> System.Net.Sockets.SocketException : No connection could be made because the target machine actively refused it.","ErrorStackTrace":"   at System.Net.Http.HttpConnectionPool.ConnectToTcpHostAsync(String host, Int32 port, HttpRequestMessage initialRequest, Boolean async, CancellationToken cancellationToken)\r\n   at System.Net.Http.HttpConnectionPool.ConnectAsync(HttpRequestMessage request, Boolean async, CancellationToken cancellationToken)\r\n   at System.Net.Http.HttpConnectionPool.CreateHttp11ConnectionAsync(HttpRequestMessage request, Boolean async, CancellationToken cancellationToken)\r\n   at System.Net.Http.HttpConnectionPool.AddHttp11ConnectionAsync(HttpRequestMessage request)\r\n   at System.Threading.Tasks.TaskCompletionSourceWithCancellation`1.WaitWithCancellationAsync(CancellationToken cancellationToken)\r\n   at System.Net.Http.HttpConnectionPool.GetHttp11ConnectionAsync(HttpRequestMessage request, Boolean async, CancellationToken cancellationToken)\r\n   at System.Net.Http.HttpConnectionPool.SendWithVersionDetectionAndRetryAsync(HttpRequestMessage request, Boolean async, Boolean doRequestAuth, CancellationToken cancellationToken)\r\n   at System.Net.Http.RedirectHandler.SendAsync(HttpRequestMessage request, Boolean async, CancellationToken cancellationToken)\r\n   at System.Net.Http.HttpClient.<SendAsync>g__Core|83_0(HttpRequestMessage request, HttpCompletionOption completionOption, CancellationTokenSource cts, Boolean disposeCts, CancellationTokenSource pendingRequestsCts, CancellationToken originalCancellationToken)\r\n   at HcmMemberSearch.Provider.Claims.GetClaims() in C:\\HCM\\HcmMemberSearch\\HcmMemberSearch\\Provider\\Claims.cs:line 23\r\n   at NUnitTests.ProviderNUnitTest.GetClaims_OutputCount() in C:\\HCM\\HcmMemberSearch\\ProviderNUnitTests\\ProviderNUnitTest.cs:line 50\r\n   at NUnit.Framework.Internal.TaskAwaitAdapter.GenericAdapter`1.BlockUntilCompleted()\r\n   at NUnit.Framework.Internal.MessagePumpStrategy.NoMessagePumpStrategy.WaitForCompletion(AwaitAdapter awaiter)\r\n   at NUnit.Framework.Internal.AsyncToSyncAdapter.Await(Func`1 invoke)\r\n   at NUnit.Framework.Internal.Commands.TestMethodCommand.RunTestMethod(TestExecutionContext context)\r\n   at NUnit.Framework.Internal.Commands.TestMethodCommand.Execute(TestExecutionContext context)\r\n   at NUnit.Framework.Internal.Commands.BeforeAndAfterTestCommand.<>c__DisplayClass1_0.<Execute>b__0()\r\n   at NUnit.Framework.Internal.Commands.DelegatingTestCommand.RunTestMethodInThreadAbortSafeZone(TestExecutionContext context, Action action)\r\n--SocketException\r\n   at System.Net.Sockets.Socket.AwaitableSocketAsyncEventArgs.ThrowException(SocketError error, CancellationToken cancellationToken)\r\n   at System.Net.Sockets.Socket.AwaitableSocketAsyncEventArgs.System.Threading.Tasks.Sources.IValueTaskSource.GetResult(Int16 token)\r\n   at System.Net.Sockets.Socket.<ConnectAsync>g__WaitForConnectWithCancellation|277_0(AwaitableSocketAsyncEventArgs saea, ValueTask connectTask, CancellationToken cancellationToken)\r\n   at System.Net.Http.HttpConnectionPool.ConnectToTcpHostAsync(String host, Int32 port, HttpRequestMessage initialRequest, Boolean async, CancellationToken cancellationToken)","DisplayName":"GetClaims_OutputCount","Messages":[],"ComputerName":"LTIN400320","Duration":"00:00:04.2880779","StartTime":"2022-12-15T11:42:51.9718326+00:00","EndTime":"2022-12-15T11:42:56.25991+00:00","Properties":[{"Key":{"Id":"NUnit.Seed","Label":"Seed","Category":"","Description":"","Attributes":0,"ValueType":"System.String"},"Value":"2134257396"}]}],"TestRunStatistics":{"ExecutedTests":17,"Stats":{"Passed":16,"Failed":1}},"ActiveTests":[{"Id":"2edbfb57-3ba4-9b0a-3d74-153ebaf78009","FullyQualifiedName":"NUnitTests.ProviderNUnitTest.GetMembers_OuputCount","DisplayName":"GetMembers_OuputCount","ExecutorUri":"executor://NUnit3TestExecutor","Source":"C:\\HCM\\HcmMemberSearch\\ProviderNUnitTests\\bin\\Debug\\net6.0\\fine-code-coverage\\build-output\\NUnitTests.dll","CodeFilePath":null,"LineNumber":0,"Properties":[{"Key":{"Id":"NUnit.Seed","Label":"Seed","Category":"","Description":"","Attributes":0,"ValueType":"System.String"},"Value":"1132774731"}]}]}}
TpTrace Verbose: 0 : 27448, 12, 2022/12/15, 17:12:56.280, 1161583527800, vstest.console.dll, TestRunRequest:SendTestRunStatsChange: Starting.
TpTrace Verbose: 0 : 27448, 12, 2022/12/15, 17:12:56.280, 1161583528485, vstest.console.dll, InProgress is GetMembers_OuputCount
TpTrace Verbose: 0 : 27448, 12, 2022/12/15, 17:12:56.280, 1161583529131, vstest.console.dll, MulticastDelegateUtilities.SafeInvoke: TestRun.RunStatsChanged: Invoking callbacks was skipped because there are no subscribers.
TpTrace Information: 0 : 27448, 12, 2022/12/15, 17:12:56.280, 1161583529659, vstest.console.dll, TestRunRequest:SendTestRunStatsChange: Completed.
TpTrace Verbose: 0 : 27448, 12, 2022/12/15, 17:12:56.280, 1161583530067, vstest.console.dll, MulticastDelegateUtilities.SafeInvoke: LengthPrefixCommunicationChannel: MessageReceived: Invoking callback 1/1 for Microsoft.VisualStudio.TestPlatform.CommunicationUtilities.TestRequestSender+<>c__DisplayClass31_0.<StartTestRun>b__1, took 1 ms.
TpTrace Verbose: 0 : 27448, 12, 2022/12/15, 17:12:56.280, 1161583530523, vstest.console.dll, TcpClientExtensions.MessageLoopAsync: Polling on remoteEndPoint: 127.0.0.1:50804 localEndPoint: 127.0.0.1:50803
TpTrace Verbose: 0 : 27448, 4, 2022/12/15, 17:12:56.281, 1161583545141, vstest.console.dll, MulticastDelegateUtilities.SafeInvoke: InternalTestLoggerEvents.SendTestResult: Invoking callback 1/1 for Microsoft.VisualStudio.TestPlatform.CommandLine.Internal.ConsoleLogger.TestResultHandler, took 1 ms.
TpTrace Verbose: 0 : 27448, 12, 2022/12/15, 17:12:57.281, 1161593542523, vstest.console.dll, TcpClientExtensions.MessageLoopAsync: Polling on remoteEndPoint: 127.0.0.1:50804 localEndPoint: 127.0.0.1:50803
TpTrace Verbose: 0 : 27448, 12, 2022/12/15, 17:12:58.290, 1161603631295, vstest.console.dll, TcpClientExtensions.MessageLoopAsync: Polling on remoteEndPoint: 127.0.0.1:50804 localEndPoint: 127.0.0.1:50803
TpTrace Verbose: 0 : 27448, 12, 2022/12/15, 17:12:59.292, 1161613647907, vstest.console.dll, TcpClientExtensions.MessageLoopAsync: Polling on remoteEndPoint: 127.0.0.1:50804 localEndPoint: 127.0.0.1:50803
TpTrace Verbose: 0 : 27448, 12, 2022/12/15, 17:13:00.303, 1161623757952, vstest.console.dll, TcpClientExtensions.MessageLoopAsync: Polling on remoteEndPoint: 127.0.0.1:50804 localEndPoint: 127.0.0.1:50803
TpTrace Verbose: 0 : 27448, 12, 2022/12/15, 17:13:00.360, 1161624331726, vstest.console.dll, TcpClientExtensions.MessageLoopAsync: NotifyDataAvailable remoteEndPoint: 127.0.0.1:50804 localEndPoint: 127.0.0.1:50803
TpTrace Verbose: 0 : 27448, 12, 2022/12/15, 17:13:00.360, 1161624334834, vstest.console.dll, TestRequestSender.OnExecutionMessageReceived: Received message: {"Version":7,"MessageType":"TestExecution.StatsChange","Payload":{"NewTestResults":[{"TestCase":{"Id":"2edbfb57-3ba4-9b0a-3d74-153ebaf78009","FullyQualifiedName":"NUnitTests.ProviderNUnitTest.GetMembers_OuputCount","DisplayName":"GetMembers_OuputCount","ExecutorUri":"executor://NUnit3TestExecutor","Source":"C:\\HCM\\HcmMemberSearch\\ProviderNUnitTests\\bin\\Debug\\net6.0\\fine-code-coverage\\build-output\\NUnitTests.dll","CodeFilePath":null,"LineNumber":0,"Properties":[{"Key":{"Id":"NUnit.Seed","Label":"Seed","Category":"","Description":"","Attributes":0,"ValueType":"System.String"},"Value":"1132774731"}]},"Attachments":[],"Outcome":2,"ErrorMessage":"System.Net.Http.HttpRequestException : No connection could be made because the target machine actively refused it. (localhost:44335)\r\n  ----> System.Net.Sockets.SocketException : No connection could be made because the target machine actively refused it.","ErrorStackTrace":"   at System.Net.Http.HttpConnectionPool.ConnectToTcpHostAsync(String host, Int32 port, HttpRequestMessage initialRequest, Boolean async, CancellationToken cancellationToken)\r\n   at System.Net.Http.HttpConnectionPool.ConnectAsync(HttpRequestMessage request, Boolean async, CancellationToken cancellationToken)\r\n   at System.Net.Http.HttpConnectionPool.CreateHttp11ConnectionAsync(HttpRequestMessage request, Boolean async, CancellationToken cancellationToken)\r\n   at System.Net.Http.HttpConnectionPool.AddHttp11ConnectionAsync(HttpRequestMessage request)\r\n   at System.Threading.Tasks.TaskCompletionSourceWithCancellation`1.WaitWithCancellationAsync(CancellationToken cancellationToken)\r\n   at System.Net.Http.HttpConnectionPool.GetHttp11ConnectionAsync(HttpRequestMessage request, Boolean async, CancellationToken cancellationToken)\r\n   at System.Net.Http.HttpConnectionPool.SendWithVersionDetectionAndRetryAsync(HttpRequestMessage request, Boolean async, Boolean doRequestAuth, CancellationToken cancellationToken)\r\n   at System.Net.Http.RedirectHandler.SendAsync(HttpRequestMessage request, Boolean async, CancellationToken cancellationToken)\r\n   at System.Net.Http.HttpClient.<SendAsync>g__Core|83_0(HttpRequestMessage request, HttpCompletionOption completionOption, CancellationTokenSource cts, Boolean disposeCts, CancellationTokenSource pendingRequestsCts, CancellationToken originalCancellationToken)\r\n   at HcmMemberSearch.Provider.Members.GetMembersAsync() in C:\\HCM\\HcmMemberSearch\\HcmMemberSearch\\Provider\\Members.cs:line 22\r\n   at NUnitTests.ProviderNUnitTest.GetMembers_OuputCount() in C:\\HCM\\HcmMemberSearch\\ProviderNUnitTests\\ProviderNUnitTest.cs:line 43\r\n   at NUnit.Framework.Internal.TaskAwaitAdapter.GenericAdapter`1.BlockUntilCompleted()\r\n   at NUnit.Framework.Internal.MessagePumpStrategy.NoMessagePumpStrategy.WaitForCompletion(AwaitAdapter awaiter)\r\n   at NUnit.Framework.Internal.AsyncToSyncAdapter.Await(Func`1 invoke)\r\n   at NUnit.Framework.Internal.Commands.TestMethodCommand.RunTestMethod(TestExecutionContext context)\r\n   at NUnit.Framework.Internal.Commands.TestMethodCommand.Execute(TestExecutionContext context)\r\n   at NUnit.Framework.Internal.Commands.BeforeAndAfterTestCommand.<>c__DisplayClass1_0.<Execute>b__0()\r\n   at NUnit.Framework.Internal.Commands.DelegatingTestCommand.RunTestMethodInThreadAbortSafeZone(TestExecutionContext context, Action action)\r\n--SocketException\r\n   at System.Net.Sockets.Socket.AwaitableSocketAsyncEventArgs.ThrowException(SocketError error, CancellationToken cancellationToken)\r\n   at System.Net.Sockets.Socket.AwaitableSocketAsyncEventArgs.System.Threading.Tasks.Sources.IValueTaskSource.GetResult(Int16 token)\r\n   at System.Net.Sockets.Socket.<ConnectAsync>g__WaitForConnectWithCancellation|277_0(AwaitableSocketAsyncEventArgs saea, ValueTask connectTask, CancellationToken cancellationToken)\r\n   at System.Net.Http.HttpConnectionPool.ConnectToTcpHostAsync(String host, Int32 port, HttpRequestMessage initialRequest, Boolean async, CancellationToken cancellationToken)","DisplayName":"GetMembers_OuputCount","Messages":[],"ComputerName":"LTIN400320","Duration":"00:00:04.0957100","StartTime":"2022-12-15T11:42:56.2601645+00:00","EndTime":"2022-12-15T11:43:00.3558724+00:00","Properties":[{"Key":{"Id":"NUnit.Seed","Label":"Seed","Category":"","Description":"","Attributes":0,"ValueType":"System.String"},"Value":"1132774731"}]}],"TestRunStatistics":{"ExecutedTests":18,"Stats":{"Passed":16,"Failed":2}},"ActiveTests":[{"Id":"b9c88b77-9e81-7772-edd0-25ac30346d20","FullyQualifiedName":"NUnitTests.ProviderNUnitTest.GetPhysicians_OutputPhysicians","DisplayName":"GetPhysicians_OutputPhysicians","ExecutorUri":"executor://NUnit3TestExecutor","Source":"C:\\HCM\\HcmMemberSearch\\ProviderNUnitTests\\bin\\Debug\\net6.0\\fine-code-coverage\\build-output\\NUnitTests.dll","CodeFilePath":null,"LineNumber":0,"Properties":[{"Key":{"Id":"NUnit.Seed","Label":"Seed","Category":"","Description":"","Attributes":0,"ValueType":"System.String"},"Value":"411299218"}]}]}}
TpTrace Verbose: 0 : 27448, 12, 2022/12/15, 17:13:00.361, 1161624341497, vstest.console.dll, TestRunRequest:SendTestRunStatsChange: Starting.
TpTrace Verbose: 0 : 27448, 12, 2022/12/15, 17:13:00.361, 1161624342115, vstest.console.dll, InProgress is GetPhysicians_OutputPhysicians
TpTrace Verbose: 0 : 27448, 12, 2022/12/15, 17:13:00.361, 1161624342677, vstest.console.dll, MulticastDelegateUtilities.SafeInvoke: TestRun.RunStatsChanged: Invoking callbacks was skipped because there are no subscribers.
TpTrace Information: 0 : 27448, 12, 2022/12/15, 17:13:00.361, 1161624343101, vstest.console.dll, TestRunRequest:SendTestRunStatsChange: Completed.
TpTrace Verbose: 0 : 27448, 12, 2022/12/15, 17:13:00.361, 1161624343505, vstest.console.dll, MulticastDelegateUtilities.SafeInvoke: LengthPrefixCommunicationChannel: MessageReceived: Invoking callback 1/1 for Microsoft.VisualStudio.TestPlatform.CommunicationUtilities.TestRequestSender+<>c__DisplayClass31_0.<StartTestRun>b__1, took 0 ms.
TpTrace Verbose: 0 : 27448, 12, 2022/12/15, 17:13:00.361, 1161624344003, vstest.console.dll, TcpClientExtensions.MessageLoopAsync: Polling on remoteEndPoint: 127.0.0.1:50804 localEndPoint: 127.0.0.1:50803
TpTrace Verbose: 0 : 27448, 4, 2022/12/15, 17:13:00.362, 1161624347115, vstest.console.dll, MulticastDelegateUtilities.SafeInvoke: InternalTestLoggerEvents.SendTestResult: Invoking callback 1/1 for Microsoft.VisualStudio.TestPlatform.CommandLine.Internal.ConsoleLogger.TestResultHandler, took 0 ms.
TpTrace Verbose: 0 : 27448, 12, 2022/12/15, 17:13:01.365, 1161634380121, vstest.console.dll, TcpClientExtensions.MessageLoopAsync: Polling on remoteEndPoint: 127.0.0.1:50804 localEndPoint: 127.0.0.1:50803
TpTrace Verbose: 0 : 27448, 12, 2022/12/15, 17:13:02.376, 1161644489976, vstest.console.dll, TcpClientExtensions.MessageLoopAsync: Polling on remoteEndPoint: 127.0.0.1:50804 localEndPoint: 127.0.0.1:50803
TpTrace Verbose: 0 : 27448, 12, 2022/12/15, 17:13:03.380, 1161654534233, vstest.console.dll, TcpClientExtensions.MessageLoopAsync: Polling on remoteEndPoint: 127.0.0.1:50804 localEndPoint: 127.0.0.1:50803
TpTrace Verbose: 0 : 27448, 12, 2022/12/15, 17:13:04.392, 1161664645827, vstest.console.dll, TcpClientExtensions.MessageLoopAsync: Polling on remoteEndPoint: 127.0.0.1:50804 localEndPoint: 127.0.0.1:50803
TpTrace Verbose: 0 : 27448, 12, 2022/12/15, 17:13:04.442, 1161665150627, vstest.console.dll, TcpClientExtensions.MessageLoopAsync: NotifyDataAvailable remoteEndPoint: 127.0.0.1:50804 localEndPoint: 127.0.0.1:50803
TpTrace Verbose: 0 : 27448, 12, 2022/12/15, 17:13:04.442, 1161665152776, vstest.console.dll, TestRequestSender.OnExecutionMessageReceived: Received message: {"Version":7,"MessageType":"TestSession.Message","Payload":{"MessageLevel":0,"Message":"NUnit Adapter 4.2.0.0: Test execution complete"}}
TpTrace Verbose: 0 : 27448, 12, 2022/12/15, 17:13:04.443, 1161665156394, vstest.console.dll, TestRunRequest:SendTestRunMessage: Starting.
TpTrace Verbose: 0 : 27448, 12, 2022/12/15, 17:13:04.443, 1161665157500, vstest.console.dll, MulticastDelegateUtilities.SafeInvoke: TestRun.LogMessages: Invoking callback 1/1 for Microsoft.VisualStudio.TestPlatform.CommandLine.TestRunResultAggregator.TestRunMessageHandler, took 0 ms.
TpTrace Information: 0 : 27448, 12, 2022/12/15, 17:13:04.443, 1161665158034, vstest.console.dll, TestRunRequest:SendTestRunMessage: Completed.
TpTrace Verbose: 0 : 27448, 4, 2022/12/15, 17:13:04.443, 1161665158137, vstest.console.dll, MulticastDelegateUtilities.SafeInvoke: InternalTestLoggerEvents.SendTestRunMessage: Invoking callback 1/1 for Microsoft.VisualStudio.TestPlatform.CommandLine.Internal.ConsoleLogger.TestMessageHandler, took 0 ms.
TpTrace Verbose: 0 : 27448, 12, 2022/12/15, 17:13:04.443, 1161665158608, vstest.console.dll, MulticastDelegateUtilities.SafeInvoke: LengthPrefixCommunicationChannel: MessageReceived: Invoking callback 1/1 for Microsoft.VisualStudio.TestPlatform.CommunicationUtilities.TestRequestSender+<>c__DisplayClass31_0.<StartTestRun>b__1, took 0 ms.
TpTrace Verbose: 0 : 27448, 12, 2022/12/15, 17:13:04.443, 1161665159862, vstest.console.dll, TcpClientExtensions.MessageLoopAsync: Polling on remoteEndPoint: 127.0.0.1:50804 localEndPoint: 127.0.0.1:50803
TpTrace Verbose: 0 : 27448, 12, 2022/12/15, 17:13:04.475, 1161665481879, vstest.console.dll, TcpClientExtensions.MessageLoopAsync: NotifyDataAvailable remoteEndPoint: 127.0.0.1:50804 localEndPoint: 127.0.0.1:50803
TpTrace Verbose: 0 : 27448, 12, 2022/12/15, 17:13:04.475, 1161665484908, vstest.console.dll, TestRequestSender.OnExecutionMessageReceived: Received message: {"Version":7,"MessageType":"TestExecution.Completed","Payload":{"TestRunCompleteArgs":{"TestRunStatistics":{"ExecutedTests":19,"Stats":{"Passed":16,"Failed":3}},"IsCanceled":false,"IsAborted":false,"Error":null,"AttachmentSets":[],"InvokedDataCollectors":[],"ElapsedTimeInRunningTests":"00:00:12.9993414","Metrics":{},"DiscoveredExtensions":{"TestDiscoverers":["NUnit.VisualStudio.TestAdapter.NUnit3TestDiscoverer, NUnit3.TestAdapter, Version=4.2.0.0, Culture=neutral, PublicKeyToken=4cb40d35494691ac"],"TestExecutors":["executor://NUnit3TestExecutor"],"TestExecutors2":[],"TestSettingsProviders":[]}},"LastRunTests":{"NewTestResults":[{"TestCase":{"Id":"b9c88b77-9e81-7772-edd0-25ac30346d20","FullyQualifiedName":"NUnitTests.ProviderNUnitTest.GetPhysicians_OutputPhysicians","DisplayName":"GetPhysicians_OutputPhysicians","ExecutorUri":"executor://NUnit3TestExecutor","Source":"C:\\HCM\\HcmMemberSearch\\ProviderNUnitTests\\bin\\Debug\\net6.0\\fine-code-coverage\\build-output\\NUnitTests.dll","CodeFilePath":null,"LineNumber":0,"Properties":[{"Key":{"Id":"NUnit.Seed","Label":"Seed","Category":"","Description":"","Attributes":0,"ValueType":"System.String"},"Value":"411299218"}]},"Attachments":[],"Outcome":2,"ErrorMessage":"System.Net.Http.HttpRequestException : No connection could be made because the target machine actively refused it. (localhost:44335)\r\n  ----> System.Net.Sockets.SocketException : No connection could be made because the target machine actively refused it.","ErrorStackTrace":"   at System.Net.Http.HttpConnectionPool.ConnectToTcpHostAsync(String host, Int32 port, HttpRequestMessage initialRequest, Boolean async, CancellationToken cancellationToken)\r\n   at System.Net.Http.HttpConnectionPool.ConnectAsync(HttpRequestMessage request, Boolean async, CancellationToken cancellationToken)\r\n   at System.Net.Http.HttpConnectionPool.CreateHttp11ConnectionAsync(HttpRequestMessage request, Boolean async, CancellationToken cancellationToken)\r\n   at System.Net.Http.HttpConnectionPool.AddHttp11ConnectionAsync(HttpRequestMessage request)\r\n   at System.Threading.Tasks.TaskCompletionSourceWithCancellation`1.WaitWithCancellationAsync(CancellationToken cancellationToken)\r\n   at System.Net.Http.HttpConnectionPool.GetHttp11ConnectionAsync(HttpRequestMessage request, Boolean async, CancellationToken cancellationToken)\r\n   at System.Net.Http.HttpConnectionPool.SendWithVersionDetectionAndRetryAsync(HttpRequestMessage request, Boolean async, Boolean doRequestAuth, CancellationToken cancellationToken)\r\n   at System.Net.Http.RedirectHandler.SendAsync(HttpRequestMessage request, Boolean async, CancellationToken cancellationToken)\r\n   at System.Net.Http.HttpClient.<SendAsync>g__Core|83_0(HttpRequestMessage request, HttpCompletionOption completionOption, CancellationTokenSource cts, Boolean disposeCts, CancellationTokenSource pendingRequestsCts, CancellationToken originalCancellationToken)\r\n   at HcmMemberSearch.Provider.Physicians.GetPhysicians() in C:\\HCM\\HcmMemberSearch\\HcmMemberSearch\\Provider\\Physicians.cs:line 23\r\n   at NUnitTests.ProviderNUnitTest.GetPhysicians_OutputPhysicians() in C:\\HCM\\HcmMemberSearch\\ProviderNUnitTests\\ProviderNUnitTest.cs:line 56\r\n   at NUnit.Framework.Internal.TaskAwaitAdapter.GenericAdapter`1.BlockUntilCompleted()\r\n   at NUnit.Framework.Internal.MessagePumpStrategy.NoMessagePumpStrategy.WaitForCompletion(AwaitAdapter awaiter)\r\n   at NUnit.Framework.Internal.AsyncToSyncAdapter.Await(Func`1 invoke)\r\n   at NUnit.Framework.Internal.Commands.TestMethodCommand.RunTestMethod(TestExecutionContext context)\r\n   at NUnit.Framework.Internal.Commands.TestMethodCommand.Execute(TestExecutionContext context)\r\n   at NUnit.Framework.Internal.Commands.BeforeAndAfterTestCommand.<>c__DisplayClass1_0.<Execute>b__0()\r\n   at NUnit.Framework.Internal.Commands.DelegatingTestCommand.RunTestMethodInThreadAbortSafeZone(TestExecutionContext context, Action action)\r\n--SocketException\r\n   at System.Net.Sockets.Socket.AwaitableSocketAsyncEventArgs.ThrowException(SocketError error, CancellationToken cancellationToken)\r\n   at System.Net.Sockets.Socket.AwaitableSocketAsyncEventArgs.System.Threading.Tasks.Sources.IValueTaskSource.GetResult(Int16 token)\r\n   at System.Net.Sockets.Socket.<ConnectAsync>g__WaitForConnectWithCancellation|277_0(AwaitableSocketAsyncEventArgs saea, ValueTask connectTask, CancellationToken cancellationToken)\r\n   at System.Net.Http.HttpConnectionPool.ConnectToTcpHostAsync(String host, Int32 port, HttpRequestMessage initialRequest, Boolean async, CancellationToken cancellationToken)","DisplayName":"GetPhysicians_OutputPhysicians","Messages":[],"ComputerName":"LTIN400320","Duration":"00:00:04.0719990","StartTime":"2022-12-15T11:43:00.3559391+00:00","EndTime":"2022-12-15T11:43:04.4279375+00:00","Properties":[{"Key":{"Id":"NUnit.Seed","Label":"Seed","Category":"","Description":"","Attributes":0,"ValueType":"System.String"},"Value":"411299218"}]}],"TestRunStatistics":{"ExecutedTests":19,"Stats":{"Passed":16,"Failed":3}},"ActiveTests":[]},"RunAttachments":[],"ExecutorUris":["executor://nunit3testexecutor/"]}}
TpTrace Verbose: 0 : 27448, 12, 2022/12/15, 17:13:04.476, 1161665486972, vstest.console.dll, TestRequestSender.EndSession: Sending end session.
TpTrace Verbose: 0 : 27448, 12, 2022/12/15, 17:13:04.476, 1161665490024, vstest.console.dll, ProxyOperationManager.Close: waiting for test host to exit for 100 ms
TpTrace Warning: 0 : 27448, 12, 2022/12/15, 17:13:04.580, 1161666527548, vstest.console.dll, ProxyOperationManager: Timed out waiting for test host to exit. Will terminate process.
TpTrace Information: 0 : 27448, 12, 2022/12/15, 17:13:04.580, 1161666530402, vstest.console.dll, SocketServer.Stop: Stop server endPoint: 127.0.0.1:50803
TpTrace Information: 0 : 27448, 12, 2022/12/15, 17:13:04.580, 1161666530814, vstest.console.dll, SocketServer.Stop: Cancellation requested. Stopping message loop.
TpTrace Information: 0 : 27448, 12, 2022/12/15, 17:13:04.580, 1161666532803, vstest.console.dll, Closing the connection
TpTrace Verbose: 0 : 27448, 12, 2022/12/15, 17:13:04.582, 1161666553856, vstest.console.dll, ProxyDataCollectionManager.InvokeDataCollectionServiceAction: Starting.
TpTrace Information: 0 : 27448, 12, 2022/12/15, 17:13:04.582, 1161666554684, vstest.console.dll, ProxyDataCollectionManager.AfterTestRunEnd: Get attachment set and invoked data collectors processId: 29388 port: 50800
TpTrace Verbose: 0 : 27448, 12, 2022/12/15, 17:13:04.583, 1161666555720, vstest.console.dll, DataCollectionRequestSender.SendAfterTestRunStartAndGetResult: Send AfterTestRunEnd message with isCancelled: False
TpTrace Verbose: 0 : 27448, 12, 2022/12/15, 17:13:04.594, 1161666668792, vstest.console.dll, DataCollectionRequestSender.SendAfterTestRunStartAndGetResult: Received message: (DataCollection.AfterTestRunEndResult) -> {"MessageType":"DataCollection.AfterTestRunEndResult","Payload":{"AttachmentSets":[],"InvokedDataCollectors":[{"Uri":"datacollector://Microsoft/TestPlatform/Extensions/Blame/v1","FriendlyName":"Blame","AssemblyQualifiedName":"Microsoft.TestPlatform.Extensions.BlameDataCollector.BlameCollector, Microsoft.TestPlatform.Extensions.BlameDataCollector, Version=15.0.0.0, Culture=neutral, PublicKeyToken=b03f5f7f11d50a3a","FilePath":"C:\\Program Files\\dotnet\\sdk\\6.0.400\\Extensions\\Microsoft.TestPlatform.Extensions.BlameDataCollector.dll","HasAttachmentProcessor":false}],"Metrics":{}}}
TpTrace Information: 0 : 27448, 12, 2022/12/15, 17:13:04.601, 1161666740887, vstest.console.dll, ProxyDataCollectionManager.InvokeDataCollectionServiceAction: Completed.
TpTrace Warning: 0 : 27448, 9, 2022/12/15, 17:13:04.604, 1161666773183, vstest.console.dll, DataCollectionLauncher.ErrorReceivedCallback datacollector standard error line: 
TpTrace Information: 0 : 27448, 10, 2022/12/15, 17:13:04.614, 1161666868810, vstest.console.dll, DataCollectionLauncher.ExitCallBack: Data collector exited with exitcode: 0 error: ''
TpTrace Verbose: 0 : 27448, 12, 2022/12/15, 17:13:04.664, 1161667368407, vstest.console.dll, TestRunRequest:SendTestRunStatsChange: Starting.
TpTrace Verbose: 0 : 27448, 12, 2022/12/15, 17:13:04.664, 1161667370165, vstest.console.dll, MulticastDelegateUtilities.SafeInvoke: TestRun.RunStatsChanged: Invoking callbacks was skipped because there are no subscribers.
TpTrace Information: 0 : 27448, 12, 2022/12/15, 17:13:04.664, 1161667370478, vstest.console.dll, TestRunRequest:SendTestRunStatsChange: Completed.
TpTrace Verbose: 0 : 27448, 4, 2022/12/15, 17:13:04.664, 1161667374318, vstest.console.dll, MulticastDelegateUtilities.SafeInvoke: InternalTestLoggerEvents.SendTestResult: Invoking callback 1/1 for Microsoft.VisualStudio.TestPlatform.CommandLine.Internal.ConsoleLogger.TestResultHandler, took 0 ms.
TpTrace Verbose: 0 : 27448, 12, 2022/12/15, 17:13:04.664, 1161667375032, vstest.console.dll, ParallelProxyExecutionManager: HandlePartialRunComplete: Total completed clients = 1, Run complete = True, Run canceled: False.
TpTrace Verbose: 0 : 27448, 4, 2022/12/15, 17:13:04.673, 1161667463104, vstest.console.dll, MulticastDelegateUtilities.SafeInvoke: InternalTestLoggerEvents.SendTestRunComplete: Invoking callback 1/2 for Microsoft.TestPlatform.Extensions.BlameDataCollector.BlameLogger.TestRunCompleteHandler, took 0 ms.
TpTrace Verbose: 0 : 27448, 4, 2022/12/15, 17:13:04.681, 1161667535604, vstest.console.dll, MulticastDelegateUtilities.SafeInvoke: InternalTestLoggerEvents.SendTestRunComplete: Invoking callback 2/2 for Microsoft.VisualStudio.TestPlatform.CommandLine.Internal.ConsoleLogger.TestRunCompleteHandler, took 7 ms.
TpTrace Verbose: 0 : 27448, 12, 2022/12/15, 17:13:04.681, 1161667539674, vstest.console.dll, TestRunRequest:TestRunComplete: Starting. IsAborted:False IsCanceled:False.
TpTrace Verbose: 0 : 27448, 12, 2022/12/15, 17:13:04.682, 1161667553813, vstest.console.dll, TestLoggerManager.HandleTestRunComplete: Ignoring as the object is disposed.
TpTrace Verbose: 0 : 27448, 12, 2022/12/15, 17:13:04.683, 1161667555868, vstest.console.dll, MulticastDelegateUtilities.SafeInvoke: TestRun.TestRunComplete: Invoking callback 1/2 for Microsoft.VisualStudio.TestPlatform.CommandLine.TestRunResultAggregator.TestRunCompletionHandler, took 0 ms.
TpTrace Verbose: 0 : 27448, 12, 2022/12/15, 17:13:04.683, 1161667556720, vstest.console.dll, MulticastDelegateUtilities.SafeInvoke: TestRun.TestRunComplete: Invoking callback 2/2 for Microsoft.VisualStudio.TestPlatform.CommandLine.Processors.RunTestsArgumentExecutor+TestRunRequestEventsRegistrar.TestRunRequest_OnRunCompletion, took 0 ms.
TpTrace Information: 0 : 27448, 12, 2022/12/15, 17:13:04.683, 1161667558014, vstest.console.dll, TestRunRequest:TestRunComplete: Completed.
TpTrace Verbose: 0 : 27448, 12, 2022/12/15, 17:13:04.683, 1161667558444, vstest.console.dll, TestRequestSender.SetOperationComplete: Setting operation complete.
TpTrace Information: 0 : 27448, 12, 2022/12/15, 17:13:04.683, 1161667559954, vstest.console.dll, SocketServer.Stop: Stop server endPoint: 127.0.0.1:50803
TpTrace Information: 0 : 27448, 12, 2022/12/15, 17:13:04.683, 1161667560330, vstest.console.dll, SocketServer.Stop: Cancellation requested. Stopping message loop.
TpTrace Verbose: 0 : 27448, 1, 2022/12/15, 17:13:04.683, 1161667558513, vstest.console.dll, TestRunRequest.Dispose: Starting.
TpTrace Verbose: 0 : 27448, 12, 2022/12/15, 17:13:04.683, 1161667560942, vstest.console.dll, MulticastDelegateUtilities.SafeInvoke: LengthPrefixCommunicationChannel: MessageReceived: Invoking callback 1/1 for Microsoft.VisualStudio.TestPlatform.CommunicationUtilities.TestRequestSender+<>c__DisplayClass31_0.<StartTestRun>b__1, took 207 ms.
TpTrace Information: 0 : 27448, 1, 2022/12/15, 17:13:04.683, 1161667561926, vstest.console.dll, TestRunRequest.Dispose: Completed.
TpTrace Information: 0 : 27448, 12, 2022/12/15, 17:13:04.683, 1161667562331, vstest.console.dll, SocketServer.PrivateStop: Stopping server endPoint: 127.0.0.1:50803 error: 
TpTrace Information: 0 : 27448, 1, 2022/12/15, 17:13:04.683, 1161667562889, vstest.console.dll, TestRequestManager.RunTests: run tests completed.
TpTrace Information: 0 : 27448, 1, 2022/12/15, 17:13:04.683, 1161667563970, vstest.console.dll, RunTestsArgumentProcessor:Execute: Test run is completed.
TpTrace Verbose: 0 : 27448, 1, 2022/12/15, 17:13:04.684, 1161667566761, vstest.console.dll, Executor.Execute: Exiting with exit code of 1
TpTrace Verbose: 0 : 27448, 12, 2022/12/15, 17:13:04.684, 1161667569473, vstest.console.dll, LengthPrefixCommunicationChannel.Dispose: Dispose reader and writer.
TpTrace Information: 0 : 27448, 12, 2022/12/15, 17:13:04.684, 1161667570370, vstest.console.dll, SocketServer.Stop: Raise disconnected event endPoint: 127.0.0.1:50803 error: 
TpTrace Verbose: 0 : 27448, 12, 2022/12/15, 17:13:04.684, 1161667570955, vstest.console.dll, TestRequestSender: OnTestRunAbort: Operation is already complete. Skip error message.
TpTrace Verbose: 0 : 27448, 12, 2022/12/15, 17:13:04.684, 1161667571292, vstest.console.dll, MulticastDelegateUtilities.SafeInvoke: SocketServer: ClientDisconnected: Invoking callback 1/1 for Microsoft.VisualStudio.TestPlatform.CommunicationUtilities.TestRequestSender.<InitializeCommunication>b__24_1, took 0 ms.
TpTrace Verbose: 0 : 27448, 12, 2022/12/15, 17:13:04.684, 1161667571724, vstest.console.dll, TcpClientExtensions.MessageLoopAsync: exiting MessageLoopAsync remoteEndPoint: 127.0.0.1:50804 localEndPoint: 127.0.0.1:50803
